#
# There is insufficient memory for the Java Runtime Environment to continue.
# Native memory allocation (malloc) failed to allocate 1931696 bytes for Chunk::new
# Possible reasons:
#   The system is out of physical RAM or swap space
#   The process is running with CompressedOops enabled, and the Java Heap may be blocking the growth of the native heap
# Possible solutions:
#   Reduce memory load on the system
#   Increase physical memory or swap space
#   Check if swap backing store is full
#   Decrease Java heap size (-Xmx/-Xms)
#   Decrease number of Java threads
#   Decrease Java thread stack sizes (-Xss)
#   Set larger code cache with -XX:ReservedCodeCacheSize=
#   JVM is running with Unscaled Compressed Oops mode in which the Java heap is
#     placed in the first 4GB address space. The Java Heap base address is the
#     maximum limit for the native heap growth. Please use -XX:HeapBaseMinAddress
#     to set the Java Heap base and to place the Java Heap above 4GB virtual address.
# This output file may be truncated or incomplete.
#
#  Out of Memory Error (./src/hotspot/share/memory/arena.cpp:197), pid=15192, tid=14292
#
# JRE version: OpenJDK Runtime Environment (11.0.11+9) (build 11.0.11+9-b60-7590822)
# Java VM: OpenJDK 64-Bit Server VM (11.0.11+9-b60-7590822, mixed mode, tiered, compressed oops, g1 gc, windows-amd64)
# No core dump will be written. Minidumps are not enabled by default on client versions of Windows
#

---------------  S U M M A R Y ------------

Command Line: --add-opens=java.base/java.util=ALL-UNNAMED --add-opens=java.base/java.lang=ALL-UNNAMED --add-opens=java.base/java.lang.invoke=ALL-UNNAMED --add-opens=java.base/java.util=ALL-UNNAMED --add-opens=java.prefs/java.util.prefs=ALL-UNNAMED --add-opens=java.prefs/java.util.prefs=ALL-UNNAMED --add-opens=java.base/java.nio.charset=ALL-UNNAMED --add-opens=java.base/java.net=ALL-UNNAMED --add-opens=java.base/java.util.concurrent.atomic=ALL-UNNAMED -Xmx2048m -Dfile.encoding=UTF-8 -Duser.country=US -Duser.language=en -Duser.variant org.gradle.launcher.daemon.bootstrap.GradleDaemon 7.2

Host: Intel(R) Core(TM) i5-6300U CPU @ 2.40GHz, 4 cores, 7G,  Windows 10 , 64 bit Build 19041 (10.0.19041.1645)
Time: Tue May 10 16:41:06 2022 W. Central Africa Standard Time elapsed time: 100.371895 seconds (0d 0h 1m 40s)

---------------  T H R E A D  ---------------

Current thread (0x000001be7afbe800):  JavaThread "C2 CompilerThread0" daemon [_thread_in_native, id=14292, stack(0x00000039d5400000,0x00000039d5500000)]


Current CompileTask:
C2: 100372 20640       4       com.android.tools.r8.internal.hI0::t (845 bytes)

Stack: [0x00000039d5400000,0x00000039d5500000]
Native frames: (J=compiled Java code, j=interpreted, Vv=VM code, C=native code)
V  [jvm.dll+0x5f214a]
V  [jvm.dll+0x726fb5]
V  [jvm.dll+0x7285cd]
V  [jvm.dll+0x728c83]
V  [jvm.dll+0x243278]
V  [jvm.dll+0xbc53c]
V  [jvm.dll+0xbca3c]
V  [jvm.dll+0x353e3b]
V  [jvm.dll+0x321893]
V  [jvm.dll+0x320d8a]
V  [jvm.dll+0x1fc1e2]
V  [jvm.dll+0x1fb3d4]
V  [jvm.dll+0x183d6c]
V  [jvm.dll+0x209a57]
V  [jvm.dll+0x2082a1]
V  [jvm.dll+0x6ef58f]
V  [jvm.dll+0x6e80b5]
V  [jvm.dll+0x5f1036]
C  [ucrtbase.dll+0x21bb2]
C  [KERNEL32.DLL+0x17034]
C  [ntdll.dll+0x52651]


---------------  P R O C E S S  ---------------

Threads class SMR info:
_java_thread_list=0x000001be0bec66e0, length=92, elements={
0x000001be613cc800, 0x000001be7af99000, 0x000001be7afa7000, 0x000001be7afb8800,
0x000001be7afbb800, 0x000001be7afbd800, 0x000001be7afbe800, 0x000001be7afc6000,
0x000001be7afcc800, 0x000001be7ba67000, 0x000001be7c9db800, 0x000001be7df7b000,
0x000001be7d479000, 0x000001be7e106000, 0x000001be7bcfe000, 0x000001be7e0e8800,
0x000001be7d06f800, 0x000001be7e69e800, 0x000001be7d409000, 0x000001be7d408000,
0x000001be7d407000, 0x000001be7d403000, 0x000001be7d409800, 0x000001be7d404000,
0x000001be7d405800, 0x000001be7d404800, 0x000001be7d406800, 0x000001be012d0800,
0x000001be012d7000, 0x000001be012d1000, 0x000001be012d2000, 0x000001be012d5000,
0x000001be012d7800, 0x000001be012da000, 0x000001be012d4800, 0x000001be012dc800,
0x000001be012db800, 0x000001be012dd800, 0x000001be012de000, 0x000001be012d8800,
0x000001be012db000, 0x000001be012df000, 0x000001be013ce800, 0x000001be013d0000,
0x000001be013cb000, 0x000001be013cc000, 0x000001be013cc800, 0x000001be013cd800,
0x000001be013cf000, 0x000001be013ca000, 0x000001be013d1000, 0x000001be013d7800,
0x000001be013d5800, 0x000001be013d2800, 0x000001be013d5000, 0x000001be013d3000,
0x000001be013d4000, 0x000001be013d6800, 0x000001be013d1800, 0x000001be013d8000,
0x000001be013d9000, 0x000001be7e331800, 0x000001be7e336800, 0x000001be7e334000,
0x000001be7e333000, 0x000001be7e335000, 0x000001be7e338000, 0x000001be7e332800,
0x000001be7e339000, 0x000001be7e337800, 0x000001be7e33a800, 0x000001be7e33a000,
0x000001be7e33b800, 0x000001be7e335800, 0x000001be7e33d000, 0x000001be7e33c000,
0x000001be7e33e000, 0x000001be7e340800, 0x000001be7f194000, 0x000001be7f196800,
0x000001be7f195000, 0x000001be7f197800, 0x000001be7f198000, 0x000001be7f199000,
0x000001be7f193800, 0x000001be7f195800, 0x000001be7f19a000, 0x000001be7f1d2000,
0x000001be7f1d3800, 0x000001be7f1d5000, 0x000001be7f1d4800, 0x000001be05994000
}

Java Threads: ( => current thread )
  0x000001be613cc800 JavaThread "main" [_thread_blocked, id=12608, stack(0x00000039d4800000,0x00000039d4900000)]
  0x000001be7af99000 JavaThread "Reference Handler" daemon [_thread_blocked, id=9028, stack(0x00000039d4f00000,0x00000039d5000000)]
  0x000001be7afa7000 JavaThread "Finalizer" daemon [_thread_blocked, id=6740, stack(0x00000039d5000000,0x00000039d5100000)]
  0x000001be7afb8800 JavaThread "Signal Dispatcher" daemon [_thread_blocked, id=14176, stack(0x00000039d5100000,0x00000039d5200000)]
  0x000001be7afbb800 JavaThread "Attach Listener" daemon [_thread_blocked, id=10248, stack(0x00000039d5200000,0x00000039d5300000)]
  0x000001be7afbd800 JavaThread "Service Thread" daemon [_thread_blocked, id=8336, stack(0x00000039d5300000,0x00000039d5400000)]
=>0x000001be7afbe800 JavaThread "C2 CompilerThread0" daemon [_thread_in_native, id=14292, stack(0x00000039d5400000,0x00000039d5500000)]
  0x000001be7afc6000 JavaThread "C1 CompilerThread0" daemon [_thread_blocked, id=5880, stack(0x00000039d5500000,0x00000039d5600000)]
  0x000001be7afcc800 JavaThread "Sweeper thread" daemon [_thread_blocked, id=15216, stack(0x00000039d5600000,0x00000039d5700000)]
  0x000001be7ba67000 JavaThread "Common-Cleaner" daemon [_thread_blocked, id=10976, stack(0x00000039d5700000,0x00000039d5800000)]
  0x000001be7c9db800 JavaThread "Daemon health stats" [_thread_blocked, id=14308, stack(0x00000039d5b00000,0x00000039d5c00000)]
  0x000001be7df7b000 JavaThread "Incoming local TCP Connector on port 61707" [_thread_in_native, id=15312, stack(0x00000039d5900000,0x00000039d5a00000)]
  0x000001be7d479000 JavaThread "Daemon periodic checks" [_thread_blocked, id=15084, stack(0x00000039d5c00000,0x00000039d5d00000)]
  0x000001be7e106000 JavaThread "Daemon" [_thread_blocked, id=8164, stack(0x00000039d5d00000,0x00000039d5e00000)]
  0x000001be7bcfe000 JavaThread "Handler for socket connection from /127.0.0.1:61707 to /127.0.0.1:61708" [_thread_in_native, id=9016, stack(0x00000039d5e00000,0x00000039d5f00000)]
  0x000001be7e0e8800 JavaThread "Cancel handler" [_thread_blocked, id=8080, stack(0x00000039d5f00000,0x00000039d6000000)]
  0x000001be7d06f800 JavaThread "Daemon worker" [_thread_in_Java, id=3752, stack(0x00000039d6000000,0x00000039d6100000)]
  0x000001be7e69e800 JavaThread "Asynchronous log dispatcher for DefaultDaemonConnection: socket connection from /127.0.0.1:61707 to /127.0.0.1:61708" [_thread_blocked, id=1620, stack(0x00000039d6100000,0x00000039d6200000)]
  0x000001be7d409000 JavaThread "Daemon client event forwarder" [_thread_blocked, id=10828, stack(0x00000039d6300000,0x00000039d6400000)]
  0x000001be7d408000 JavaThread "Cache worker for journal cache (C:\Users\mahdj\.gradle\caches\journal-1)" [_thread_blocked, id=12932, stack(0x00000039d6700000,0x00000039d6800000)]
  0x000001be7d407000 JavaThread "File lock request listener" [_thread_in_native, id=8088, stack(0x00000039d6800000,0x00000039d6900000)]
  0x000001be7d403000 JavaThread "Cache worker for file hash cache (C:\Users\mahdj\.gradle\caches\7.2\fileHashes)" [_thread_blocked, id=14396, stack(0x00000039d6900000,0x00000039d6a00000)]
  0x000001be7d409800 JavaThread "Cache worker for file hash cache (D:\Study\IMSI\S4\Mobile\BigBrains Game\Game\.gradle\7.2\fileHashes)" [_thread_blocked, id=532, stack(0x00000039d6a00000,0x00000039d6b00000)]
  0x000001be7d404000 JavaThread "File watcher server" daemon [_thread_in_native, id=13276, stack(0x00000039d6b00000,0x00000039d6c00000)]
  0x000001be7d405800 JavaThread "File watcher consumer" daemon [_thread_blocked, id=6864, stack(0x00000039d6c00000,0x00000039d6d00000)]
  0x000001be7d404800 JavaThread "Cache worker for checksums cache (D:\Study\IMSI\S4\Mobile\BigBrains Game\Game\.gradle\checksums)" [_thread_blocked, id=7332, stack(0x00000039d6d00000,0x00000039d6e00000)]
  0x000001be7d406800 JavaThread "Cache worker for cache directory md-supplier (C:\Users\mahdj\.gradle\caches\7.2\md-supplier)" [_thread_blocked, id=14488, stack(0x00000039d6e00000,0x00000039d6f00000)]
  0x000001be012d0800 JavaThread "Cache worker for cache directory md-rule (C:\Users\mahdj\.gradle\caches\7.2\md-rule)" [_thread_blocked, id=3128, stack(0x00000039d6f00000,0x00000039d7000000)]
  0x000001be012d7000 JavaThread "Cache worker for execution history cache (C:\Users\mahdj\.gradle\caches\7.2\executionHistory)" [_thread_blocked, id=5248, stack(0x00000039d7000000,0x00000039d7100000)]
  0x000001be012d1000 JavaThread "jar transforms" [_thread_blocked, id=7500, stack(0x00000039d7100000,0x00000039d7200000)]
  0x000001be012d2000 JavaThread "Cache worker for file content cache (C:\Users\mahdj\.gradle\caches\7.2\fileContent)" [_thread_blocked, id=7492, stack(0x00000039d7200000,0x00000039d7300000)]
  0x000001be012d5000 JavaThread "jar transforms Thread 2" [_thread_blocked, id=6480, stack(0x00000039d7300000,0x00000039d7400000)]
  0x000001be012d7800 JavaThread "Cache worker for dependencies-accessors (D:\Study\IMSI\S4\Mobile\BigBrains Game\Game\.gradle\7.2\dependencies-accessors)" [_thread_blocked, id=7296, stack(0x00000039d7400000,0x00000039d7500000)]
  0x000001be012da000 JavaThread "jar transforms Thread 3" [_thread_blocked, id=3672, stack(0x00000039d7500000,0x00000039d7600000)]
  0x000001be012d4800 JavaThread "Cache worker for Build Output Cleanup Cache (D:\Study\IMSI\S4\Mobile\BigBrains Game\Game\.gradle\buildOutputCleanup)" [_thread_blocked, id=4716, stack(0x00000039d7600000,0x00000039d7700000)]
  0x000001be012dc800 JavaThread "Unconstrained build operations" [_thread_blocked, id=12880, stack(0x00000039d7700000,0x00000039d7800000)]
  0x000001be012db800 JavaThread "Unconstrained build operations Thread 2" [_thread_blocked, id=7088, stack(0x00000039d7800000,0x00000039d7900000)]
  0x000001be012dd800 JavaThread "Unconstrained build operations Thread 3" [_thread_blocked, id=8084, stack(0x00000039d7900000,0x00000039d7a00000)]
  0x000001be012de000 JavaThread "Unconstrained build operations Thread 4" [_thread_blocked, id=7744, stack(0x00000039d7a00000,0x00000039d7b00000)]
  0x000001be012d8800 JavaThread "Unconstrained build operations Thread 5" [_thread_blocked, id=10300, stack(0x00000039d7b00000,0x00000039d7c00000)]
  0x000001be012db000 JavaThread "Unconstrained build operations Thread 6" [_thread_blocked, id=5524, stack(0x00000039d7c00000,0x00000039d7d00000)]
  0x000001be012df000 JavaThread "Unconstrained build operations Thread 7" [_thread_blocked, id=5884, stack(0x00000039d7d00000,0x00000039d7e00000)]
  0x000001be013ce800 JavaThread "Unconstrained build operations Thread 8" [_thread_blocked, id=964, stack(0x00000039d7e00000,0x00000039d7f00000)]
  0x000001be013d0000 JavaThread "Unconstrained build operations Thread 9" [_thread_blocked, id=14124, stack(0x00000039d7f00000,0x00000039d8000000)]
  0x000001be013cb000 JavaThread "Unconstrained build operations Thread 10" [_thread_blocked, id=5580, stack(0x00000039d8000000,0x00000039d8100000)]
  0x000001be013cc000 JavaThread "Unconstrained build operations Thread 11" [_thread_blocked, id=3404, stack(0x00000039d8100000,0x00000039d8200000)]
  0x000001be013cc800 JavaThread "Unconstrained build operations Thread 12" [_thread_blocked, id=10284, stack(0x00000039d8200000,0x00000039d8300000)]
  0x000001be013cd800 JavaThread "Unconstrained build operations Thread 13" [_thread_blocked, id=11812, stack(0x00000039d8300000,0x00000039d8400000)]
  0x000001be013cf000 JavaThread "Unconstrained build operations Thread 14" [_thread_blocked, id=11608, stack(0x00000039d8400000,0x00000039d8500000)]
  0x000001be013ca000 JavaThread "Unconstrained build operations Thread 15" [_thread_blocked, id=7260, stack(0x00000039d8500000,0x00000039d8600000)]
  0x000001be013d1000 JavaThread "Unconstrained build operations Thread 16" [_thread_blocked, id=11428, stack(0x00000039d8600000,0x00000039d8700000)]
  0x000001be013d7800 JavaThread "Unconstrained build operations Thread 17" [_thread_blocked, id=2624, stack(0x00000039d8700000,0x00000039d8800000)]
  0x000001be013d5800 JavaThread "Unconstrained build operations Thread 18" [_thread_in_Java, id=12552, stack(0x00000039d8800000,0x00000039d8900000)]
  0x000001be013d2800 JavaThread "Unconstrained build operations Thread 19" [_thread_blocked, id=14064, stack(0x00000039d8900000,0x00000039d8a00000)]
  0x000001be013d5000 JavaThread "Unconstrained build operations Thread 20" [_thread_blocked, id=9976, stack(0x00000039d8a00000,0x00000039d8b00000)]
  0x000001be013d3000 JavaThread "Unconstrained build operations Thread 21" [_thread_blocked, id=1900, stack(0x00000039d8b00000,0x00000039d8c00000)]
  0x000001be013d4000 JavaThread "Unconstrained build operations Thread 22" [_thread_blocked, id=9420, stack(0x00000039d8c00000,0x00000039d8d00000)]
  0x000001be013d6800 JavaThread "Unconstrained build operations Thread 23" [_thread_blocked, id=5488, stack(0x00000039d8d00000,0x00000039d8e00000)]
  0x000001be013d1800 JavaThread "Unconstrained build operations Thread 24" [_thread_blocked, id=7760, stack(0x00000039d8e00000,0x00000039d8f00000)]
  0x000001be013d8000 JavaThread "Unconstrained build operations Thread 25" [_thread_blocked, id=3540, stack(0x00000039d8f00000,0x00000039d9000000)]
  0x000001be013d9000 JavaThread "Unconstrained build operations Thread 26" [_thread_blocked, id=12672, stack(0x00000039d9000000,0x00000039d9100000)]
  0x000001be7e331800 JavaThread "Unconstrained build operations Thread 27" [_thread_blocked, id=3272, stack(0x00000039d9100000,0x00000039d9200000)]
  0x000001be7e336800 JavaThread "Unconstrained build operations Thread 28" [_thread_blocked, id=2308, stack(0x00000039d9200000,0x00000039d9300000)]
  0x000001be7e334000 JavaThread "Unconstrained build operations Thread 29" [_thread_blocked, id=3876, stack(0x00000039d9300000,0x00000039d9400000)]
  0x000001be7e333000 JavaThread "Unconstrained build operations Thread 30" [_thread_blocked, id=1576, stack(0x00000039d9400000,0x00000039d9500000)]
  0x000001be7e335000 JavaThread "Unconstrained build operations Thread 31" [_thread_blocked, id=10996, stack(0x00000039d9500000,0x00000039d9600000)]
  0x000001be7e338000 JavaThread "Unconstrained build operations Thread 32" [_thread_blocked, id=10452, stack(0x00000039d9600000,0x00000039d9700000)]
  0x000001be7e332800 JavaThread "Unconstrained build operations Thread 33" [_thread_blocked, id=14280, stack(0x00000039d9700000,0x00000039d9800000)]
  0x000001be7e339000 JavaThread "Unconstrained build operations Thread 34" [_thread_blocked, id=9632, stack(0x00000039d9800000,0x00000039d9900000)]
  0x000001be7e337800 JavaThread "Unconstrained build operations Thread 35" [_thread_blocked, id=14628, stack(0x00000039d9900000,0x00000039d9a00000)]
  0x000001be7e33a800 JavaThread "Unconstrained build operations Thread 36" [_thread_in_Java, id=8916, stack(0x00000039d9a00000,0x00000039d9b00000)]
  0x000001be7e33a000 JavaThread "Unconstrained build operations Thread 37" [_thread_blocked, id=5668, stack(0x00000039d9b00000,0x00000039d9c00000)]
  0x000001be7e33b800 JavaThread "Unconstrained build operations Thread 38" [_thread_blocked, id=7672, stack(0x00000039d9c00000,0x00000039d9d00000)]
  0x000001be7e335800 JavaThread "Unconstrained build operations Thread 39" [_thread_blocked, id=6004, stack(0x00000039d9d00000,0x00000039d9e00000)]
  0x000001be7e33d000 JavaThread "Unconstrained build operations Thread 40" [_thread_blocked, id=5504, stack(0x00000039d9e00000,0x00000039d9f00000)]
  0x000001be7e33c000 JavaThread "jar transforms Thread 4" [_thread_blocked, id=7796, stack(0x00000039d9f00000,0x00000039da000000)]
  0x000001be7e33e000 JavaThread "Memory manager" [_thread_blocked, id=11012, stack(0x00000039da000000,0x00000039da100000)]
  0x000001be7e340800 JavaThread "build event listener" [_thread_blocked, id=11120, stack(0x00000039da100000,0x00000039da200000)]
  0x000001be7f194000 JavaThread "Execution worker for ':'" [_thread_blocked, id=15136, stack(0x00000039da200000,0x00000039da300000)]
  0x000001be7f196800 JavaThread "Execution worker for ':' Thread 2" [_thread_blocked, id=3100, stack(0x00000039da300000,0x00000039da400000)]
  0x000001be7f195000 JavaThread "Execution worker for ':' Thread 3" [_thread_blocked, id=12132, stack(0x00000039da400000,0x00000039da500000)]
  0x000001be7f197800 JavaThread "Cache worker for execution history cache (D:\Study\IMSI\S4\Mobile\BigBrains Game\Game\.gradle\7.2\executionHistory)" [_thread_blocked, id=10376, stack(0x00000039da500000,0x00000039da600000)]
  0x000001be7f198000 JavaThread "WorkerExecutor Queue" [_thread_blocked, id=6972, stack(0x00000039da800000,0x00000039da900000)]
  0x000001be7f199000 JavaThread "WorkerExecutor Queue Thread 2" [_thread_blocked, id=13712, stack(0x00000039d4500000,0x00000039d4600000)]
  0x000001be7f193800 JavaThread "WorkerExecutor Queue Thread 3" [_thread_blocked, id=3640, stack(0x00000039da900000,0x00000039daa00000)]
  0x000001be7f195800 JavaThread "WorkerExecutor Queue Thread 4" [_thread_blocked, id=14276, stack(0x00000039daa00000,0x00000039dab00000)]
  0x000001be7f19a000 JavaThread "pool-3-thread-1" [_thread_blocked, id=11244, stack(0x00000039dac00000,0x00000039dad00000)]
  0x000001be7f1d2000 JavaThread "stderr" [_thread_in_native, id=4472, stack(0x00000039daf00000,0x00000039db000000)]
  0x000001be7f1d3800 JavaThread "stdout" [_thread_in_native, id=12400, stack(0x00000039db000000,0x00000039db100000)]
  0x000001be7f1d5000 JavaThread "stderr" [_thread_in_native, id=5256, stack(0x00000039db100000,0x00000039db200000)]
  0x000001be7f1d4800 JavaThread "stdout" [_thread_in_native, id=2808, stack(0x00000039db200000,0x00000039db300000)]
  0x000001be05994000 JavaThread "C2 CompilerThread1" daemon [_thread_in_native, id=12028, stack(0x00000039dae00000,0x00000039daf00000)]

Other Threads:
  0x000001be7af95000 VMThread "VM Thread" [stack: 0x00000039d4e00000,0x00000039d4f00000] [id=12236]
  0x000001be7ba7e800 WatcherThread [stack: 0x00000039d5800000,0x00000039d5900000] [id=3056]
  0x000001be613e5800 GCTaskThread "GC Thread#0" [stack: 0x00000039d4900000,0x00000039d4a00000] [id=2144]
  0x000001be7c56b800 GCTaskThread "GC Thread#1" [stack: 0x00000039d5a00000,0x00000039d5b00000] [id=9812]
  0x000001be7f02f800 GCTaskThread "GC Thread#2" [stack: 0x00000039d6500000,0x00000039d6600000] [id=6492]
  0x000001be7e4ed000 GCTaskThread "GC Thread#3" [stack: 0x00000039d6600000,0x00000039d6700000] [id=15200]
  0x000001be61417800 ConcurrentGCThread "G1 Main Marker" [stack: 0x00000039d4a00000,0x00000039d4b00000] [id=1496]
  0x000001be61418800 ConcurrentGCThread "G1 Conc#0" [stack: 0x00000039d4b00000,0x00000039d4c00000] [id=5544]
  0x000001be61494000 ConcurrentGCThread "G1 Refine#0" [stack: 0x00000039d4c00000,0x00000039d4d00000] [id=6524]
  0x000001be7dc86000 ConcurrentGCThread "G1 Refine#1" [stack: 0x00000039da600000,0x00000039da700000] [id=5904]
  0x000001be04165000 ConcurrentGCThread "G1 Refine#2" [stack: 0x00000039da700000,0x00000039da800000] [id=11784]
  0x000001be61495000 ConcurrentGCThread "G1 Young RemSet Sampling" [stack: 0x00000039d4d00000,0x00000039d4e00000] [id=11024]

Threads with active compile tasks:
C2 CompilerThread0 100454 20640       4       com.android.tools.r8.internal.hI0::t (845 bytes)
C2 CompilerThread1 100455 20651       4       com.android.tools.r8.internal.Ri1::b (1684 bytes)

VM state:not at safepoint (normal execution)

VM Mutex/Monitor currently owned by a thread: None

Heap address: 0x0000000080000000, size: 2048 MB, Compressed Oops mode: 32-bit
Narrow klass base: 0x0000000000000000, Narrow klass shift: 3
Compressed class space size: 1073741824 Address: 0x0000000100000000

Heap:
 garbage-first heap   total 256000K, used 203806K [0x0000000080000000, 0x0000000100000000)
  region size 1024K, 56 young (57344K), 8 survivors (8192K)
 Metaspace       used 116539K, capacity 119489K, committed 119756K, reserved 1153024K
  class space    used 14588K, capacity 15705K, committed 15820K, reserved 1048576K
Heap Regions: E=young(eden), S=young(survivor), O=old, HS=humongous(starts), HC=humongous(continues), CS=collection set, F=free, A=archive, TAMS=top-at-mark-start (previous, next)
|   0|0x0000000080000000, 0x0000000080100000, 0x0000000080100000|100%| O|  |TAMS 0x0000000080100000, 0x0000000080000000| Untracked 
|   1|0x0000000080100000, 0x0000000080200000, 0x0000000080200000|100%| O|  |TAMS 0x0000000080200000, 0x0000000080100000| Untracked 
|   2|0x0000000080200000, 0x0000000080300000, 0x0000000080300000|100%| O|  |TAMS 0x0000000080300000, 0x0000000080200000| Untracked 
|   3|0x0000000080300000, 0x0000000080400000, 0x0000000080400000|100%|HS|  |TAMS 0x0000000080400000, 0x0000000080300000| Complete 
|   4|0x0000000080400000, 0x0000000080500000, 0x0000000080500000|100%|HC|  |TAMS 0x0000000080500000, 0x0000000080400000| Complete 
|   5|0x0000000080500000, 0x0000000080600000, 0x0000000080600000|100%|HC|  |TAMS 0x0000000080600000, 0x0000000080500000| Complete 
|   6|0x0000000080600000, 0x0000000080700000, 0x0000000080700000|100%| O|  |TAMS 0x0000000080700000, 0x0000000080600000| Untracked 
|   7|0x0000000080700000, 0x0000000080800000, 0x0000000080800000|100%| O|  |TAMS 0x0000000080800000, 0x0000000080700000| Untracked 
|   8|0x0000000080800000, 0x0000000080900000, 0x0000000080900000|100%| O|  |TAMS 0x0000000080900000, 0x0000000080800000| Untracked 
|   9|0x0000000080900000, 0x0000000080a00000, 0x0000000080a00000|100%| O|  |TAMS 0x0000000080a00000, 0x0000000080900000| Untracked 
|  10|0x0000000080a00000, 0x0000000080b00000, 0x0000000080b00000|100%| O|  |TAMS 0x0000000080b00000, 0x0000000080a00000| Untracked 
|  11|0x0000000080b00000, 0x0000000080c00000, 0x0000000080c00000|100%| O|  |TAMS 0x0000000080c00000, 0x0000000080b00000| Untracked 
|  12|0x0000000080c00000, 0x0000000080d00000, 0x0000000080d00000|100%| O|  |TAMS 0x0000000080d00000, 0x0000000080c00000| Untracked 
|  13|0x0000000080d00000, 0x0000000080e00000, 0x0000000080e00000|100%| O|  |TAMS 0x0000000080e00000, 0x0000000080d00000| Untracked 
|  14|0x0000000080e00000, 0x0000000080f00000, 0x0000000080f00000|100%| O|  |TAMS 0x0000000080f00000, 0x0000000080e00000| Untracked 
|  15|0x0000000080f00000, 0x0000000081000000, 0x0000000081000000|100%| O|  |TAMS 0x0000000081000000, 0x0000000080f00000| Untracked 
|  16|0x0000000081000000, 0x0000000081100000, 0x0000000081100000|100%|HS|  |TAMS 0x0000000081100000, 0x0000000081000000| Complete 
|  17|0x0000000081100000, 0x0000000081200000, 0x0000000081200000|100%| O|  |TAMS 0x0000000081200000, 0x0000000081100000| Untracked 
|  18|0x0000000081200000, 0x0000000081300000, 0x0000000081300000|100%| O|  |TAMS 0x0000000081300000, 0x0000000081200000| Untracked 
|  19|0x0000000081300000, 0x00000000813ffff8, 0x0000000081400000| 99%| O|  |TAMS 0x00000000813ffff8, 0x0000000081300000| Untracked 
|  20|0x0000000081400000, 0x0000000081500000, 0x0000000081500000|100%| O|  |TAMS 0x0000000081500000, 0x0000000081400000| Untracked 
|  21|0x0000000081500000, 0x0000000081600000, 0x0000000081600000|100%| O|  |TAMS 0x0000000081600000, 0x0000000081500000| Untracked 
|  22|0x0000000081600000, 0x0000000081700000, 0x0000000081700000|100%| O|  |TAMS 0x0000000081700000, 0x0000000081600000| Untracked 
|  23|0x0000000081700000, 0x0000000081800000, 0x0000000081800000|100%|HS|  |TAMS 0x0000000081800000, 0x0000000081700000| Complete 
|  24|0x0000000081800000, 0x0000000081900000, 0x0000000081900000|100%|HS|  |TAMS 0x0000000081900000, 0x0000000081800000| Complete 
|  25|0x0000000081900000, 0x0000000081a00000, 0x0000000081a00000|100%|HS|  |TAMS 0x0000000081a00000, 0x0000000081900000| Complete 
|  26|0x0000000081a00000, 0x0000000081b00000, 0x0000000081b00000|100%|HC|  |TAMS 0x0000000081b00000, 0x0000000081a00000| Complete 
|  27|0x0000000081b00000, 0x0000000081c00000, 0x0000000081c00000|100%| O|  |TAMS 0x0000000081c00000, 0x0000000081b00000| Untracked 
|  28|0x0000000081c00000, 0x0000000081d00000, 0x0000000081d00000|100%| O|  |TAMS 0x0000000081d00000, 0x0000000081c00000| Untracked 
|  29|0x0000000081d00000, 0x0000000081e00000, 0x0000000081e00000|100%| O|  |TAMS 0x0000000081e00000, 0x0000000081d00000| Untracked 
|  30|0x0000000081e00000, 0x0000000081f00000, 0x0000000081f00000|100%| O|  |TAMS 0x0000000081f00000, 0x0000000081e00000| Untracked 
|  31|0x0000000081f00000, 0x0000000082000000, 0x0000000082000000|100%| O|  |TAMS 0x0000000082000000, 0x0000000081f00000| Untracked 
|  32|0x0000000082000000, 0x0000000082100000, 0x0000000082100000|100%| O|  |TAMS 0x0000000082100000, 0x0000000082000000| Untracked 
|  33|0x0000000082100000, 0x0000000082200000, 0x0000000082200000|100%| O|  |TAMS 0x0000000082200000, 0x0000000082100000| Untracked 
|  34|0x0000000082200000, 0x0000000082300000, 0x0000000082300000|100%| O|  |TAMS 0x0000000082300000, 0x0000000082200000| Untracked 
|  35|0x0000000082300000, 0x0000000082400000, 0x0000000082400000|100%| O|  |TAMS 0x0000000082400000, 0x0000000082300000| Untracked 
|  36|0x0000000082400000, 0x0000000082500000, 0x0000000082500000|100%| O|  |TAMS 0x0000000082500000, 0x0000000082400000| Untracked 
|  37|0x0000000082500000, 0x0000000082600000, 0x0000000082600000|100%| O|  |TAMS 0x0000000082600000, 0x0000000082500000| Untracked 
|  38|0x0000000082600000, 0x0000000082700000, 0x0000000082700000|100%| O|  |TAMS 0x0000000082700000, 0x0000000082600000| Untracked 
|  39|0x0000000082700000, 0x0000000082800000, 0x0000000082800000|100%| O|  |TAMS 0x0000000082800000, 0x0000000082700000| Untracked 
|  40|0x0000000082800000, 0x0000000082900000, 0x0000000082900000|100%| O|  |TAMS 0x0000000082900000, 0x0000000082800000| Untracked 
|  41|0x0000000082900000, 0x0000000082a00000, 0x0000000082a00000|100%| O|  |TAMS 0x0000000082a00000, 0x0000000082900000| Untracked 
|  42|0x0000000082a00000, 0x0000000082b00000, 0x0000000082b00000|100%| O|  |TAMS 0x0000000082b00000, 0x0000000082a00000| Untracked 
|  43|0x0000000082b00000, 0x0000000082c00000, 0x0000000082c00000|100%| O|  |TAMS 0x0000000082c00000, 0x0000000082b00000| Untracked 
|  44|0x0000000082c00000, 0x0000000082d00000, 0x0000000082d00000|100%| O|  |TAMS 0x0000000082d00000, 0x0000000082c00000| Untracked 
|  45|0x0000000082d00000, 0x0000000082e00000, 0x0000000082e00000|100%| O|  |TAMS 0x0000000082e00000, 0x0000000082d00000| Untracked 
|  46|0x0000000082e00000, 0x0000000082f00000, 0x0000000082f00000|100%| O|  |TAMS 0x0000000082f00000, 0x0000000082e00000| Untracked 
|  47|0x0000000082f00000, 0x0000000083000000, 0x0000000083000000|100%| O|  |TAMS 0x0000000083000000, 0x0000000082f00000| Untracked 
|  48|0x0000000083000000, 0x0000000083100000, 0x0000000083100000|100%| O|  |TAMS 0x0000000083100000, 0x0000000083000000| Untracked 
|  49|0x0000000083100000, 0x0000000083200000, 0x0000000083200000|100%| O|  |TAMS 0x0000000083200000, 0x0000000083100000| Untracked 
|  50|0x0000000083200000, 0x0000000083300000, 0x0000000083300000|100%| O|  |TAMS 0x0000000083300000, 0x0000000083200000| Untracked 
|  51|0x0000000083300000, 0x0000000083400000, 0x0000000083400000|100%| O|  |TAMS 0x0000000083400000, 0x0000000083300000| Untracked 
|  52|0x0000000083400000, 0x0000000083500000, 0x0000000083500000|100%| O|  |TAMS 0x0000000083500000, 0x0000000083400000| Untracked 
|  53|0x0000000083500000, 0x0000000083600000, 0x0000000083600000|100%| O|  |TAMS 0x0000000083600000, 0x0000000083500000| Untracked 
|  54|0x0000000083600000, 0x0000000083700000, 0x0000000083700000|100%| O|  |TAMS 0x0000000083700000, 0x0000000083600000| Untracked 
|  55|0x0000000083700000, 0x0000000083800000, 0x0000000083800000|100%| O|  |TAMS 0x0000000083800000, 0x0000000083700000| Untracked 
|  56|0x0000000083800000, 0x0000000083900000, 0x0000000083900000|100%| O|  |TAMS 0x0000000083900000, 0x0000000083800000| Untracked 
|  57|0x0000000083900000, 0x0000000083a00000, 0x0000000083a00000|100%| O|  |TAMS 0x0000000083a00000, 0x0000000083900000| Untracked 
|  58|0x0000000083a00000, 0x0000000083b00000, 0x0000000083b00000|100%| O|  |TAMS 0x0000000083b00000, 0x0000000083a00000| Untracked 
|  59|0x0000000083b00000, 0x0000000083c00000, 0x0000000083c00000|100%| O|  |TAMS 0x0000000083c00000, 0x0000000083b00000| Untracked 
|  60|0x0000000083c00000, 0x0000000083d00000, 0x0000000083d00000|100%| O|  |TAMS 0x0000000083d00000, 0x0000000083c00000| Untracked 
|  61|0x0000000083d00000, 0x0000000083e00000, 0x0000000083e00000|100%| O|  |TAMS 0x0000000083e00000, 0x0000000083d00000| Untracked 
|  62|0x0000000083e00000, 0x0000000083f00000, 0x0000000083f00000|100%| O|  |TAMS 0x0000000083f00000, 0x0000000083e00000| Untracked 
|  63|0x0000000083f00000, 0x0000000084000000, 0x0000000084000000|100%| O|  |TAMS 0x0000000084000000, 0x0000000083f00000| Untracked 
|  64|0x0000000084000000, 0x0000000084100000, 0x0000000084100000|100%| O|  |TAMS 0x0000000084100000, 0x0000000084000000| Untracked 
|  65|0x0000000084100000, 0x0000000084200000, 0x0000000084200000|100%| O|  |TAMS 0x0000000084200000, 0x0000000084100000| Untracked 
|  66|0x0000000084200000, 0x0000000084300000, 0x0000000084300000|100%| O|  |TAMS 0x0000000084200000, 0x0000000084200000| Untracked 
|  67|0x0000000084300000, 0x0000000084400000, 0x0000000084400000|100%| O|  |TAMS 0x0000000084400000, 0x0000000084300000| Untracked 
|  68|0x0000000084400000, 0x0000000084500000, 0x0000000084500000|100%| O|  |TAMS 0x0000000084500000, 0x0000000084400000| Untracked 
|  69|0x0000000084500000, 0x0000000084600000, 0x0000000084600000|100%| O|  |TAMS 0x0000000084600000, 0x0000000084500000| Untracked 
|  70|0x0000000084600000, 0x0000000084700000, 0x0000000084700000|100%| O|  |TAMS 0x0000000084700000, 0x0000000084600000| Untracked 
|  71|0x0000000084700000, 0x0000000084800000, 0x0000000084800000|100%| O|  |TAMS 0x0000000084800000, 0x0000000084700000| Untracked 
|  72|0x0000000084800000, 0x0000000084900000, 0x0000000084900000|100%| O|  |TAMS 0x0000000084900000, 0x0000000084800000| Untracked 
|  73|0x0000000084900000, 0x0000000084a00000, 0x0000000084a00000|100%| O|  |TAMS 0x0000000084a00000, 0x0000000084900000| Untracked 
|  74|0x0000000084a00000, 0x0000000084b00000, 0x0000000084b00000|100%| O|  |TAMS 0x0000000084b00000, 0x0000000084a00000| Untracked 
|  75|0x0000000084b00000, 0x0000000084c00000, 0x0000000084c00000|100%| O|  |TAMS 0x0000000084c00000, 0x0000000084b00000| Untracked 
|  76|0x0000000084c00000, 0x0000000084d00000, 0x0000000084d00000|100%| O|  |TAMS 0x0000000084d00000, 0x0000000084c00000| Untracked 
|  77|0x0000000084d00000, 0x0000000084e00000, 0x0000000084e00000|100%| O|  |TAMS 0x0000000084e00000, 0x0000000084d00000| Untracked 
|  78|0x0000000084e00000, 0x0000000084f00000, 0x0000000084f00000|100%| O|  |TAMS 0x0000000084f00000, 0x0000000084e00000| Untracked 
|  79|0x0000000084f00000, 0x0000000085000000, 0x0000000085000000|100%| O|  |TAMS 0x0000000085000000, 0x0000000084f00000| Untracked 
|  80|0x0000000085000000, 0x0000000085100000, 0x0000000085100000|100%| O|  |TAMS 0x0000000085100000, 0x0000000085000000| Untracked 
|  81|0x0000000085100000, 0x0000000085200000, 0x0000000085200000|100%| O|  |TAMS 0x0000000085100000, 0x0000000085100000| Untracked 
|  82|0x0000000085200000, 0x0000000085300000, 0x0000000085300000|100%| O|  |TAMS 0x0000000085300000, 0x0000000085200000| Untracked 
|  83|0x0000000085300000, 0x0000000085400000, 0x0000000085400000|100%| O|  |TAMS 0x0000000085400000, 0x0000000085300000| Untracked 
|  84|0x0000000085400000, 0x0000000085500000, 0x0000000085500000|100%| O|  |TAMS 0x0000000085500000, 0x0000000085400000| Untracked 
|  85|0x0000000085500000, 0x0000000085600000, 0x0000000085600000|100%| O|  |TAMS 0x0000000085600000, 0x0000000085500000| Untracked 
|  86|0x0000000085600000, 0x0000000085700000, 0x0000000085700000|100%| O|  |TAMS 0x0000000085600000, 0x0000000085600000| Untracked 
|  87|0x0000000085700000, 0x0000000085800000, 0x0000000085800000|100%| O|  |TAMS 0x0000000085800000, 0x0000000085700000| Untracked 
|  88|0x0000000085800000, 0x0000000085900000, 0x0000000085900000|100%| O|  |TAMS 0x0000000085900000, 0x0000000085800000| Untracked 
|  89|0x0000000085900000, 0x0000000085a00000, 0x0000000085a00000|100%| O|  |TAMS 0x0000000085900000, 0x0000000085900000| Untracked 
|  90|0x0000000085a00000, 0x0000000085b00000, 0x0000000085b00000|100%| O|  |TAMS 0x0000000085b00000, 0x0000000085a00000| Untracked 
|  91|0x0000000085b00000, 0x0000000085c00000, 0x0000000085c00000|100%| O|  |TAMS 0x0000000085c00000, 0x0000000085b00000| Untracked 
|  92|0x0000000085c00000, 0x0000000085d00000, 0x0000000085d00000|100%| O|  |TAMS 0x0000000085d00000, 0x0000000085c00000| Untracked 
|  93|0x0000000085d00000, 0x0000000085e00000, 0x0000000085e00000|100%| O|  |TAMS 0x0000000085e00000, 0x0000000085d00000| Untracked 
|  94|0x0000000085e00000, 0x0000000085f00000, 0x0000000085f00000|100%| O|  |TAMS 0x0000000085e8a800, 0x0000000085e00000| Untracked 
|  95|0x0000000085f00000, 0x0000000086000000, 0x0000000086000000|100%| O|  |TAMS 0x0000000086000000, 0x0000000085f00000| Untracked 
|  96|0x0000000086000000, 0x0000000086100000, 0x0000000086100000|100%| O|  |TAMS 0x0000000086100000, 0x0000000086000000| Untracked 
|  97|0x0000000086100000, 0x0000000086200000, 0x0000000086200000|100%| O|  |TAMS 0x0000000086200000, 0x0000000086100000| Untracked 
|  98|0x0000000086200000, 0x0000000086300000, 0x0000000086300000|100%| O|  |TAMS 0x0000000086300000, 0x0000000086200000| Untracked 
|  99|0x0000000086300000, 0x0000000086400000, 0x0000000086400000|100%| O|  |TAMS 0x0000000086400000, 0x0000000086300000| Untracked 
| 100|0x0000000086400000, 0x0000000086500000, 0x0000000086500000|100%| O|  |TAMS 0x0000000086500000, 0x0000000086400000| Untracked 
| 101|0x0000000086500000, 0x0000000086600000, 0x0000000086600000|100%| O|  |TAMS 0x0000000086600000, 0x0000000086500000| Untracked 
| 102|0x0000000086600000, 0x0000000086700000, 0x0000000086700000|100%| O|  |TAMS 0x0000000086700000, 0x0000000086600000| Untracked 
| 103|0x0000000086700000, 0x0000000086800000, 0x0000000086800000|100%| O|  |TAMS 0x0000000086800000, 0x0000000086700000| Untracked 
| 104|0x0000000086800000, 0x0000000086900000, 0x0000000086900000|100%| O|  |TAMS 0x0000000086900000, 0x0000000086800000| Untracked 
| 105|0x0000000086900000, 0x0000000086a00000, 0x0000000086a00000|100%| O|  |TAMS 0x0000000086a00000, 0x0000000086900000| Untracked 
| 106|0x0000000086a00000, 0x0000000086b00000, 0x0000000086b00000|100%| O|  |TAMS 0x0000000086b00000, 0x0000000086a00000| Untracked 
| 107|0x0000000086b00000, 0x0000000086c00000, 0x0000000086c00000|100%| O|  |TAMS 0x0000000086c00000, 0x0000000086b00000| Untracked 
| 108|0x0000000086c00000, 0x0000000086d00000, 0x0000000086d00000|100%| O|  |TAMS 0x0000000086d00000, 0x0000000086c00000| Untracked 
| 109|0x0000000086d00000, 0x0000000086e00000, 0x0000000086e00000|100%| O|  |TAMS 0x0000000086e00000, 0x0000000086d00000| Untracked 
| 110|0x0000000086e00000, 0x0000000086f00000, 0x0000000086f00000|100%| O|  |TAMS 0x0000000086f00000, 0x0000000086e00000| Untracked 
| 111|0x0000000086f00000, 0x0000000087000000, 0x0000000087000000|100%| O|  |TAMS 0x0000000087000000, 0x0000000086f00000| Untracked 
| 112|0x0000000087000000, 0x0000000087100000, 0x0000000087100000|100%| O|  |TAMS 0x0000000087100000, 0x0000000087000000| Untracked 
| 113|0x0000000087100000, 0x0000000087200000, 0x0000000087200000|100%| O|  |TAMS 0x0000000087200000, 0x0000000087100000| Untracked 
| 114|0x0000000087200000, 0x0000000087300000, 0x0000000087300000|100%| O|  |TAMS 0x0000000087300000, 0x0000000087200000| Untracked 
| 115|0x0000000087300000, 0x0000000087400000, 0x0000000087400000|100%| O|  |TAMS 0x0000000087400000, 0x0000000087300000| Untracked 
| 116|0x0000000087400000, 0x0000000087500000, 0x0000000087500000|100%| O|  |TAMS 0x0000000087400000, 0x0000000087400000| Untracked 
| 117|0x0000000087500000, 0x0000000087600000, 0x0000000087600000|100%| O|  |TAMS 0x0000000087600000, 0x0000000087500000| Untracked 
| 118|0x0000000087600000, 0x0000000087700000, 0x0000000087700000|100%| O|  |TAMS 0x0000000087700000, 0x0000000087600000| Untracked 
| 119|0x0000000087700000, 0x0000000087800000, 0x0000000087800000|100%| O|  |TAMS 0x0000000087700000, 0x0000000087700000| Untracked 
| 120|0x0000000087800000, 0x0000000087900000, 0x0000000087900000|100%| O|  |TAMS 0x0000000087900000, 0x0000000087800000| Untracked 
| 121|0x0000000087900000, 0x0000000087a00000, 0x0000000087a00000|100%| O|  |TAMS 0x0000000087a00000, 0x0000000087900000| Untracked 
| 122|0x0000000087a00000, 0x0000000087b00000, 0x0000000087b00000|100%| O|  |TAMS 0x0000000087b00000, 0x0000000087a00000| Untracked 
| 123|0x0000000087b00000, 0x0000000087c00000, 0x0000000087c00000|100%| O|  |TAMS 0x0000000087c00000, 0x0000000087b00000| Untracked 
| 124|0x0000000087c00000, 0x0000000087d00000, 0x0000000087d00000|100%| O|  |TAMS 0x0000000087c00000, 0x0000000087c00000| Untracked 
| 125|0x0000000087d00000, 0x0000000087e00000, 0x0000000087e00000|100%| O|  |TAMS 0x0000000087d00000, 0x0000000087d00000| Untracked 
| 126|0x0000000087e00000, 0x0000000087f00000, 0x0000000087f00000|100%| O|  |TAMS 0x0000000087f00000, 0x0000000087e00000| Untracked 
| 127|0x0000000087f00000, 0x0000000088000000, 0x0000000088000000|100%| O|  |TAMS 0x0000000088000000, 0x0000000087f00000| Untracked 
| 128|0x0000000088000000, 0x0000000088100000, 0x0000000088100000|100%| O|  |TAMS 0x0000000088100000, 0x0000000088000000| Untracked 
| 129|0x0000000088100000, 0x0000000088200000, 0x0000000088200000|100%| O|  |TAMS 0x0000000088200000, 0x0000000088100000| Untracked 
| 130|0x0000000088200000, 0x0000000088300000, 0x0000000088300000|100%| O|  |TAMS 0x0000000088300000, 0x0000000088200000| Untracked 
| 131|0x0000000088300000, 0x0000000088400000, 0x0000000088400000|100%| O|  |TAMS 0x0000000088400000, 0x0000000088300000| Untracked 
| 132|0x0000000088400000, 0x0000000088500000, 0x0000000088500000|100%| O|  |TAMS 0x0000000088500000, 0x0000000088400000| Untracked 
| 133|0x0000000088500000, 0x0000000088600000, 0x0000000088600000|100%| O|  |TAMS 0x0000000088600000, 0x0000000088500000| Untracked 
| 134|0x0000000088600000, 0x0000000088700000, 0x0000000088700000|100%| O|  |TAMS 0x0000000088600000, 0x0000000088600000| Untracked 
| 135|0x0000000088700000, 0x0000000088800000, 0x0000000088800000|100%| O|  |TAMS 0x0000000088700000, 0x0000000088700000| Untracked 
| 136|0x0000000088800000, 0x0000000088900000, 0x0000000088900000|100%| O|  |TAMS 0x0000000088800000, 0x0000000088800000| Untracked 
| 137|0x0000000088900000, 0x0000000088a00000, 0x0000000088a00000|100%| O|  |TAMS 0x0000000088900000, 0x0000000088900000| Untracked 
| 138|0x0000000088a00000, 0x0000000088b00000, 0x0000000088b00000|100%| O|  |TAMS 0x0000000088a00000, 0x0000000088a00000| Untracked 
| 139|0x0000000088b00000, 0x0000000088c00000, 0x0000000088c00000|100%| O|  |TAMS 0x0000000088b00000, 0x0000000088b00000| Untracked 
| 140|0x0000000088c00000, 0x0000000088d00000, 0x0000000088d00000|100%| O|  |TAMS 0x0000000088c00000, 0x0000000088c00000| Untracked 
| 141|0x0000000088d00000, 0x0000000088e00000, 0x0000000088e00000|100%| O|  |TAMS 0x0000000088d00000, 0x0000000088d00000| Untracked 
| 142|0x0000000088e00000, 0x0000000088f00000, 0x0000000088f00000|100%| O|  |TAMS 0x0000000088e00000, 0x0000000088e00000| Untracked 
| 143|0x0000000088f00000, 0x0000000089000000, 0x0000000089000000|100%| O|  |TAMS 0x0000000088f00000, 0x0000000088f00000| Untracked 
| 144|0x0000000089000000, 0x000000008902e200, 0x0000000089100000| 18%| O|  |TAMS 0x0000000089000000, 0x0000000089000000| Untracked 
| 145|0x0000000089100000, 0x0000000089100000, 0x0000000089200000|  0%| F|  |TAMS 0x0000000089100000, 0x0000000089100000| Untracked 
| 146|0x0000000089200000, 0x0000000089200000, 0x0000000089300000|  0%| F|  |TAMS 0x0000000089200000, 0x0000000089200000| Untracked 
| 147|0x0000000089300000, 0x0000000089300000, 0x0000000089400000|  0%| F|  |TAMS 0x0000000089300000, 0x0000000089300000| Untracked 
| 148|0x0000000089400000, 0x0000000089400000, 0x0000000089500000|  0%| F|  |TAMS 0x0000000089400000, 0x0000000089400000| Untracked 
| 149|0x0000000089500000, 0x0000000089500000, 0x0000000089600000|  0%| F|  |TAMS 0x0000000089500000, 0x0000000089500000| Untracked 
| 150|0x0000000089600000, 0x0000000089600000, 0x0000000089700000|  0%| F|  |TAMS 0x0000000089600000, 0x0000000089600000| Untracked 
| 151|0x0000000089700000, 0x0000000089700000, 0x0000000089800000|  0%| F|  |TAMS 0x0000000089700000, 0x0000000089700000| Untracked 
| 152|0x0000000089800000, 0x0000000089800000, 0x0000000089900000|  0%| F|  |TAMS 0x0000000089800000, 0x0000000089800000| Untracked 
| 153|0x0000000089900000, 0x0000000089900000, 0x0000000089a00000|  0%| F|  |TAMS 0x0000000089900000, 0x0000000089900000| Untracked 
| 154|0x0000000089a00000, 0x0000000089a00000, 0x0000000089b00000|  0%| F|  |TAMS 0x0000000089a00000, 0x0000000089a00000| Untracked 
| 155|0x0000000089b00000, 0x0000000089b00000, 0x0000000089c00000|  0%| F|  |TAMS 0x0000000089b00000, 0x0000000089b00000| Untracked 
| 156|0x0000000089c00000, 0x0000000089c00000, 0x0000000089d00000|  0%| F|  |TAMS 0x0000000089c00000, 0x0000000089c00000| Untracked 
| 157|0x0000000089d00000, 0x0000000089d00000, 0x0000000089e00000|  0%| F|  |TAMS 0x0000000089d00000, 0x0000000089d00000| Untracked 
| 158|0x0000000089e00000, 0x0000000089e00000, 0x0000000089f00000|  0%| F|  |TAMS 0x0000000089e00000, 0x0000000089e00000| Untracked 
| 159|0x0000000089f00000, 0x0000000089f00000, 0x000000008a000000|  0%| F|  |TAMS 0x0000000089f00000, 0x0000000089f00000| Untracked 
| 160|0x000000008a000000, 0x000000008a000000, 0x000000008a100000|  0%| F|  |TAMS 0x000000008a000000, 0x000000008a000000| Untracked 
| 161|0x000000008a100000, 0x000000008a100000, 0x000000008a200000|  0%| F|  |TAMS 0x000000008a100000, 0x000000008a100000| Untracked 
| 162|0x000000008a200000, 0x000000008a200000, 0x000000008a300000|  0%| F|  |TAMS 0x000000008a200000, 0x000000008a200000| Untracked 
| 163|0x000000008a300000, 0x000000008a300000, 0x000000008a400000|  0%| F|  |TAMS 0x000000008a300000, 0x000000008a300000| Untracked 
| 164|0x000000008a400000, 0x000000008a400000, 0x000000008a500000|  0%| F|  |TAMS 0x000000008a400000, 0x000000008a400000| Untracked 
| 165|0x000000008a500000, 0x000000008a500000, 0x000000008a600000|  0%| F|  |TAMS 0x000000008a500000, 0x000000008a500000| Untracked 
| 166|0x000000008a600000, 0x000000008a600000, 0x000000008a700000|  0%| F|  |TAMS 0x000000008a600000, 0x000000008a600000| Untracked 
| 167|0x000000008a700000, 0x000000008a700000, 0x000000008a800000|  0%| F|  |TAMS 0x000000008a700000, 0x000000008a700000| Untracked 
| 168|0x000000008a800000, 0x000000008a800000, 0x000000008a900000|  0%| F|  |TAMS 0x000000008a800000, 0x000000008a800000| Untracked 
| 169|0x000000008a900000, 0x000000008a900000, 0x000000008aa00000|  0%| F|  |TAMS 0x000000008a900000, 0x000000008a900000| Untracked 
| 170|0x000000008aa00000, 0x000000008aad98e0, 0x000000008ab00000| 84%| S|CS|TAMS 0x000000008aa00000, 0x000000008aa00000| Complete 
| 171|0x000000008ab00000, 0x000000008ac00000, 0x000000008ac00000|100%| S|CS|TAMS 0x000000008ab00000, 0x000000008ab00000| Complete 
| 172|0x000000008ac00000, 0x000000008ac00000, 0x000000008ad00000|  0%| F|  |TAMS 0x000000008ac00000, 0x000000008ac00000| Untracked 
| 173|0x000000008ad00000, 0x000000008ad00000, 0x000000008ae00000|  0%| F|  |TAMS 0x000000008ad00000, 0x000000008ad00000| Untracked 
| 174|0x000000008ae00000, 0x000000008ae00000, 0x000000008af00000|  0%| F|  |TAMS 0x000000008ae00000, 0x000000008ae00000| Untracked 
| 175|0x000000008af00000, 0x000000008af00000, 0x000000008b000000|  0%| F|  |TAMS 0x000000008af00000, 0x000000008af00000| Untracked 
| 176|0x000000008b000000, 0x000000008b100000, 0x000000008b100000|100%| S|CS|TAMS 0x000000008b000000, 0x000000008b000000| Complete 
| 177|0x000000008b100000, 0x000000008b200000, 0x000000008b200000|100%| S|CS|TAMS 0x000000008b100000, 0x000000008b100000| Complete 
| 178|0x000000008b200000, 0x000000008b300000, 0x000000008b300000|100%| S|CS|TAMS 0x000000008b200000, 0x000000008b200000| Complete 
| 179|0x000000008b300000, 0x000000008b300000, 0x000000008b400000|  0%| F|  |TAMS 0x000000008b300000, 0x000000008b300000| Untracked 
| 180|0x000000008b400000, 0x000000008b400000, 0x000000008b500000|  0%| F|  |TAMS 0x000000008b400000, 0x000000008b400000| Untracked 
| 181|0x000000008b500000, 0x000000008b600000, 0x000000008b600000|100%| S|CS|TAMS 0x000000008b500000, 0x000000008b500000| Complete 
| 182|0x000000008b600000, 0x000000008b700000, 0x000000008b700000|100%| S|CS|TAMS 0x000000008b600000, 0x000000008b600000| Complete 
| 183|0x000000008b700000, 0x000000008b800000, 0x000000008b800000|100%| S|CS|TAMS 0x000000008b700000, 0x000000008b700000| Complete 
| 184|0x000000008b800000, 0x000000008b800000, 0x000000008b900000|  0%| F|  |TAMS 0x000000008b800000, 0x000000008b800000| Untracked 
| 185|0x000000008b900000, 0x000000008b900000, 0x000000008ba00000|  0%| F|  |TAMS 0x000000008b900000, 0x000000008b900000| Untracked 
| 186|0x000000008ba00000, 0x000000008ba00000, 0x000000008bb00000|  0%| F|  |TAMS 0x000000008ba00000, 0x000000008ba00000| Untracked 
| 187|0x000000008bb00000, 0x000000008bb00000, 0x000000008bc00000|  0%| F|  |TAMS 0x000000008bb00000, 0x000000008bb00000| Untracked 
| 188|0x000000008bc00000, 0x000000008bc00000, 0x000000008bd00000|  0%| F|  |TAMS 0x000000008bc00000, 0x000000008bc00000| Untracked 
| 189|0x000000008bd00000, 0x000000008bd00000, 0x000000008be00000|  0%| F|  |TAMS 0x000000008bd00000, 0x000000008bd00000| Untracked 
| 190|0x000000008be00000, 0x000000008be00000, 0x000000008bf00000|  0%| F|  |TAMS 0x000000008be00000, 0x000000008be00000| Untracked 
| 191|0x000000008bf00000, 0x000000008bf00000, 0x000000008c000000|  0%| F|  |TAMS 0x000000008bf00000, 0x000000008bf00000| Untracked 
| 192|0x000000008c000000, 0x000000008c000000, 0x000000008c100000|  0%| F|  |TAMS 0x000000008c000000, 0x000000008c000000| Untracked 
| 193|0x000000008c100000, 0x000000008c100000, 0x000000008c200000|  0%| F|  |TAMS 0x000000008c100000, 0x000000008c100000| Untracked 
| 194|0x000000008c200000, 0x000000008c200000, 0x000000008c300000|  0%| F|  |TAMS 0x000000008c200000, 0x000000008c200000| Untracked 
| 195|0x000000008c300000, 0x000000008c300000, 0x000000008c400000|  0%| F|  |TAMS 0x000000008c300000, 0x000000008c300000| Untracked 
| 196|0x000000008c400000, 0x000000008c400000, 0x000000008c500000|  0%| F|  |TAMS 0x000000008c400000, 0x000000008c400000| Untracked 
| 197|0x000000008c500000, 0x000000008c500000, 0x000000008c600000|  0%| F|  |TAMS 0x000000008c500000, 0x000000008c500000| Untracked 
| 198|0x000000008c600000, 0x000000008c66f3d0, 0x000000008c700000| 43%| E|  |TAMS 0x000000008c600000, 0x000000008c600000| Complete 
| 199|0x000000008c700000, 0x000000008c800000, 0x000000008c800000|100%| E|CS|TAMS 0x000000008c700000, 0x000000008c700000| Complete 
| 200|0x000000008c800000, 0x000000008c900000, 0x000000008c900000|100%| E|CS|TAMS 0x000000008c800000, 0x000000008c800000| Complete 
| 201|0x000000008c900000, 0x000000008ca00000, 0x000000008ca00000|100%| E|CS|TAMS 0x000000008c900000, 0x000000008c900000| Complete 
| 202|0x000000008ca00000, 0x000000008cb00000, 0x000000008cb00000|100%| E|CS|TAMS 0x000000008ca00000, 0x000000008ca00000| Complete 
| 203|0x000000008cb00000, 0x000000008cc00000, 0x000000008cc00000|100%| E|CS|TAMS 0x000000008cb00000, 0x000000008cb00000| Complete 
| 204|0x000000008cc00000, 0x000000008cd00000, 0x000000008cd00000|100%| E|CS|TAMS 0x000000008cc00000, 0x000000008cc00000| Complete 
| 205|0x000000008cd00000, 0x000000008ce00000, 0x000000008ce00000|100%| E|CS|TAMS 0x000000008cd00000, 0x000000008cd00000| Complete 
| 206|0x000000008ce00000, 0x000000008cf00000, 0x000000008cf00000|100%| E|CS|TAMS 0x000000008ce00000, 0x000000008ce00000| Complete 
| 207|0x000000008cf00000, 0x000000008d000000, 0x000000008d000000|100%| E|CS|TAMS 0x000000008cf00000, 0x000000008cf00000| Complete 
| 208|0x000000008d000000, 0x000000008d100000, 0x000000008d100000|100%| E|CS|TAMS 0x000000008d000000, 0x000000008d000000| Complete 
| 209|0x000000008d100000, 0x000000008d200000, 0x000000008d200000|100%| E|CS|TAMS 0x000000008d100000, 0x000000008d100000| Complete 
| 210|0x000000008d200000, 0x000000008d300000, 0x000000008d300000|100%| E|CS|TAMS 0x000000008d200000, 0x000000008d200000| Complete 
| 211|0x000000008d300000, 0x000000008d400000, 0x000000008d400000|100%| E|CS|TAMS 0x000000008d300000, 0x000000008d300000| Complete 
| 212|0x000000008d400000, 0x000000008d500000, 0x000000008d500000|100%| E|CS|TAMS 0x000000008d400000, 0x000000008d400000| Complete 
| 213|0x000000008d500000, 0x000000008d600000, 0x000000008d600000|100%| E|CS|TAMS 0x000000008d500000, 0x000000008d500000| Complete 
| 214|0x000000008d600000, 0x000000008d700000, 0x000000008d700000|100%| E|CS|TAMS 0x000000008d600000, 0x000000008d600000| Complete 
| 215|0x000000008d700000, 0x000000008d800000, 0x000000008d800000|100%| E|CS|TAMS 0x000000008d700000, 0x000000008d700000| Complete 
| 216|0x000000008d800000, 0x000000008d900000, 0x000000008d900000|100%| E|CS|TAMS 0x000000008d800000, 0x000000008d800000| Complete 
| 217|0x000000008d900000, 0x000000008da00000, 0x000000008da00000|100%| E|CS|TAMS 0x000000008d900000, 0x000000008d900000| Complete 
| 218|0x000000008da00000, 0x000000008db00000, 0x000000008db00000|100%| E|CS|TAMS 0x000000008da00000, 0x000000008da00000| Complete 
| 219|0x000000008db00000, 0x000000008dc00000, 0x000000008dc00000|100%| E|CS|TAMS 0x000000008db00000, 0x000000008db00000| Complete 
| 220|0x000000008dc00000, 0x000000008dd00000, 0x000000008dd00000|100%| E|CS|TAMS 0x000000008dc00000, 0x000000008dc00000| Complete 
| 221|0x000000008dd00000, 0x000000008de00000, 0x000000008de00000|100%| E|CS|TAMS 0x000000008dd00000, 0x000000008dd00000| Complete 
| 222|0x000000008de00000, 0x000000008df00000, 0x000000008df00000|100%| E|CS|TAMS 0x000000008de00000, 0x000000008de00000| Complete 
| 223|0x000000008df00000, 0x000000008e000000, 0x000000008e000000|100%| E|CS|TAMS 0x000000008df00000, 0x000000008df00000| Complete 
| 224|0x000000008e000000, 0x000000008e100000, 0x000000008e100000|100%| E|CS|TAMS 0x000000008e000000, 0x000000008e000000| Complete 
| 225|0x000000008e100000, 0x000000008e200000, 0x000000008e200000|100%| E|CS|TAMS 0x000000008e100000, 0x000000008e100000| Complete 
| 226|0x000000008e200000, 0x000000008e300000, 0x000000008e300000|100%| E|CS|TAMS 0x000000008e200000, 0x000000008e200000| Complete 
| 227|0x000000008e300000, 0x000000008e400000, 0x000000008e400000|100%| E|CS|TAMS 0x000000008e300000, 0x000000008e300000| Complete 
| 228|0x000000008e400000, 0x000000008e500000, 0x000000008e500000|100%| E|CS|TAMS 0x000000008e400000, 0x000000008e400000| Complete 
| 229|0x000000008e500000, 0x000000008e600000, 0x000000008e600000|100%| E|CS|TAMS 0x000000008e500000, 0x000000008e500000| Complete 
| 230|0x000000008e600000, 0x000000008e700000, 0x000000008e700000|100%| E|CS|TAMS 0x000000008e600000, 0x000000008e600000| Complete 
| 231|0x000000008e700000, 0x000000008e800000, 0x000000008e800000|100%| E|CS|TAMS 0x000000008e700000, 0x000000008e700000| Complete 
| 232|0x000000008e800000, 0x000000008e900000, 0x000000008e900000|100%| E|CS|TAMS 0x000000008e800000, 0x000000008e800000| Complete 
| 233|0x000000008e900000, 0x000000008ea00000, 0x000000008ea00000|100%| E|CS|TAMS 0x000000008e900000, 0x000000008e900000| Complete 
| 234|0x000000008ea00000, 0x000000008eb00000, 0x000000008eb00000|100%| E|CS|TAMS 0x000000008ea00000, 0x000000008ea00000| Complete 
| 235|0x000000008eb00000, 0x000000008ec00000, 0x000000008ec00000|100%| E|CS|TAMS 0x000000008eb00000, 0x000000008eb00000| Complete 
| 236|0x000000008ec00000, 0x000000008ed00000, 0x000000008ed00000|100%| E|CS|TAMS 0x000000008ec00000, 0x000000008ec00000| Complete 
| 237|0x000000008ed00000, 0x000000008ee00000, 0x000000008ee00000|100%| E|CS|TAMS 0x000000008ed00000, 0x000000008ed00000| Complete 
| 238|0x000000008ee00000, 0x000000008ef00000, 0x000000008ef00000|100%| E|CS|TAMS 0x000000008ee00000, 0x000000008ee00000| Complete 
| 239|0x000000008ef00000, 0x000000008f000000, 0x000000008f000000|100%| E|CS|TAMS 0x000000008ef00000, 0x000000008ef00000| Complete 
| 240|0x000000008f000000, 0x000000008f100000, 0x000000008f100000|100%| E|CS|TAMS 0x000000008f000000, 0x000000008f000000| Complete 
| 241|0x000000008f100000, 0x000000008f200000, 0x000000008f200000|100%| E|CS|TAMS 0x000000008f100000, 0x000000008f100000| Complete 
| 242|0x000000008f200000, 0x000000008f300000, 0x000000008f300000|100%| E|CS|TAMS 0x000000008f200000, 0x000000008f200000| Complete 
| 243|0x000000008f300000, 0x000000008f400000, 0x000000008f400000|100%| E|CS|TAMS 0x000000008f300000, 0x000000008f300000| Complete 
| 244|0x000000008f400000, 0x000000008f500000, 0x000000008f500000|100%| E|CS|TAMS 0x000000008f400000, 0x000000008f400000| Complete 
| 245|0x000000008f500000, 0x000000008f600000, 0x000000008f600000|100%| E|CS|TAMS 0x000000008f500000, 0x000000008f500000| Complete 
| 246|0x000000008f600000, 0x000000008f700000, 0x000000008f700000|100%| E|CS|TAMS 0x000000008f600000, 0x000000008f600000| Complete 
| 247|0x000000008f700000, 0x000000008f800000, 0x000000008f800000|100%| E|CS|TAMS 0x000000008f700000, 0x000000008f700000| Complete 
| 248|0x000000008f800000, 0x000000008f900000, 0x000000008f900000|100%| E|CS|TAMS 0x000000008f800000, 0x000000008f800000| Complete 
| 249|0x000000008f900000, 0x000000008fa00000, 0x000000008fa00000|100%| E|CS|TAMS 0x000000008f900000, 0x000000008f900000| Complete 

Card table byte_map: [0x000001be742d0000,0x000001be746d0000] _byte_map_base: 0x000001be73ed0000

Marking Bits (Prev, Next): (CMBitMap*) 0x000001be6140e8f0, (CMBitMap*) 0x000001be6140e8b8
 Prev Bits: [0x000001be76ad0000, 0x000001be78ad0000)
 Next Bits: [0x000001be74ad0000, 0x000001be76ad0000)

Polling page: 0x000001be60bb0000

Metaspace:

Usage:
  Non-class:    101.35 MB capacity,    99.56 MB ( 98%) used,     1.42 MB (  1%) free+waste,   377.44 KB ( <1%) overhead. 
      Class:     15.34 MB capacity,    14.25 MB ( 93%) used,   952.49 KB (  6%) free+waste,   164.06 KB (  1%) overhead. 
       Both:    116.69 MB capacity,   113.81 MB ( 98%) used,     2.35 MB (  2%) free+waste,   541.50 KB ( <1%) overhead. 

Virtual space:
  Non-class space:      102.00 MB reserved,     101.50 MB (>99%) committed 
      Class space:        1.00 GB reserved,      15.45 MB (  2%) committed 
             Both:        1.10 GB reserved,     116.95 MB ( 10%) committed 

Chunk freelists:
   Non-Class:  24.00 KB
       Class:  0 bytes
        Both:  24.00 KB

MaxMetaspaceSize: 17179869184.00 GB
CompressedClassSpaceSize: 1.00 GB

CodeHeap 'non-profiled nmethods': size=120064Kb used=14072Kb max_used=14378Kb free=105992Kb
 bounds [0x000001be6c990000, 0x000001be6d7e0000, 0x000001be73ed0000]
CodeHeap 'profiled nmethods': size=120000Kb used=41188Kb max_used=42586Kb free=78811Kb
 bounds [0x000001be65460000, 0x000001be67ec0000, 0x000001be6c990000]
CodeHeap 'non-nmethods': size=5696Kb used=2341Kb max_used=2438Kb free=3354Kb
 bounds [0x000001be64ed0000, 0x000001be65150000, 0x000001be65460000]
 total_blobs=18784 nmethods=17821 adapters=872
 compilation: enabled
              stopped_count=0, restarted_count=0
 full_count=0

Compilation events (20 events):
Event: 100.168 Thread 0x000001be7afc6000 20649       2       com.android.tools.r8.graph.C::c (28 bytes)
Event: 100.168 Thread 0x000001be7afc6000 nmethod 20649 0x000001be655b9890 code [0x000001be655b9a40, 0x000001be655b9c08]
Event: 100.169 Thread 0x000001be05994000 nmethod 20534 0x000001be6cd47210 code [0x000001be6cd473a0, 0x000001be6cd47658]
Event: 100.169 Thread 0x000001be05994000 20617       4       com.android.tools.r8.internal.iO0::a (59 bytes)
Event: 100.171 Thread 0x000001be05994000 nmethod 20617 0x000001be6cd46e10 code [0x000001be6cd46fc0, 0x000001be6cd470d8]
Event: 100.171 Thread 0x000001be05994000 20618       4       com.android.tools.r8.internal.Gd1::a (45 bytes)
Event: 100.172 Thread 0x000001be05994000 nmethod 20618 0x000001be6cd43110 code [0x000001be6cd432a0, 0x000001be6cd43338]
Event: 100.172 Thread 0x000001be05994000 20628       4       com.android.tools.r8.internal.eB0::<init> (107 bytes)
Event: 100.192 Thread 0x000001be7afc6000 20653       2       com.android.tools.r8.internal.qD0::<init> (10 bytes)
Event: 100.192 Thread 0x000001be7afc6000 nmethod 20653 0x000001be6558eb10 code [0x000001be6558ecc0, 0x000001be6558edf8]
Event: 100.195 Thread 0x000001be05994000 nmethod 20628 0x000001be6cd9d710 code [0x000001be6cd9d900, 0x000001be6cd9e398]
Event: 100.195 Thread 0x000001be05994000 20651       4       com.android.tools.r8.internal.Ri1::b (1684 bytes)
Event: 100.258 Thread 0x000001be7afc6000 20655 %     3       com.android.tools.r8.internal.yk1::a @ 7 (114 bytes)
Event: 100.260 Thread 0x000001be7afc6000 nmethod 20655% 0x000001be6591f290 code [0x000001be6591f580, 0x000001be65920818]
Event: 100.260 Thread 0x000001be7afc6000 20656       3       com.android.tools.r8.internal.yk1::a (114 bytes)
Event: 100.262 Thread 0x000001be7afc6000 nmethod 20656 0x000001be65aa9f90 code [0x000001be65aaa280, 0x000001be65aab438]
Event: 100.295 Thread 0x000001be7afc6000 20660       2       com.android.tools.r8.internal.I::m (7 bytes)
Event: 100.296 Thread 0x000001be7afc6000 nmethod 20660 0x000001be655c6e90 code [0x000001be655c7040, 0x000001be655c7158]
Event: 100.326 Thread 0x000001be7afc6000 20662       2       com.android.tools.r8.internal.AH0::a (18 bytes)
Event: 100.326 Thread 0x000001be7afc6000 nmethod 20662 0x000001be655c6b10 code [0x000001be655c6cc0, 0x000001be655c6e08]

GC Heap History (20 events):
Event: 89.885 GC heap before
{Heap before GC invocations=74 (full 0):
 garbage-first heap   total 256000K, used 223776K [0x0000000080000000, 0x0000000100000000)
  region size 1024K, 89 young (91136K), 7 survivors (7168K)
 Metaspace       used 116384K, capacity 119329K, committed 119372K, reserved 1153024K
  class space    used 14571K, capacity 15678K, committed 15692K, reserved 1048576K
}
Event: 89.903 GC heap after
{Heap after GC invocations=75 (full 0):
 garbage-first heap   total 256000K, used 137061K [0x0000000080000000, 0x0000000100000000)
  region size 1024K, 5 young (5120K), 5 survivors (5120K)
 Metaspace       used 116384K, capacity 119329K, committed 119372K, reserved 1153024K
  class space    used 14571K, capacity 15678K, committed 15692K, reserved 1048576K
}
Event: 91.994 GC heap before
{Heap before GC invocations=75 (full 0):
 garbage-first heap   total 256000K, used 222053K [0x0000000080000000, 0x0000000100000000)
  region size 1024K, 89 young (91136K), 5 survivors (5120K)
 Metaspace       used 116434K, capacity 119442K, committed 119756K, reserved 1153024K
  class space    used 14579K, capacity 15694K, committed 15820K, reserved 1048576K
}
Event: 92.009 GC heap after
{Heap after GC invocations=76 (full 0):
 garbage-first heap   total 256000K, used 136475K [0x0000000080000000, 0x0000000100000000)
  region size 1024K, 4 young (4096K), 4 survivors (4096K)
 Metaspace       used 116434K, capacity 119442K, committed 119756K, reserved 1153024K
  class space    used 14579K, capacity 15694K, committed 15820K, reserved 1048576K
}
Event: 93.652 GC heap before
{Heap before GC invocations=76 (full 0):
 garbage-first heap   total 256000K, used 223515K [0x0000000080000000, 0x0000000100000000)
  region size 1024K, 90 young (92160K), 4 survivors (4096K)
 Metaspace       used 116487K, capacity 119465K, committed 119756K, reserved 1153024K
  class space    used 14581K, capacity 15697K, committed 15820K, reserved 1048576K
}
Event: 93.673 GC heap after
{Heap after GC invocations=77 (full 0):
 garbage-first heap   total 256000K, used 140771K [0x0000000080000000, 0x0000000100000000)
  region size 1024K, 9 young (9216K), 9 survivors (9216K)
 Metaspace       used 116487K, capacity 119465K, committed 119756K, reserved 1153024K
  class space    used 14581K, capacity 15697K, committed 15820K, reserved 1048576K
}
Event: 95.302 GC heap before
{Heap before GC invocations=77 (full 0):
 garbage-first heap   total 256000K, used 219619K [0x0000000080000000, 0x0000000100000000)
  region size 1024K, 86 young (88064K), 9 survivors (9216K)
 Metaspace       used 116496K, capacity 119467K, committed 119756K, reserved 1153024K
  class space    used 14581K, capacity 15697K, committed 15820K, reserved 1048576K
}
Event: 95.336 GC heap after
{Heap after GC invocations=78 (full 0):
 garbage-first heap   total 256000K, used 146992K [0x0000000080000000, 0x0000000100000000)
  region size 1024K, 11 young (11264K), 11 survivors (11264K)
 Metaspace       used 116496K, capacity 119467K, committed 119756K, reserved 1153024K
  class space    used 14581K, capacity 15697K, committed 15820K, reserved 1048576K
}
Event: 96.123 GC heap before
{Heap before GC invocations=78 (full 0):
 garbage-first heap   total 256000K, used 217648K [0x0000000080000000, 0x0000000100000000)
  region size 1024K, 80 young (81920K), 11 survivors (11264K)
 Metaspace       used 116505K, capacity 119467K, committed 119756K, reserved 1153024K
  class space    used 14581K, capacity 15697K, committed 15820K, reserved 1048576K
}
Event: 96.147 GC heap after
{Heap after GC invocations=79 (full 0):
 garbage-first heap   total 256000K, used 149221K [0x0000000080000000, 0x0000000100000000)
  region size 1024K, 3 young (3072K), 3 survivors (3072K)
 Metaspace       used 116505K, capacity 119467K, committed 119756K, reserved 1153024K
  class space    used 14581K, capacity 15697K, committed 15820K, reserved 1048576K
}
Event: 97.049 GC heap before
{Heap before GC invocations=79 (full 0):
 garbage-first heap   total 256000K, used 217829K [0x0000000080000000, 0x0000000100000000)
  region size 1024K, 70 young (71680K), 3 survivors (3072K)
 Metaspace       used 116506K, capacity 119467K, committed 119756K, reserved 1153024K
  class space    used 14581K, capacity 15697K, committed 15820K, reserved 1048576K
}
Event: 97.061 GC heap after
{Heap after GC invocations=80 (full 0):
 garbage-first heap   total 256000K, used 150159K [0x0000000080000000, 0x0000000100000000)
  region size 1024K, 4 young (4096K), 4 survivors (4096K)
 Metaspace       used 116506K, capacity 119467K, committed 119756K, reserved 1153024K
  class space    used 14581K, capacity 15697K, committed 15820K, reserved 1048576K
}
Event: 97.718 GC heap before
{Heap before GC invocations=80 (full 0):
 garbage-first heap   total 256000K, used 218767K [0x0000000080000000, 0x0000000100000000)
  region size 1024K, 71 young (72704K), 4 survivors (4096K)
 Metaspace       used 116510K, capacity 119467K, committed 119756K, reserved 1153024K
  class space    used 14581K, capacity 15697K, committed 15820K, reserved 1048576K
}
Event: 97.723 GC heap after
{Heap after GC invocations=81 (full 0):
 garbage-first heap   total 256000K, used 148691K [0x0000000080000000, 0x0000000100000000)
  region size 1024K, 2 young (2048K), 2 survivors (2048K)
 Metaspace       used 116510K, capacity 119467K, committed 119756K, reserved 1153024K
  class space    used 14581K, capacity 15697K, committed 15820K, reserved 1048576K
}
Event: 98.353 GC heap before
{Heap before GC invocations=81 (full 0):
 garbage-first heap   total 256000K, used 219347K [0x0000000080000000, 0x0000000100000000)
  region size 1024K, 71 young (72704K), 2 survivors (2048K)
 Metaspace       used 116524K, capacity 119486K, committed 119756K, reserved 1153024K
  class space    used 14586K, capacity 15704K, committed 15820K, reserved 1048576K
}
Event: 98.359 GC heap after
{Heap after GC invocations=82 (full 0):
 garbage-first heap   total 256000K, used 148829K [0x0000000080000000, 0x0000000100000000)
  region size 1024K, 3 young (3072K), 3 survivors (3072K)
 Metaspace       used 116524K, capacity 119486K, committed 119756K, reserved 1153024K
  class space    used 14586K, capacity 15704K, committed 15820K, reserved 1048576K
}
Event: 99.519 GC heap before
{Heap before GC invocations=82 (full 0):
 garbage-first heap   total 256000K, used 218461K [0x0000000080000000, 0x0000000100000000)
  region size 1024K, 72 young (73728K), 3 survivors (3072K)
 Metaspace       used 116526K, capacity 119486K, committed 119756K, reserved 1153024K
  class space    used 14587K, capacity 15704K, committed 15820K, reserved 1048576K
}
Event: 99.525 GC heap after
{Heap after GC invocations=83 (full 0):
 garbage-first heap   total 256000K, used 152421K [0x0000000080000000, 0x0000000100000000)
  region size 1024K, 6 young (6144K), 6 survivors (6144K)
 Metaspace       used 116526K, capacity 119486K, committed 119756K, reserved 1153024K
  class space    used 14587K, capacity 15704K, committed 15820K, reserved 1048576K
}
Event: 100.147 GC heap before
{Heap before GC invocations=83 (full 0):
 garbage-first heap   total 256000K, used 218981K [0x0000000080000000, 0x0000000100000000)
  region size 1024K, 72 young (73728K), 6 survivors (6144K)
 Metaspace       used 116537K, capacity 119489K, committed 119756K, reserved 1153024K
  class space    used 14588K, capacity 15705K, committed 15820K, reserved 1048576K
}
Event: 100.162 GC heap after
{Heap after GC invocations=84 (full 0):
 garbage-first heap   total 256000K, used 155678K [0x0000000080000000, 0x0000000100000000)
  region size 1024K, 8 young (8192K), 8 survivors (8192K)
 Metaspace       used 116537K, capacity 119489K, committed 119756K, reserved 1153024K
  class space    used 14588K, capacity 15705K, committed 15820K, reserved 1048576K
}

Deoptimization events (20 events):
Event: 99.969 Thread 0x000001be013d5800 DEOPT PACKING pc=0x000001be674f8280 sp=0x00000039d88fa260
Event: 99.969 Thread 0x000001be013d5800 DEOPT UNPACKING pc=0x000001be64ef6dde sp=0x00000039d88f9b48 mode 0
Event: 100.011 Thread 0x000001be7d06f800 DEOPT PACKING pc=0x000001be67e27e17 sp=0x00000039d60f2900
Event: 100.011 Thread 0x000001be7d06f800 DEOPT UNPACKING pc=0x000001be64ef6dde sp=0x00000039d60f21b8 mode 0
Event: 100.120 Thread 0x000001be7d06f800 DEOPT PACKING pc=0x000001be67e27e17 sp=0x00000039d60f2900
Event: 100.120 Thread 0x000001be7d06f800 DEOPT UNPACKING pc=0x000001be64ef6dde sp=0x00000039d60f21b8 mode 0
Event: 100.187 Thread 0x000001be7e33a800 DEOPT PACKING pc=0x000001be66114b60 sp=0x00000039d9af9690
Event: 100.187 Thread 0x000001be7e33a800 DEOPT UNPACKING pc=0x000001be64ef6dde sp=0x00000039d9af8d28 mode 0
Event: 100.255 Thread 0x000001be7d06f800 Uncommon trap: trap_request=0xffffffde fr.pc=0x000001be6d569f8c relative=0x0000000000005f8c
Event: 100.255 Thread 0x000001be7d06f800 Uncommon trap: reason=class_check action=maybe_recompile pc=0x000001be6d569f8c method=com.android.tools.r8.internal.QE0.a(Lcom/android/tools/r8/internal/TR0;IZ)V @ 523 c2
Event: 100.255 Thread 0x000001be7d06f800 DEOPT PACKING pc=0x000001be6d569f8c sp=0x00000039d60f2810
Event: 100.255 Thread 0x000001be7d06f800 DEOPT UNPACKING pc=0x000001be64ef662f sp=0x00000039d60f2810 mode 2
Event: 100.255 Thread 0x000001be7d06f800 Uncommon trap: trap_request=0xffffffde fr.pc=0x000001be6d569f8c relative=0x0000000000005f8c
Event: 100.255 Thread 0x000001be7d06f800 Uncommon trap: reason=class_check action=maybe_recompile pc=0x000001be6d569f8c method=com.android.tools.r8.internal.QE0.a(Lcom/android/tools/r8/internal/TR0;IZ)V @ 523 c2
Event: 100.255 Thread 0x000001be7d06f800 DEOPT PACKING pc=0x000001be6d569f8c sp=0x00000039d60f2810
Event: 100.255 Thread 0x000001be7d06f800 DEOPT UNPACKING pc=0x000001be64ef662f sp=0x00000039d60f2810 mode 2
Event: 100.260 Thread 0x000001be7e33a800 DEOPT PACKING pc=0x000001be65c04620 sp=0x00000039d9af8a80
Event: 100.260 Thread 0x000001be7e33a800 DEOPT UNPACKING pc=0x000001be64ef6dde sp=0x00000039d9af7f68 mode 0
Event: 100.279 Thread 0x000001be7e33a800 DEOPT PACKING pc=0x000001be67e27e17 sp=0x00000039d9af98d0
Event: 100.279 Thread 0x000001be7e33a800 DEOPT UNPACKING pc=0x000001be64ef6dde sp=0x00000039d9af9188 mode 0

Classes redefined (0 events):
No events

Internal exceptions (20 events):
Event: 90.381 Thread 0x000001be7e33a800 Exception <a 'sun/nio/fs/WindowsException'{0x000000008debc8c8}> (0x000000008debc8c8) thrown at [./src/hotspot/share/prims/jni.cpp, line 615]
Event: 91.001 Thread 0x000001be7e33a800 Implicit null exception at 0x000001be6ce5cf95 to 0x000001be6ce5d2d0
Event: 91.009 Thread 0x000001be7e33a800 Exception <a 'sun/nio/fs/WindowsException'{0x000000008ce832c0}> (0x000000008ce832c0) thrown at [./src/hotspot/share/prims/jni.cpp, line 615]
Event: 91.723 Thread 0x000001be7e33a800 Exception <a 'sun/nio/fs/WindowsException'{0x000000008b144fd8}> (0x000000008b144fd8) thrown at [./src/hotspot/share/prims/jni.cpp, line 615]
Event: 92.036 Thread 0x000001be7e33a800 Exception <a 'sun/nio/fs/WindowsException'{0x000000008f5147d0}> (0x000000008f5147d0) thrown at [./src/hotspot/share/prims/jni.cpp, line 615]
Event: 92.386 Thread 0x000001be7e339000 Exception <a 'sun/nio/fs/WindowsException'{0x000000008ea000f0}> (0x000000008ea000f0) thrown at [./src/hotspot/share/prims/jni.cpp, line 615]
Event: 92.785 Thread 0x000001be7e33a800 Exception <a 'sun/nio/fs/WindowsException'{0x000000008d62a1d8}> (0x000000008d62a1d8) thrown at [./src/hotspot/share/prims/jni.cpp, line 615]
Event: 92.906 Thread 0x000001be7e33a800 Exception <a 'sun/nio/fs/WindowsException'{0x000000008d0fe780}> (0x000000008d0fe780) thrown at [./src/hotspot/share/prims/jni.cpp, line 615]
Event: 93.034 Thread 0x000001be7e33a800 Exception <a 'sun/nio/fs/WindowsException'{0x000000008cf9b6e8}> (0x000000008cf9b6e8) thrown at [./src/hotspot/share/prims/jni.cpp, line 615]
Event: 93.091 Thread 0x000001be7e33a800 Exception <a 'sun/nio/fs/WindowsException'{0x000000008c859f60}> (0x000000008c859f60) thrown at [./src/hotspot/share/prims/jni.cpp, line 615]
Event: 93.115 Thread 0x000001be7e339000 Exception <a 'sun/nio/fs/WindowsException'{0x000000008c5dc270}> (0x000000008c5dc270) thrown at [./src/hotspot/share/prims/jni.cpp, line 615]
Event: 93.172 Thread 0x000001be7e339000 Exception <a 'sun/nio/fs/WindowsException'{0x000000008c397bf0}> (0x000000008c397bf0) thrown at [./src/hotspot/share/prims/jni.cpp, line 615]
Event: 93.253 Thread 0x000001be7e339000 Exception <a 'sun/nio/fs/WindowsException'{0x000000008c3f2598}> (0x000000008c3f2598) thrown at [./src/hotspot/share/prims/jni.cpp, line 615]
Event: 93.337 Thread 0x000001be7e33a800 Exception <a 'sun/nio/fs/WindowsException'{0x000000008b711fc0}> (0x000000008b711fc0) thrown at [./src/hotspot/share/prims/jni.cpp, line 615]
Event: 93.371 Thread 0x000001be012d8800 Exception <a 'sun/nio/fs/WindowsException'{0x000000008b614a90}> (0x000000008b614a90) thrown at [./src/hotspot/share/prims/jni.cpp, line 615]
Event: 93.893 Thread 0x000001be012d8800 Exception <a 'sun/nio/fs/WindowsException'{0x000000008f179330}> (0x000000008f179330) thrown at [./src/hotspot/share/prims/jni.cpp, line 615]
Event: 95.734 Thread 0x000001be7e334000 Exception <a 'sun/nio/fs/WindowsException'{0x000000008e2184e8}> (0x000000008e2184e8) thrown at [./src/hotspot/share/prims/jni.cpp, line 615]
Event: 97.527 Thread 0x000001be7e334000 Implicit null exception at 0x000001be6d773693 to 0x000001be6d773c60
Event: 98.182 Thread 0x000001be7e334000 Exception <a 'sun/nio/fs/WindowsException'{0x000000008d3fc220}> (0x000000008d3fc220) thrown at [./src/hotspot/share/prims/jni.cpp, line 615]
Event: 99.533 Thread 0x000001be013d5800 Exception <a 'sun/nio/fs/WindowsException'{0x000000008f7d6b70}> (0x000000008f7d6b70) thrown at [./src/hotspot/share/prims/jni.cpp, line 615]

Events (20 events):
Event: 98.164 loading class com/android/tools/r8/internal/Cp1
Event: 98.164 loading class com/android/tools/r8/internal/Cp1 done
Event: 98.164 loading class com/android/tools/r8/code/I0
Event: 98.164 loading class com/android/tools/r8/code/I0 done
Event: 98.164 loading class com/android/tools/r8/code/I0
Event: 98.164 loading class com/android/tools/r8/code/I0 done
Event: 98.165 loading class com/android/tools/r8/code/I0
Event: 98.165 loading class com/android/tools/r8/code/I0 done
Event: 98.332 Executing VM operation: G1CollectForAllocation
Event: 98.359 Executing VM operation: G1CollectForAllocation done
Event: 98.689 loading class com/android/tools/r8/internal/NR0
Event: 98.689 loading class com/android/tools/r8/internal/NR0 done
Event: 99.488 Executing VM operation: G1CollectForAllocation
Event: 99.525 Executing VM operation: G1CollectForAllocation done
Event: 99.536 loading class com/android/tools/r8/internal/qe1
Event: 99.536 loading class com/android/tools/r8/internal/qe1 done
Event: 100.122 loading class com/android/tools/r8/internal/ZA0
Event: 100.122 loading class com/android/tools/r8/internal/ZA0 done
Event: 100.141 Executing VM operation: G1CollectForAllocation
Event: 100.162 Executing VM operation: G1CollectForAllocation done


Dynamic libraries:
0x00007ff70bdb0000 - 0x00007ff70bdba000 	D:\Android Studio\jre\bin\java.exe
0x00007fff38170000 - 0x00007fff38365000 	C:\Windows\SYSTEM32\ntdll.dll
0x00007fff367f0000 - 0x00007fff368ae000 	C:\Windows\System32\KERNEL32.DLL
0x00007fff35c30000 - 0x00007fff35ef8000 	C:\Windows\System32\KERNELBASE.dll
0x00007fff359a0000 - 0x00007fff35aa0000 	C:\Windows\System32\ucrtbase.dll
0x00007fff11330000 - 0x00007fff11347000 	D:\Android Studio\jre\bin\VCRUNTIME140.dll
0x00007fff0ae50000 - 0x00007fff0ae69000 	D:\Android Studio\jre\bin\jli.dll
0x00007fff37f60000 - 0x00007fff38100000 	C:\Windows\System32\USER32.dll
0x00007fff35b10000 - 0x00007fff35b32000 	C:\Windows\System32\win32u.dll
0x00007fff17830000 - 0x00007fff17aca000 	C:\Windows\WinSxS\amd64_microsoft.windows.common-controls_6595b64144ccf1df_6.0.19041.1110_none_60b5254171f9507e\COMCTL32.dll
0x00007fff37740000 - 0x00007fff3776a000 	C:\Windows\System32\GDI32.dll
0x00007fff36e70000 - 0x00007fff36f0e000 	C:\Windows\System32\msvcrt.dll
0x00007fff36090000 - 0x00007fff3619b000 	C:\Windows\System32\gdi32full.dll
0x00007fff35b40000 - 0x00007fff35bdd000 	C:\Windows\System32\msvcp_win.dll
0x00007fff367c0000 - 0x00007fff367f0000 	C:\Windows\System32\IMM32.DLL
0x00007fff03ee0000 - 0x00007fff03f7d000 	D:\Android Studio\jre\bin\msvcp140.dll
0x00007ffed6af0000 - 0x00007ffed75c5000 	D:\Android Studio\jre\bin\server\jvm.dll
0x00007fff36f10000 - 0x00007fff36fbe000 	C:\Windows\System32\ADVAPI32.dll
0x00007fff37770000 - 0x00007fff3780c000 	C:\Windows\System32\sechost.dll
0x00007fff36a70000 - 0x00007fff36b95000 	C:\Windows\System32\RPCRT4.dll
0x00007fff367b0000 - 0x00007fff367b8000 	C:\Windows\System32\PSAPI.DLL
0x00007fff1d2c0000 - 0x00007fff1d2c9000 	C:\Windows\SYSTEM32\WSOCK32.dll
0x00007fff1db00000 - 0x00007fff1db27000 	C:\Windows\SYSTEM32\WINMM.dll
0x00007fff36cc0000 - 0x00007fff36d2b000 	C:\Windows\System32\WS2_32.dll
0x00007fff2a6d0000 - 0x00007fff2a6da000 	C:\Windows\SYSTEM32\VERSION.dll
0x00007fff33780000 - 0x00007fff33792000 	C:\Windows\SYSTEM32\kernel.appcore.dll
0x00007fff2d360000 - 0x00007fff2d371000 	D:\Android Studio\jre\bin\verify.dll
0x00007fff2fb80000 - 0x00007fff2fd64000 	C:\Windows\SYSTEM32\DBGHELP.DLL
0x00007fff1dac0000 - 0x00007fff1daec000 	C:\Windows\SYSTEM32\dbgcore.DLL
0x00007fff35910000 - 0x00007fff35992000 	C:\Windows\System32\bcryptPrimitives.dll
0x00007fff28f80000 - 0x00007fff28fa9000 	D:\Android Studio\jre\bin\java.dll
0x00007fff2d2e0000 - 0x00007fff2d2eb000 	D:\Android Studio\jre\bin\jimage.dll
0x00007fff20f90000 - 0x00007fff20fa8000 	D:\Android Studio\jre\bin\zip.dll
0x00007fff37810000 - 0x00007fff37f54000 	C:\Windows\System32\SHELL32.dll
0x00007fff33980000 - 0x00007fff34114000 	C:\Windows\SYSTEM32\windows.storage.dll
0x00007fff37220000 - 0x00007fff37574000 	C:\Windows\System32\combase.dll
0x00007fff352d0000 - 0x00007fff352fc000 	C:\Windows\SYSTEM32\Wldp.dll
0x00007fff36fc0000 - 0x00007fff3706d000 	C:\Windows\System32\SHCORE.dll
0x00007fff36c50000 - 0x00007fff36ca5000 	C:\Windows\System32\shlwapi.dll
0x00007fff357a0000 - 0x00007fff357bf000 	C:\Windows\SYSTEM32\profapi.dll
0x00007fff20f70000 - 0x00007fff20f8a000 	D:\Android Studio\jre\bin\net.dll
0x00007fff330a0000 - 0x00007fff331aa000 	C:\Windows\SYSTEM32\WINHTTP.dll
0x00007fff35030000 - 0x00007fff3509a000 	C:\Windows\system32\mswsock.dll
0x00007fff20f50000 - 0x00007fff20f64000 	D:\Android Studio\jre\bin\nio.dll
0x00007fff145b0000 - 0x00007fff145d7000 	C:\Users\mahdj\.gradle\native\e1d6ef7f7dcc3fd88c89a11ec53ec762bb8ba0a96d01ffa2cd45eb1d1d8dd5c5\windows-amd64\native-platform.dll
0x00007ffed4bc0000 - 0x00007ffed4d04000 	C:\Users\mahdj\.gradle\native\5664cfc778a61ccfe75a443a1ab52a65af34e5dc3c78e0209fed803814484fcb\windows-amd64\native-platform-file-events.dll
0x00007fff2bd30000 - 0x00007fff2bd3a000 	D:\Android Studio\jre\bin\management.dll
0x00007fff2bcc0000 - 0x00007fff2bccd000 	D:\Android Studio\jre\bin\management_ext.dll
0x00007fff35220000 - 0x00007fff35238000 	C:\Windows\SYSTEM32\CRYPTSP.dll
0x00007fff34940000 - 0x00007fff34974000 	C:\Windows\system32\rsaenh.dll
0x00007fff35f00000 - 0x00007fff35f27000 	C:\Windows\System32\bcrypt.dll
0x00007fff35760000 - 0x00007fff3578e000 	C:\Windows\SYSTEM32\USERENV.dll
0x00007fff35240000 - 0x00007fff3524c000 	C:\Windows\SYSTEM32\CRYPTBASE.dll
0x00007fff34cd0000 - 0x00007fff34d0b000 	C:\Windows\SYSTEM32\IPHLPAPI.DLL
0x00007fff36cb0000 - 0x00007fff36cb8000 	C:\Windows\System32\NSI.dll
0x00007fff2a800000 - 0x00007fff2a817000 	C:\Windows\SYSTEM32\dhcpcsvc6.DLL
0x00007fff2a7e0000 - 0x00007fff2a7fd000 	C:\Windows\SYSTEM32\dhcpcsvc.DLL
0x00007fff34d20000 - 0x00007fff34deb000 	C:\Windows\SYSTEM32\DNSAPI.dll
0x00007fff34570000 - 0x00007fff345a3000 	C:\Windows\SYSTEM32\ntmarta.dll
0x00007fff18910000 - 0x00007fff18937000 	D:\Android Studio\jre\bin\sunec.dll
0x00007fff21760000 - 0x00007fff2176a000 	C:\Windows\System32\rasadhlp.dll
0x00007fff21640000 - 0x00007fff216bf000 	C:\Windows\System32\fwpuclnt.dll
0x00007fff2f850000 - 0x00007fff2f8e0000 	C:\Windows\system32\apphelp.dll

dbghelp: loaded successfully - version: 4.0.5 - missing functions: none
symbol engine: initialized successfully - sym options: 0x614 - pdb path: .;D:\Android Studio\jre\bin;C:\Windows\SYSTEM32;C:\Windows\WinSxS\amd64_microsoft.windows.common-controls_6595b64144ccf1df_6.0.19041.1110_none_60b5254171f9507e;D:\Android Studio\jre\bin\server;C:\Users\mahdj\.gradle\native\e1d6ef7f7dcc3fd88c89a11ec53ec762bb8ba0a96d01ffa2cd45eb1d1d8dd5c5\windows-amd64;C:\Users\mahdj\.gradle\native\5664cfc778a61ccfe75a443a1ab52a65af34e5dc3c78e0209fed803814484fcb\windows-amd64

VM Arguments:
jvm_args: --add-opens=java.base/java.util=ALL-UNNAMED --add-opens=java.base/java.lang=ALL-UNNAMED --add-opens=java.base/java.lang.invoke=ALL-UNNAMED --add-opens=java.base/java.util=ALL-UNNAMED --add-opens=java.prefs/java.util.prefs=ALL-UNNAMED --add-opens=java.prefs/java.util.prefs=ALL-UNNAMED --add-opens=java.base/java.nio.charset=ALL-UNNAMED --add-opens=java.base/java.net=ALL-UNNAMED --add-opens=java.base/java.util.concurrent.atomic=ALL-UNNAMED -Xmx2048m -Dfile.encoding=UTF-8 -Duser.country=US -Duser.language=en -Duser.variant 
java_command: org.gradle.launcher.daemon.bootstrap.GradleDaemon 7.2
java_class_path (initial): C:\Users\mahdj\.gradle\wrapper\dists\gradle-7.2-bin\2dnblmf4td7x66yl1d74lt32g\gradle-7.2\lib\gradle-launcher-7.2.jar
Launcher Type: SUN_STANDARD

[Global flags]
     intx CICompilerCount                          = 3                                         {product} {ergonomic}
     uint ConcGCThreads                            = 1                                         {product} {ergonomic}
     uint G1ConcRefinementThreads                  = 4                                         {product} {ergonomic}
   size_t G1HeapRegionSize                         = 1048576                                   {product} {ergonomic}
    uintx GCDrainStackTargetSize                   = 64                                        {product} {ergonomic}
   size_t InitialHeapSize                          = 125829120                                 {product} {ergonomic}
   size_t MarkStackSize                            = 4194304                                   {product} {ergonomic}
   size_t MaxHeapSize                              = 2147483648                                {product} {command line}
   size_t MaxNewSize                               = 1287651328                                {product} {ergonomic}
   size_t MinHeapDeltaBytes                        = 1048576                                   {product} {ergonomic}
    uintx NonNMethodCodeHeapSize                   = 5830732                                {pd product} {ergonomic}
    uintx NonProfiledCodeHeapSize                  = 122913754                              {pd product} {ergonomic}
    uintx ProfiledCodeHeapSize                     = 122913754                              {pd product} {ergonomic}
    uintx ReservedCodeCacheSize                    = 251658240                              {pd product} {ergonomic}
     bool SegmentedCodeCache                       = true                                      {product} {ergonomic}
     bool UseCompressedClassPointers               = true                                 {lp64_product} {ergonomic}
     bool UseCompressedOops                        = true                                 {lp64_product} {ergonomic}
     bool UseG1GC                                  = true                                      {product} {ergonomic}
     bool UseLargePagesIndividualAllocation        = false                                  {pd product} {ergonomic}

Logging:
Log output configuration:
 #0: stdout all=warning uptime,level,tags
 #1: stderr all=off uptime,level,tags

Environment Variables:
PATH=C:\Python310\Scripts\;C:\Python310\;D:\oracle\app\oracle\product\11.2.0\server\bin;C:\ProgramData\Oracle\Java\javapath;C:\Program Files\Common Files\Oracle\Java\javapath;C:\Program Files (x86)\Common Files\Oracle\Java\javapath;C:\Windows\system32;C:\Windows;C:\Windows\System32\Wbem;C:\Windows\System32\WindowsPowerShell\v1.0\;C:\Windows\System32\OpenSSH\;C:\Program Files (x86)\Intel\Intel(R) Management Engine Components\DAL;C:\Program Files\Intel\Intel(R) Management Engine Components\DAL;C:\Program Files\dotnet\;C:\Program Files\nodejs\;C:\ProgramData\chocolatey\bin;C:\Program Files\Git\cmd;C:\Program Files\MySQL\MySQL Shell 8.0\bin\;C:\Users\mahdj\AppData\Local\Programs\Python\Python39\Scripts\;C:\Users\mahdj\AppData\Local\Programs\Python\Python39\;C:\Users\mahdj\AppData\Local\Microsoft\WindowsApps;C:\Users\mahdj\AppData\Local\Programs\Microsoft VS Code\bin;C:\Users\mahdj\AppData\Local\GitHubDesktop\bin;C:\Users\mahdj\.dotnet\tools;C:\HyperTerminal\resources\bin;C:\Users\mahdj\AppData\Roaming\npm
USERNAME=mahdj
OS=Windows_NT
PROCESSOR_IDENTIFIER=Intel64 Family 6 Model 78 Stepping 3, GenuineIntel



---------------  S Y S T E M  ---------------

OS: Windows 10 , 64 bit Build 19041 (10.0.19041.1645)
OS uptime: 0 days 2:02 hours

CPU:total 4 (initial active 4) (2 cores per cpu, 2 threads per core) family 6 model 78 stepping 3 microcode 0xec, cmov, cx8, fxsr, mmx, sse, sse2, sse3, ssse3, sse4.1, sse4.2, popcnt, avx, avx2, aes, clmul, erms, rtm, 3dnowpref, lzcnt, ht, tsc, tscinvbit, bmi1, bmi2, adx, fma

Memory: 4k page, system-wide physical 7558M (379M free)
TotalPageFile size 12500M (AvailPageFile size 6M)
current process WorkingSet (physical memory assigned to process): 640M, peak: 656M
current process commit charge ("private bytes"): 689M, peak: 711M

vm_info: OpenJDK 64-Bit Server VM (11.0.11+9-b60-7590822) for windows-amd64 JRE (11.0.11+9-b60-7590822), built on Jul 29 2021 21:43:44 by "builder" with MS VC++ 14.0 (VS2015)

END.
