#
# There is insufficient memory for the Java Runtime Environment to continue.
# Native memory allocation (mmap) failed to map 63963136 bytes for Failed to commit area from 0x000000008fa00000 to 0x0000000093700000 of length 63963136.
# Possible reasons:
#   The system is out of physical RAM or swap space
#   The process is running with CompressedOops enabled, and the Java Heap may be blocking the growth of the native heap
# Possible solutions:
#   Reduce memory load on the system
#   Increase physical memory or swap space
#   Check if swap backing store is full
#   Decrease Java heap size (-Xmx/-Xms)
#   Decrease number of Java threads
#   Decrease Java thread stack sizes (-Xss)
#   Set larger code cache with -XX:ReservedCodeCacheSize=
#   JVM is running with Unscaled Compressed Oops mode in which the Java heap is
#     placed in the first 4GB address space. The Java Heap base address is the
#     maximum limit for the native heap growth. Please use -XX:HeapBaseMinAddress
#     to set the Java Heap base and to place the Java Heap above 4GB virtual address.
# This output file may be truncated or incomplete.
#
#  Out of Memory Error (./src/hotspot/os/windows/os_windows.cpp:3301), pid=8948, tid=9756
#
# JRE version: OpenJDK Runtime Environment (11.0.11+9) (build 11.0.11+9-b60-7590822)
# Java VM: OpenJDK 64-Bit Server VM (11.0.11+9-b60-7590822, mixed mode, tiered, compressed oops, g1 gc, windows-amd64)
# No core dump will be written. Minidumps are not enabled by default on client versions of Windows
#

---------------  S U M M A R Y ------------

Command Line: --add-opens=java.base/java.util=ALL-UNNAMED --add-opens=java.base/java.lang=ALL-UNNAMED --add-opens=java.base/java.lang.invoke=ALL-UNNAMED --add-opens=java.base/java.util=ALL-UNNAMED --add-opens=java.prefs/java.util.prefs=ALL-UNNAMED --add-opens=java.prefs/java.util.prefs=ALL-UNNAMED --add-opens=java.base/java.nio.charset=ALL-UNNAMED --add-opens=java.base/java.net=ALL-UNNAMED --add-opens=java.base/java.util.concurrent.atomic=ALL-UNNAMED -Xmx2048m -Dfile.encoding=UTF-8 -Duser.country=US -Duser.language=en -Duser.variant org.gradle.launcher.daemon.bootstrap.GradleDaemon 7.2

Host: Intel(R) Core(TM) i5-6300U CPU @ 2.40GHz, 4 cores, 7G,  Windows 10 , 64 bit Build 19041 (10.0.19041.1645)
Time: Tue May 10 16:35:23 2022 W. Central Africa Standard Time elapsed time: 1684.591831 seconds (0d 0h 28m 4s)

---------------  T H R E A D  ---------------

Current thread (0x0000017c7c80d000):  VMThread "VM Thread" [stack: 0x000000552c800000,0x000000552c900000] [id=9756]

Stack: [0x000000552c800000,0x000000552c900000]
[error occurred during error reporting (printing stack bounds), id 0xc0000005, EXCEPTION_ACCESS_VIOLATION (0xc0000005) at pc=0x0000017c65fa0f2d]

Native frames: (J=compiled Java code, j=interpreted, Vv=VM code, C=native code)
V  [jvm.dll+0x5f214a]
V  [jvm.dll+0x726fb5]
V  [jvm.dll+0x7285cd]
V  [jvm.dll+0x728be5]
V  [jvm.dll+0x728b9b]
V  [jvm.dll+0x5f14e8]
V  [jvm.dll+0x5f1c78]
C  [ntdll.dll+0xa20cf]
C  [ntdll.dll+0x51454]
C  [ntdll.dll+0xa0bfe]
C  0x0000017c65fa0f2d

VM_Operation (0x00000055318f5960): G1CollectForAllocation, mode: safepoint, requested by thread 0x0000017c7facf800


---------------  P R O C E S S  ---------------

Threads class SMR info:
_java_thread_list=0x0000017c7fcff590, length=88, elements={
0x0000017c60cd3800, 0x0000017c7c810000, 0x0000017c7c814000, 0x0000017c7d1e3800,
0x0000017c7c82f000, 0x0000017c7c831000, 0x0000017c7c834800, 0x0000017c7c83a800,
0x0000017c7c844000, 0x0000017c7d316800, 0x0000017c7f4e7000, 0x0000017c7f7e9800,
0x0000017c7e14b800, 0x0000017c7d8a8000, 0x0000017c7d8a8800, 0x0000017c7d8a9800,
0x0000017c7fa6d000, 0x0000017c7fa6b800, 0x0000017c7fa6c800, 0x0000017c7fa6a000,
0x0000017c7fa71800, 0x0000017c7fa6f000, 0x0000017c7fa70800, 0x0000017c7fa78000,
0x0000017c00da4800, 0x0000017c00da5000, 0x0000017c00da1000, 0x0000017c00da2000,
0x0000017c00da2800, 0x0000017c00da6000, 0x0000017c00da0000, 0x0000017c00daa000,
0x0000017c00da7000, 0x0000017c00da7800, 0x0000017c00dab000, 0x0000017c00dab800,
0x0000017c00dac800, 0x0000017c00dae000, 0x0000017c00da8800, 0x0000017c00daf000,
0x0000017c00da9000, 0x0000017c7fa6f800, 0x0000017c7fa6b000, 0x0000017c7fa72000,
0x0000017c7fa76000, 0x0000017c7fa74000, 0x0000017c7fa77000, 0x0000017c7fa78800,
0x0000017c7d8a7000, 0x0000017c03bef000, 0x0000017c03beb000, 0x0000017c03bee800,
0x0000017c03bec000, 0x0000017c03bf0000, 0x0000017c03bec800, 0x0000017c03bed800,
0x0000017c03bea800, 0x0000017c03bf1000, 0x0000017c02db8800, 0x0000017c02db9800,
0x0000017c02dbb000, 0x0000017c02dba800, 0x0000017c02dbc000, 0x0000017c02dbd000,
0x0000017c02db7000, 0x0000017c02dbd800, 0x0000017c02db8000, 0x0000017c02dc4000,
0x0000017c02dc1000, 0x0000017c02dc2800, 0x0000017c02dbe800, 0x0000017c02dc3800,
0x0000017c02dc1800, 0x0000017c02dc5000, 0x0000017c02dbf000, 0x0000017c02dc5800,
0x0000017c02dc0000, 0x0000017c7fad5800, 0x0000017c7fad1800, 0x0000017c7facf800,
0x0000017c7fad4800, 0x0000017c7fad4000, 0x0000017c7fad0800, 0x0000017c7fad3000,
0x0000017c7fad7000, 0x0000017c7fad8000, 0x0000017c7fad2000, 0x0000017c7fadd800
}

Java Threads: ( => current thread )
  0x0000017c60cd3800 JavaThread "main" [_thread_blocked, id=9460, stack(0x000000552c200000,0x000000552c300000)]
  0x0000017c7c810000 JavaThread "Reference Handler" daemon [_thread_blocked, id=3780, stack(0x000000552c900000,0x000000552ca00000)]
  0x0000017c7c814000 JavaThread "Finalizer" daemon [_thread_blocked, id=600, stack(0x000000552ca00000,0x000000552cb00000)]
  0x0000017c7d1e3800 JavaThread "Signal Dispatcher" daemon [_thread_blocked, id=3432, stack(0x000000552cb00000,0x000000552cc00000)]
  0x0000017c7c82f000 JavaThread "Attach Listener" daemon [_thread_blocked, id=8624, stack(0x000000552cc00000,0x000000552cd00000)]
  0x0000017c7c831000 JavaThread "Service Thread" daemon [_thread_blocked, id=15224, stack(0x000000552cd00000,0x000000552ce00000)]
  0x0000017c7c834800 JavaThread "C2 CompilerThread0" daemon [_thread_in_native, id=4648, stack(0x000000552ce00000,0x000000552cf00000)]
  0x0000017c7c83a800 JavaThread "C1 CompilerThread0" daemon [_thread_blocked, id=8964, stack(0x000000552cf00000,0x000000552d000000)]
  0x0000017c7c844000 JavaThread "Sweeper thread" daemon [_thread_blocked, id=3500, stack(0x000000552d000000,0x000000552d100000)]
  0x0000017c7d316800 JavaThread "Common-Cleaner" daemon [_thread_blocked, id=3340, stack(0x000000552d100000,0x000000552d200000)]
  0x0000017c7f4e7000 JavaThread "Daemon health stats" [_thread_blocked, id=10088, stack(0x000000552d500000,0x000000552d600000)]
  0x0000017c7f7e9800 JavaThread "Incoming local TCP Connector on port 64788" [_thread_in_native, id=6680, stack(0x000000552d300000,0x000000552d400000)]
  0x0000017c7e14b800 JavaThread "Daemon periodic checks" [_thread_blocked, id=11312, stack(0x000000552d800000,0x000000552d900000)]
  0x0000017c7d8a8000 JavaThread "Cache worker for journal cache (C:\Users\mahdj\.gradle\caches\journal-1)" [_thread_blocked, id=8912, stack(0x000000552e000000,0x000000552e100000)]
  0x0000017c7d8a8800 JavaThread "File lock request listener" [_thread_in_native, id=10116, stack(0x000000552e100000,0x000000552e200000)]
  0x0000017c7d8a9800 JavaThread "Cache worker for file hash cache (C:\Users\mahdj\.gradle\caches\7.2\fileHashes)" [_thread_blocked, id=6296, stack(0x000000552e200000,0x000000552e300000)]
  0x0000017c7fa6d000 JavaThread "File watcher server" daemon [_thread_blocked, id=7472, stack(0x000000552e300000,0x000000552e400000)]
  0x0000017c7fa6b800 JavaThread "File watcher consumer" daemon [_thread_blocked, id=7096, stack(0x000000552e500000,0x000000552e600000)]
  0x0000017c7fa6c800 JavaThread "jar transforms" [_thread_blocked, id=7124, stack(0x000000552e600000,0x000000552e700000)]
  0x0000017c7fa6a000 JavaThread "jar transforms Thread 2" [_thread_blocked, id=6120, stack(0x000000552e700000,0x000000552e800000)]
  0x0000017c7fa71800 JavaThread "jar transforms Thread 3" [_thread_blocked, id=8736, stack(0x000000552e800000,0x000000552e900000)]
  0x0000017c7fa6f000 JavaThread "jar transforms Thread 4" [_thread_blocked, id=11964, stack(0x000000552e900000,0x000000552ea00000)]
  0x0000017c7fa70800 JavaThread "Cache worker for execution history cache (C:\Users\mahdj\.gradle\caches\7.2\executionHistory)" [_thread_blocked, id=5528, stack(0x000000552ee00000,0x000000552ef00000)]
  0x0000017c7fa78000 JavaThread "Cache worker for file content cache (C:\Users\mahdj\.gradle\caches\7.2\fileContent)" [_thread_blocked, id=11816, stack(0x000000552ef00000,0x000000552f000000)]
  0x0000017c00da4800 JavaThread "Memory manager" [_thread_blocked, id=2760, stack(0x0000005531a00000,0x0000005531b00000)]
  0x0000017c00da5000 JavaThread "Daemon Thread 3" [_thread_blocked, id=14572, stack(0x000000552bf00000,0x000000552c000000)]
  0x0000017c00da1000 JavaThread "Handler for socket connection from /127.0.0.1:64788 to /127.0.0.1:61549" [_thread_in_native, id=4996, stack(0x000000552c000000,0x000000552c100000)]
  0x0000017c00da2000 JavaThread "Cancel handler" [_thread_blocked, id=14808, stack(0x000000552c100000,0x000000552c200000)]
  0x0000017c00da2800 JavaThread "Daemon worker Thread 3" [_thread_blocked, id=9436, stack(0x000000552d900000,0x000000552da00000)]
  0x0000017c00da6000 JavaThread "Asynchronous log dispatcher for DefaultDaemonConnection: socket connection from /127.0.0.1:64788 to /127.0.0.1:61549" [_thread_blocked, id=1948, stack(0x000000552da00000,0x000000552db00000)]
  0x0000017c00da0000 JavaThread "Stdin handler" [_thread_blocked, id=14384, stack(0x000000552db00000,0x000000552dc00000)]
  0x0000017c00daa000 JavaThread "Daemon client event forwarder" [_thread_blocked, id=6900, stack(0x000000552dc00000,0x000000552dd00000)]
  0x0000017c00da7000 JavaThread "Cache worker for file hash cache (D:\Study\IMSI\S4\Mobile\BigBrains Game\Game\.gradle\7.2\fileHashes)" [_thread_blocked, id=6504, stack(0x000000552dd00000,0x000000552de00000)]
  0x0000017c00da7800 JavaThread "Cache worker for checksums cache (D:\Study\IMSI\S4\Mobile\BigBrains Game\Game\.gradle\checksums)" [_thread_blocked, id=11576, stack(0x000000552df00000,0x000000552e000000)]
  0x0000017c00dab000 JavaThread "Cache worker for cache directory md-supplier (C:\Users\mahdj\.gradle\caches\7.2\md-supplier)" [_thread_blocked, id=14088, stack(0x000000552e400000,0x000000552e500000)]
  0x0000017c00dab800 JavaThread "Cache worker for cache directory md-rule (C:\Users\mahdj\.gradle\caches\7.2\md-rule)" [_thread_blocked, id=11456, stack(0x000000552ea00000,0x000000552eb00000)]
  0x0000017c00dac800 JavaThread "Cache worker for dependencies-accessors (D:\Study\IMSI\S4\Mobile\BigBrains Game\Game\.gradle\7.2\dependencies-accessors)" [_thread_blocked, id=14300, stack(0x000000552eb00000,0x000000552ec00000)]
  0x0000017c00dae000 JavaThread "Cache worker for Build Output Cleanup Cache (D:\Study\IMSI\S4\Mobile\BigBrains Game\Game\.gradle\buildOutputCleanup)" [_thread_blocked, id=8876, stack(0x000000552ec00000,0x000000552ed00000)]
  0x0000017c00da8800 JavaThread "Unconstrained build operations" [_thread_blocked, id=272, stack(0x000000552ed00000,0x000000552ee00000)]
  0x0000017c00daf000 JavaThread "Unconstrained build operations Thread 2" [_thread_blocked, id=14640, stack(0x000000552f000000,0x000000552f100000)]
  0x0000017c00da9000 JavaThread "Unconstrained build operations Thread 3" [_thread_blocked, id=2032, stack(0x000000552f100000,0x000000552f200000)]
  0x0000017c7fa6f800 JavaThread "Unconstrained build operations Thread 4" [_thread_blocked, id=4584, stack(0x000000552f200000,0x000000552f300000)]
  0x0000017c7fa6b000 JavaThread "Unconstrained build operations Thread 5" [_thread_blocked, id=10904, stack(0x000000552f300000,0x000000552f400000)]
  0x0000017c7fa72000 JavaThread "Unconstrained build operations Thread 6" [_thread_blocked, id=8540, stack(0x000000552f400000,0x000000552f500000)]
  0x0000017c7fa76000 JavaThread "Unconstrained build operations Thread 7" [_thread_blocked, id=9548, stack(0x000000552f500000,0x000000552f600000)]
  0x0000017c7fa74000 JavaThread "Unconstrained build operations Thread 8" [_thread_blocked, id=13952, stack(0x000000552f600000,0x000000552f700000)]
  0x0000017c7fa77000 JavaThread "Unconstrained build operations Thread 9" [_thread_blocked, id=12832, stack(0x000000552f700000,0x000000552f800000)]
  0x0000017c7fa78800 JavaThread "Unconstrained build operations Thread 10" [_thread_blocked, id=12308, stack(0x000000552f800000,0x000000552f900000)]
  0x0000017c7d8a7000 JavaThread "Unconstrained build operations Thread 11" [_thread_blocked, id=14420, stack(0x000000552f900000,0x000000552fa00000)]
  0x0000017c03bef000 JavaThread "Unconstrained build operations Thread 12" [_thread_blocked, id=4052, stack(0x000000552fa00000,0x000000552fb00000)]
  0x0000017c03beb000 JavaThread "Unconstrained build operations Thread 13" [_thread_blocked, id=10776, stack(0x000000552fb00000,0x000000552fc00000)]
  0x0000017c03bee800 JavaThread "Unconstrained build operations Thread 14" [_thread_blocked, id=6188, stack(0x000000552fc00000,0x000000552fd00000)]
  0x0000017c03bec000 JavaThread "Unconstrained build operations Thread 15" [_thread_blocked, id=12228, stack(0x000000552fd00000,0x000000552fe00000)]
  0x0000017c03bf0000 JavaThread "Unconstrained build operations Thread 16" [_thread_blocked, id=5596, stack(0x000000552fe00000,0x000000552ff00000)]
  0x0000017c03bec800 JavaThread "Unconstrained build operations Thread 17" [_thread_blocked, id=2240, stack(0x000000552ff00000,0x0000005530000000)]
  0x0000017c03bed800 JavaThread "Unconstrained build operations Thread 18" [_thread_blocked, id=9660, stack(0x0000005530000000,0x0000005530100000)]
  0x0000017c03bea800 JavaThread "Unconstrained build operations Thread 19" [_thread_blocked, id=3416, stack(0x0000005530100000,0x0000005530200000)]
  0x0000017c03bf1000 JavaThread "Unconstrained build operations Thread 20" [_thread_blocked, id=11108, stack(0x0000005530200000,0x0000005530300000)]
  0x0000017c02db8800 JavaThread "Unconstrained build operations Thread 21" [_thread_blocked, id=13828, stack(0x0000005530300000,0x0000005530400000)]
  0x0000017c02db9800 JavaThread "Unconstrained build operations Thread 22" [_thread_blocked, id=8044, stack(0x0000005530400000,0x0000005530500000)]
  0x0000017c02dbb000 JavaThread "Unconstrained build operations Thread 23" [_thread_blocked, id=12996, stack(0x0000005530500000,0x0000005530600000)]
  0x0000017c02dba800 JavaThread "Unconstrained build operations Thread 24" [_thread_blocked, id=15336, stack(0x0000005530600000,0x0000005530700000)]
  0x0000017c02dbc000 JavaThread "Unconstrained build operations Thread 25" [_thread_blocked, id=6076, stack(0x0000005530700000,0x0000005530800000)]
  0x0000017c02dbd000 JavaThread "Unconstrained build operations Thread 26" [_thread_blocked, id=5744, stack(0x0000005530800000,0x0000005530900000)]
  0x0000017c02db7000 JavaThread "Unconstrained build operations Thread 27" [_thread_blocked, id=7860, stack(0x0000005530900000,0x0000005530a00000)]
  0x0000017c02dbd800 JavaThread "Unconstrained build operations Thread 28" [_thread_blocked, id=8200, stack(0x0000005530a00000,0x0000005530b00000)]
  0x0000017c02db8000 JavaThread "Unconstrained build operations Thread 29" [_thread_blocked, id=2796, stack(0x0000005530b00000,0x0000005530c00000)]
  0x0000017c02dc4000 JavaThread "Unconstrained build operations Thread 30" [_thread_blocked, id=9796, stack(0x0000005530c00000,0x0000005530d00000)]
  0x0000017c02dc1000 JavaThread "Unconstrained build operations Thread 31" [_thread_blocked, id=8508, stack(0x0000005530d00000,0x0000005530e00000)]
  0x0000017c02dc2800 JavaThread "Unconstrained build operations Thread 32" [_thread_blocked, id=10080, stack(0x0000005530e00000,0x0000005530f00000)]
  0x0000017c02dbe800 JavaThread "Unconstrained build operations Thread 33" [_thread_blocked, id=12484, stack(0x0000005530f00000,0x0000005531000000)]
  0x0000017c02dc3800 JavaThread "Unconstrained build operations Thread 34" [_thread_blocked, id=14412, stack(0x0000005531000000,0x0000005531100000)]
  0x0000017c02dc1800 JavaThread "Unconstrained build operations Thread 35" [_thread_blocked, id=14740, stack(0x0000005531100000,0x0000005531200000)]
  0x0000017c02dc5000 JavaThread "Unconstrained build operations Thread 36" [_thread_blocked, id=6276, stack(0x0000005531200000,0x0000005531300000)]
  0x0000017c02dbf000 JavaThread "Unconstrained build operations Thread 37" [_thread_blocked, id=15100, stack(0x0000005531300000,0x0000005531400000)]
  0x0000017c02dc5800 JavaThread "Unconstrained build operations Thread 38" [_thread_blocked, id=9144, stack(0x0000005531400000,0x0000005531500000)]
  0x0000017c02dc0000 JavaThread "Unconstrained build operations Thread 39" [_thread_blocked, id=13200, stack(0x0000005531500000,0x0000005531600000)]
  0x0000017c7fad5800 JavaThread "Unconstrained build operations Thread 40" [_thread_blocked, id=11572, stack(0x0000005531600000,0x0000005531700000)]
  0x0000017c7fad1800 JavaThread "build event listener" [_thread_blocked, id=3520, stack(0x0000005531700000,0x0000005531800000)]
  0x0000017c7facf800 JavaThread "Execution worker for ':'" [_thread_blocked, id=13880, stack(0x0000005531800000,0x0000005531900000)]
  0x0000017c7fad4800 JavaThread "Execution worker for ':' Thread 2" [_thread_blocked, id=8708, stack(0x0000005531900000,0x0000005531a00000)]
  0x0000017c7fad4000 JavaThread "Execution worker for ':' Thread 3" [_thread_blocked, id=12144, stack(0x0000005531b00000,0x0000005531c00000)]
  0x0000017c7fad0800 JavaThread "Cache worker for execution history cache (D:\Study\IMSI\S4\Mobile\BigBrains Game\Game\.gradle\7.2\executionHistory)" [_thread_blocked, id=7080, stack(0x0000005531c00000,0x0000005531d00000)]
  0x0000017c7fad3000 JavaThread "WorkerExecutor Queue" [_thread_blocked, id=1272, stack(0x0000005531d00000,0x0000005531e00000)]
  0x0000017c7fad7000 JavaThread "WorkerExecutor Queue Thread 2" [_thread_blocked, id=14816, stack(0x0000005531e00000,0x0000005531f00000)]
  0x0000017c7fad8000 JavaThread "WorkerExecutor Queue Thread 3" [_thread_blocked, id=13656, stack(0x000000552de00000,0x000000552df00000)]
  0x0000017c7fad2000 JavaThread "C2 CompilerThread1" daemon [_thread_blocked, id=4708, stack(0x0000005531f00000,0x0000005532000000)]
  0x0000017c7fadd800 JavaThread "WorkerExecutor Queue Thread 4" [_thread_blocked, id=2732, stack(0x0000005532000000,0x0000005532100000)]

Other Threads:
=>0x0000017c7c80d000 VMThread "VM Thread" [stack: 0x000000552c800000,0x000000552c900000] [id=9756]
  0x0000017c7d32c800 WatcherThread [stack: 0x000000552d200000,0x000000552d300000] [id=14596]
  0x0000017c60cab000 GCTaskThread "GC Thread#0" [stack: 0x000000552c300000,0x000000552c400000] [id=9772]
  0x0000017c7d4b6800 GCTaskThread "GC Thread#1" [stack: 0x000000552d400000,0x000000552d500000] [id=6836]
  0x0000017c7fcfd800 GCTaskThread "GC Thread#2" [stack: 0x000000552d600000,0x000000552d700000] [id=15060]
  0x0000017c7f144800 GCTaskThread "GC Thread#3" [stack: 0x000000552d700000,0x000000552d800000] [id=14992]
  0x0000017c60d15000 ConcurrentGCThread "G1 Main Marker" [stack: 0x000000552c400000,0x000000552c500000] [id=3524]
  0x0000017c60d16000 ConcurrentGCThread "G1 Conc#0" [stack: 0x000000552c500000,0x000000552c600000] [id=1752]
  0x0000017c60d92800 ConcurrentGCThread "G1 Refine#0" [stack: 0x000000552c600000,0x000000552c700000] [id=10520]
  0x0000017c60d93800 ConcurrentGCThread "G1 Young RemSet Sampling" [stack: 0x000000552c700000,0x000000552c800000] [id=11788]

Threads with active compile tasks:
C2 CompilerThread01684643 18766 %     4       com.android.tools.r8.internal.mH0::a @ 80 (6068 bytes)
C2 CompilerThread11684643 18816       4       com.android.tools.r8.graph.n2::a (71 bytes)

VM state:at safepoint (normal execution)

VM Mutex/Monitor currently owned by a thread:  ([mutex/lock_event])
[0x0000017c60cd0280] Threads_lock - owner thread: 0x0000017c7c80d000
[0x0000017c60cd0160] Heap_lock - owner thread: 0x0000017c7facf800

Heap address: 0x0000000080000000, size: 2048 MB, Compressed Oops mode: 32-bit
Narrow klass base: 0x0000000000000000, Narrow klass shift: 3
Compressed class space size: 1073741824 Address: 0x0000000100000000

Heap:
 garbage-first heap   total 318464K, used 183282K [0x0000000080000000, 0x0000000100000000)
  region size 1024K, 5 young (5120K), 5 survivors (5120K)
 Metaspace       used 133049K, capacity 136956K, committed 137292K, reserved 1169408K
  class space    used 16846K, capacity 18218K, committed 18304K, reserved 1048576K
Heap Regions: E=young(eden), S=young(survivor), O=old, HS=humongous(starts), HC=humongous(continues), CS=collection set, F=free, A=archive, TAMS=top-at-mark-start (previous, next)
|   0|0x0000000080000000, 0x0000000080100000, 0x0000000080100000|100%| O|  |TAMS 0x0000000080100000, 0x0000000080000000| Untracked 
|   1|0x0000000080100000, 0x0000000080200000, 0x0000000080200000|100%| O|  |TAMS 0x0000000080200000, 0x0000000080100000| Untracked 
|   2|0x0000000080200000, 0x0000000080300000, 0x0000000080300000|100%| O|  |TAMS 0x0000000080300000, 0x0000000080200000| Untracked 
|   3|0x0000000080300000, 0x0000000080400000, 0x0000000080400000|100%|HS|  |TAMS 0x0000000080400000, 0x0000000080300000| Complete 
|   4|0x0000000080400000, 0x0000000080500000, 0x0000000080500000|100%|HC|  |TAMS 0x0000000080500000, 0x0000000080400000| Complete 
|   5|0x0000000080500000, 0x0000000080600000, 0x0000000080600000|100%|HC|  |TAMS 0x0000000080600000, 0x0000000080500000| Complete 
|   6|0x0000000080600000, 0x0000000080700000, 0x0000000080700000|100%| O|  |TAMS 0x0000000080700000, 0x0000000080600000| Untracked 
|   7|0x0000000080700000, 0x0000000080800000, 0x0000000080800000|100%| O|  |TAMS 0x0000000080800000, 0x0000000080700000| Untracked 
|   8|0x0000000080800000, 0x0000000080900000, 0x0000000080900000|100%| O|  |TAMS 0x0000000080900000, 0x0000000080800000| Untracked 
|   9|0x0000000080900000, 0x0000000080a00000, 0x0000000080a00000|100%| O|  |TAMS 0x0000000080a00000, 0x0000000080900000| Untracked 
|  10|0x0000000080a00000, 0x0000000080b00000, 0x0000000080b00000|100%| O|  |TAMS 0x0000000080b00000, 0x0000000080a00000| Untracked 
|  11|0x0000000080b00000, 0x0000000080c00000, 0x0000000080c00000|100%| O|  |TAMS 0x0000000080c00000, 0x0000000080b00000| Untracked 
|  12|0x0000000080c00000, 0x0000000080d00000, 0x0000000080d00000|100%| O|  |TAMS 0x0000000080d00000, 0x0000000080c00000| Untracked 
|  13|0x0000000080d00000, 0x0000000080e00000, 0x0000000080e00000|100%| O|  |TAMS 0x0000000080e00000, 0x0000000080d00000| Untracked 
|  14|0x0000000080e00000, 0x0000000080f00000, 0x0000000080f00000|100%| O|  |TAMS 0x0000000080f00000, 0x0000000080e00000| Untracked 
|  15|0x0000000080f00000, 0x0000000081000000, 0x0000000081000000|100%| O|  |TAMS 0x0000000081000000, 0x0000000080f00000| Untracked 
|  16|0x0000000081000000, 0x0000000081100000, 0x0000000081100000|100%|HS|  |TAMS 0x0000000081100000, 0x0000000081000000| Complete 
|  17|0x0000000081100000, 0x0000000081200000, 0x0000000081200000|100%|HC|  |TAMS 0x0000000081200000, 0x0000000081100000| Complete 
|  18|0x0000000081200000, 0x0000000081300000, 0x0000000081300000|100%|HS|  |TAMS 0x0000000081300000, 0x0000000081200000| Complete 
|  19|0x0000000081300000, 0x0000000081400000, 0x0000000081400000|100%|HC|  |TAMS 0x0000000081400000, 0x0000000081300000| Complete 
|  20|0x0000000081400000, 0x0000000081500000, 0x0000000081500000|100%|HC|  |TAMS 0x0000000081500000, 0x0000000081400000| Complete 
|  21|0x0000000081500000, 0x0000000081600000, 0x0000000081600000|100%|HS|  |TAMS 0x0000000081600000, 0x0000000081500000| Complete 
|  22|0x0000000081600000, 0x0000000081700000, 0x0000000081700000|100%|HC|  |TAMS 0x0000000081700000, 0x0000000081600000| Complete 
|  23|0x0000000081700000, 0x0000000081800000, 0x0000000081800000|100%|HC|  |TAMS 0x0000000081800000, 0x0000000081700000| Complete 
|  24|0x0000000081800000, 0x0000000081900000, 0x0000000081900000|100%|HC|  |TAMS 0x0000000081900000, 0x0000000081800000| Complete 
|  25|0x0000000081900000, 0x0000000081a00000, 0x0000000081a00000|100%| O|  |TAMS 0x0000000081a00000, 0x0000000081900000| Untracked 
|  26|0x0000000081a00000, 0x0000000081b00000, 0x0000000081b00000|100%| O|  |TAMS 0x0000000081b00000, 0x0000000081a00000| Untracked 
|  27|0x0000000081b00000, 0x0000000081c00000, 0x0000000081c00000|100%| O|  |TAMS 0x0000000081c00000, 0x0000000081b00000| Untracked 
|  28|0x0000000081c00000, 0x0000000081d00000, 0x0000000081d00000|100%| O|  |TAMS 0x0000000081d00000, 0x0000000081c00000| Untracked 
|  29|0x0000000081d00000, 0x0000000081e00000, 0x0000000081e00000|100%| O|  |TAMS 0x0000000081e00000, 0x0000000081d00000| Untracked 
|  30|0x0000000081e00000, 0x0000000081f00000, 0x0000000081f00000|100%| O|  |TAMS 0x0000000081f00000, 0x0000000081e00000| Untracked 
|  31|0x0000000081f00000, 0x0000000082000000, 0x0000000082000000|100%| O|  |TAMS 0x0000000082000000, 0x0000000081f00000| Untracked 
|  32|0x0000000082000000, 0x0000000082100000, 0x0000000082100000|100%| O|  |TAMS 0x0000000082100000, 0x0000000082000000| Untracked 
|  33|0x0000000082100000, 0x0000000082200000, 0x0000000082200000|100%|HS|  |TAMS 0x0000000082200000, 0x0000000082100000| Complete 
|  34|0x0000000082200000, 0x0000000082300000, 0x0000000082300000|100%|HC|  |TAMS 0x0000000082300000, 0x0000000082200000| Complete 
|  35|0x0000000082300000, 0x0000000082400000, 0x0000000082400000|100%|HC|  |TAMS 0x0000000082400000, 0x0000000082300000| Complete 
|  36|0x0000000082400000, 0x0000000082500000, 0x0000000082500000|100%| O|  |TAMS 0x0000000082500000, 0x0000000082400000| Untracked 
|  37|0x0000000082500000, 0x0000000082600000, 0x0000000082600000|100%| O|  |TAMS 0x0000000082600000, 0x0000000082500000| Untracked 
|  38|0x0000000082600000, 0x0000000082700000, 0x0000000082700000|100%| O|  |TAMS 0x0000000082700000, 0x0000000082600000| Untracked 
|  39|0x0000000082700000, 0x0000000082800000, 0x0000000082800000|100%| O|  |TAMS 0x0000000082800000, 0x0000000082700000| Untracked 
|  40|0x0000000082800000, 0x0000000082900000, 0x0000000082900000|100%| O|  |TAMS 0x0000000082900000, 0x0000000082800000| Untracked 
|  41|0x0000000082900000, 0x0000000082a00000, 0x0000000082a00000|100%|HS|  |TAMS 0x0000000082a00000, 0x0000000082900000| Complete 
|  42|0x0000000082a00000, 0x0000000082b00000, 0x0000000082b00000|100%|HC|  |TAMS 0x0000000082b00000, 0x0000000082a00000| Complete 
|  43|0x0000000082b00000, 0x0000000082c00000, 0x0000000082c00000|100%|HC|  |TAMS 0x0000000082c00000, 0x0000000082b00000| Complete 
|  44|0x0000000082c00000, 0x0000000082d00000, 0x0000000082d00000|100%|HC|  |TAMS 0x0000000082d00000, 0x0000000082c00000| Complete 
|  45|0x0000000082d00000, 0x0000000082e00000, 0x0000000082e00000|100%| O|  |TAMS 0x0000000082e00000, 0x0000000082d00000| Untracked 
|  46|0x0000000082e00000, 0x0000000082f00000, 0x0000000082f00000|100%| O|  |TAMS 0x0000000082f00000, 0x0000000082e00000| Untracked 
|  47|0x0000000082f00000, 0x0000000083000000, 0x0000000083000000|100%| O|  |TAMS 0x0000000083000000, 0x0000000082f00000| Untracked 
|  48|0x0000000083000000, 0x0000000083100000, 0x0000000083100000|100%| O|  |TAMS 0x0000000083100000, 0x0000000083000000| Untracked 
|  49|0x0000000083100000, 0x0000000083200000, 0x0000000083200000|100%| O|  |TAMS 0x0000000083200000, 0x0000000083100000| Untracked 
|  50|0x0000000083200000, 0x0000000083300000, 0x0000000083300000|100%| O|  |TAMS 0x0000000083300000, 0x0000000083200000| Untracked 
|  51|0x0000000083300000, 0x0000000083400000, 0x0000000083400000|100%| O|  |TAMS 0x0000000083400000, 0x0000000083300000| Untracked 
|  52|0x0000000083400000, 0x0000000083500000, 0x0000000083500000|100%| O|  |TAMS 0x0000000083500000, 0x0000000083400000| Untracked 
|  53|0x0000000083500000, 0x0000000083600000, 0x0000000083600000|100%| O|  |TAMS 0x0000000083600000, 0x0000000083500000| Untracked 
|  54|0x0000000083600000, 0x0000000083700000, 0x0000000083700000|100%| O|  |TAMS 0x0000000083700000, 0x0000000083600000| Untracked 
|  55|0x0000000083700000, 0x0000000083800000, 0x0000000083800000|100%| O|  |TAMS 0x0000000083700000, 0x0000000083700000| Untracked 
|  56|0x0000000083800000, 0x0000000083900000, 0x0000000083900000|100%|HS|  |TAMS 0x0000000083900000, 0x0000000083800000| Complete 
|  57|0x0000000083900000, 0x0000000083a00000, 0x0000000083a00000|100%|HS|  |TAMS 0x0000000083a00000, 0x0000000083900000| Complete 
|  58|0x0000000083a00000, 0x0000000083b00000, 0x0000000083b00000|100%|HS|  |TAMS 0x0000000083b00000, 0x0000000083a00000| Complete 
|  59|0x0000000083b00000, 0x0000000083c00000, 0x0000000083c00000|100%|HS|  |TAMS 0x0000000083c00000, 0x0000000083b00000| Complete 
|  60|0x0000000083c00000, 0x0000000083d00000, 0x0000000083d00000|100%|HC|  |TAMS 0x0000000083d00000, 0x0000000083c00000| Complete 
|  61|0x0000000083d00000, 0x0000000083e00000, 0x0000000083e00000|100%| O|  |TAMS 0x0000000083e00000, 0x0000000083d00000| Untracked 
|  62|0x0000000083e00000, 0x0000000083f00000, 0x0000000083f00000|100%| O|  |TAMS 0x0000000083f00000, 0x0000000083e00000| Untracked 
|  63|0x0000000083f00000, 0x0000000084000000, 0x0000000084000000|100%| O|  |TAMS 0x0000000084000000, 0x0000000083f00000| Untracked 
|  64|0x0000000084000000, 0x0000000084100000, 0x0000000084100000|100%| O|  |TAMS 0x0000000084100000, 0x0000000084000000| Untracked 
|  65|0x0000000084100000, 0x0000000084200000, 0x0000000084200000|100%| O|  |TAMS 0x0000000084200000, 0x0000000084100000| Untracked 
|  66|0x0000000084200000, 0x0000000084300000, 0x0000000084300000|100%| O|  |TAMS 0x0000000084300000, 0x0000000084200000| Untracked 
|  67|0x0000000084300000, 0x0000000084400000, 0x0000000084400000|100%| O|  |TAMS 0x0000000084400000, 0x0000000084300000| Untracked 
|  68|0x0000000084400000, 0x0000000084500000, 0x0000000084500000|100%| O|  |TAMS 0x0000000084500000, 0x0000000084400000| Untracked 
|  69|0x0000000084500000, 0x0000000084600000, 0x0000000084600000|100%| O|  |TAMS 0x0000000084600000, 0x0000000084500000| Untracked 
|  70|0x0000000084600000, 0x0000000084700000, 0x0000000084700000|100%| O|  |TAMS 0x0000000084700000, 0x0000000084600000| Untracked 
|  71|0x0000000084700000, 0x0000000084800000, 0x0000000084800000|100%| O|  |TAMS 0x0000000084800000, 0x0000000084700000| Untracked 
|  72|0x0000000084800000, 0x0000000084900000, 0x0000000084900000|100%| O|  |TAMS 0x0000000084900000, 0x0000000084800000| Untracked 
|  73|0x0000000084900000, 0x0000000084a00000, 0x0000000084a00000|100%| O|  |TAMS 0x0000000084a00000, 0x0000000084900000| Untracked 
|  74|0x0000000084a00000, 0x0000000084b00000, 0x0000000084b00000|100%| O|  |TAMS 0x0000000084b00000, 0x0000000084a00000| Untracked 
|  75|0x0000000084b00000, 0x0000000084c00000, 0x0000000084c00000|100%| O|  |TAMS 0x0000000084c00000, 0x0000000084b00000| Untracked 
|  76|0x0000000084c00000, 0x0000000084d00000, 0x0000000084d00000|100%| O|  |TAMS 0x0000000084d00000, 0x0000000084c00000| Untracked 
|  77|0x0000000084d00000, 0x0000000084e00000, 0x0000000084e00000|100%| O|  |TAMS 0x0000000084e00000, 0x0000000084d00000| Untracked 
|  78|0x0000000084e00000, 0x0000000084f00000, 0x0000000084f00000|100%| O|  |TAMS 0x0000000084f00000, 0x0000000084e00000| Untracked 
|  79|0x0000000084f00000, 0x0000000085000000, 0x0000000085000000|100%| O|  |TAMS 0x0000000085000000, 0x0000000084f00000| Untracked 
|  80|0x0000000085000000, 0x0000000085100000, 0x0000000085100000|100%|HS|  |TAMS 0x0000000085100000, 0x0000000085000000| Complete 
|  81|0x0000000085100000, 0x0000000085200000, 0x0000000085200000|100%|HC|  |TAMS 0x0000000085200000, 0x0000000085100000| Complete 
|  82|0x0000000085200000, 0x0000000085300000, 0x0000000085300000|100%|HS|  |TAMS 0x0000000085300000, 0x0000000085200000| Complete 
|  83|0x0000000085300000, 0x0000000085400000, 0x0000000085400000|100%|HC|  |TAMS 0x0000000085400000, 0x0000000085300000| Complete 
|  84|0x0000000085400000, 0x0000000085500000, 0x0000000085500000|100%|HC|  |TAMS 0x0000000085500000, 0x0000000085400000| Complete 
|  85|0x0000000085500000, 0x0000000085600000, 0x0000000085600000|100%|HS|  |TAMS 0x0000000085600000, 0x0000000085500000| Complete 
|  86|0x0000000085600000, 0x0000000085700000, 0x0000000085700000|100%|HC|  |TAMS 0x0000000085700000, 0x0000000085600000| Complete 
|  87|0x0000000085700000, 0x0000000085800000, 0x0000000085800000|100%|HC|  |TAMS 0x0000000085800000, 0x0000000085700000| Complete 
|  88|0x0000000085800000, 0x0000000085900000, 0x0000000085900000|100%|HC|  |TAMS 0x0000000085900000, 0x0000000085800000| Complete 
|  89|0x0000000085900000, 0x0000000085a00000, 0x0000000085a00000|100%| O|  |TAMS 0x0000000085a00000, 0x0000000085900000| Untracked 
|  90|0x0000000085a00000, 0x0000000085b00000, 0x0000000085b00000|100%| O|  |TAMS 0x0000000085a00000, 0x0000000085a00000| Untracked 
|  91|0x0000000085b00000, 0x0000000085c00000, 0x0000000085c00000|100%| O|  |TAMS 0x0000000085c00000, 0x0000000085b00000| Untracked 
|  92|0x0000000085c00000, 0x0000000085d00000, 0x0000000085d00000|100%| O|  |TAMS 0x0000000085d00000, 0x0000000085c00000| Untracked 
|  93|0x0000000085d00000, 0x0000000085e00000, 0x0000000085e00000|100%| O|  |TAMS 0x0000000085e00000, 0x0000000085d00000| Untracked 
|  94|0x0000000085e00000, 0x0000000085f00000, 0x0000000085f00000|100%| O|  |TAMS 0x0000000085f00000, 0x0000000085e00000| Untracked 
|  95|0x0000000085f00000, 0x0000000086000000, 0x0000000086000000|100%| O|  |TAMS 0x0000000086000000, 0x0000000085f00000| Untracked 
|  96|0x0000000086000000, 0x0000000086100000, 0x0000000086100000|100%| O|  |TAMS 0x0000000086100000, 0x0000000086000000| Untracked 
|  97|0x0000000086100000, 0x0000000086200000, 0x0000000086200000|100%| O|  |TAMS 0x0000000086200000, 0x0000000086100000| Untracked 
|  98|0x0000000086200000, 0x0000000086300000, 0x0000000086300000|100%| O|  |TAMS 0x0000000086300000, 0x0000000086200000| Untracked 
|  99|0x0000000086300000, 0x0000000086400000, 0x0000000086400000|100%| O|  |TAMS 0x0000000086400000, 0x0000000086300000| Untracked 
| 100|0x0000000086400000, 0x0000000086500000, 0x0000000086500000|100%| O|  |TAMS 0x0000000086500000, 0x0000000086400000| Untracked 
| 101|0x0000000086500000, 0x0000000086600000, 0x0000000086600000|100%| O|  |TAMS 0x0000000086600000, 0x0000000086500000| Untracked 
| 102|0x0000000086600000, 0x0000000086700000, 0x0000000086700000|100%| O|  |TAMS 0x0000000086700000, 0x0000000086600000| Untracked 
| 103|0x0000000086700000, 0x0000000086800000, 0x0000000086800000|100%| O|  |TAMS 0x0000000086800000, 0x0000000086700000| Untracked 
| 104|0x0000000086800000, 0x0000000086900000, 0x0000000086900000|100%| O|  |TAMS 0x0000000086900000, 0x0000000086800000| Untracked 
| 105|0x0000000086900000, 0x0000000086a00000, 0x0000000086a00000|100%| O|  |TAMS 0x0000000086900000, 0x0000000086900000| Untracked 
| 106|0x0000000086a00000, 0x0000000086b00000, 0x0000000086b00000|100%| O|  |TAMS 0x0000000086b00000, 0x0000000086a00000| Untracked 
| 107|0x0000000086b00000, 0x0000000086c00000, 0x0000000086c00000|100%| O|  |TAMS 0x0000000086c00000, 0x0000000086b00000| Untracked 
| 108|0x0000000086c00000, 0x0000000086d00000, 0x0000000086d00000|100%| O|  |TAMS 0x0000000086d00000, 0x0000000086c00000| Untracked 
| 109|0x0000000086d00000, 0x0000000086e00000, 0x0000000086e00000|100%| O|  |TAMS 0x0000000086d00000, 0x0000000086d00000| Untracked 
| 110|0x0000000086e00000, 0x0000000086f00000, 0x0000000086f00000|100%| O|  |TAMS 0x0000000086f00000, 0x0000000086e00000| Untracked 
| 111|0x0000000086f00000, 0x0000000087000000, 0x0000000087000000|100%| O|  |TAMS 0x0000000087000000, 0x0000000086f00000| Untracked 
| 112|0x0000000087000000, 0x0000000087100000, 0x0000000087100000|100%| O|  |TAMS 0x0000000087100000, 0x0000000087000000| Untracked 
| 113|0x0000000087100000, 0x0000000087200000, 0x0000000087200000|100%| O|  |TAMS 0x0000000087200000, 0x0000000087100000| Untracked 
| 114|0x0000000087200000, 0x0000000087300000, 0x0000000087300000|100%| O|  |TAMS 0x0000000087300000, 0x0000000087200000| Untracked 
| 115|0x0000000087300000, 0x0000000087400000, 0x0000000087400000|100%| O|  |TAMS 0x0000000087400000, 0x0000000087300000| Untracked 
| 116|0x0000000087400000, 0x0000000087500000, 0x0000000087500000|100%| O|  |TAMS 0x0000000087400000, 0x0000000087400000| Untracked 
| 117|0x0000000087500000, 0x0000000087600000, 0x0000000087600000|100%| O|  |TAMS 0x0000000087500000, 0x0000000087500000| Untracked 
| 118|0x0000000087600000, 0x0000000087700000, 0x0000000087700000|100%| O|  |TAMS 0x0000000087700000, 0x0000000087600000| Untracked 
| 119|0x0000000087700000, 0x0000000087800000, 0x0000000087800000|100%| O|  |TAMS 0x0000000087800000, 0x0000000087700000| Untracked 
| 120|0x0000000087800000, 0x0000000087900000, 0x0000000087900000|100%| O|  |TAMS 0x0000000087800000, 0x0000000087800000| Untracked 
| 121|0x0000000087900000, 0x0000000087a00000, 0x0000000087a00000|100%| O|  |TAMS 0x000000008792b200, 0x0000000087900000| Untracked 
| 122|0x0000000087a00000, 0x0000000087b00000, 0x0000000087b00000|100%| O|  |TAMS 0x0000000087a00000, 0x0000000087a00000| Untracked 
| 123|0x0000000087b00000, 0x0000000087c00000, 0x0000000087c00000|100%| O|  |TAMS 0x0000000087c00000, 0x0000000087b00000| Untracked 
| 124|0x0000000087c00000, 0x0000000087d00000, 0x0000000087d00000|100%| O|  |TAMS 0x0000000087d00000, 0x0000000087c00000| Untracked 
| 125|0x0000000087d00000, 0x0000000087e00000, 0x0000000087e00000|100%| O|  |TAMS 0x0000000087e00000, 0x0000000087d00000| Untracked 
| 126|0x0000000087e00000, 0x0000000087f00000, 0x0000000087f00000|100%| O|  |TAMS 0x0000000087f00000, 0x0000000087e00000| Untracked 
| 127|0x0000000087f00000, 0x0000000088000000, 0x0000000088000000|100%| O|  |TAMS 0x0000000088000000, 0x0000000087f00000| Untracked 
| 128|0x0000000088000000, 0x0000000088100000, 0x0000000088100000|100%| O|  |TAMS 0x0000000088100000, 0x0000000088000000| Untracked 
| 129|0x0000000088100000, 0x0000000088200000, 0x0000000088200000|100%| O|  |TAMS 0x0000000088100000, 0x0000000088100000| Untracked 
| 130|0x0000000088200000, 0x0000000088300000, 0x0000000088300000|100%| O|  |TAMS 0x0000000088200000, 0x0000000088200000| Untracked 
| 131|0x0000000088300000, 0x0000000088400000, 0x0000000088400000|100%| O|  |TAMS 0x0000000088300000, 0x0000000088300000| Untracked 
| 132|0x0000000088400000, 0x0000000088500000, 0x0000000088500000|100%| O|  |TAMS 0x0000000088400000, 0x0000000088400000| Untracked 
| 133|0x0000000088500000, 0x0000000088600000, 0x0000000088600000|100%| O|  |TAMS 0x0000000088500000, 0x0000000088500000| Untracked 
| 134|0x0000000088600000, 0x0000000088700000, 0x0000000088700000|100%| O|  |TAMS 0x0000000088600000, 0x0000000088600000| Untracked 
| 135|0x0000000088700000, 0x0000000088800000, 0x0000000088800000|100%| O|  |TAMS 0x0000000088700000, 0x0000000088700000| Untracked 
| 136|0x0000000088800000, 0x0000000088900000, 0x0000000088900000|100%| O|  |TAMS 0x0000000088800000, 0x0000000088800000| Untracked 
| 137|0x0000000088900000, 0x0000000088a00000, 0x0000000088a00000|100%| O|  |TAMS 0x0000000088900000, 0x0000000088900000| Untracked 
| 138|0x0000000088a00000, 0x0000000088b00000, 0x0000000088b00000|100%| O|  |TAMS 0x0000000088a00000, 0x0000000088a00000| Untracked 
| 139|0x0000000088b00000, 0x0000000088c00000, 0x0000000088c00000|100%| O|  |TAMS 0x0000000088b00000, 0x0000000088b00000| Untracked 
| 140|0x0000000088c00000, 0x0000000088d00000, 0x0000000088d00000|100%| O|  |TAMS 0x0000000088c00000, 0x0000000088c00000| Untracked 
| 141|0x0000000088d00000, 0x0000000088e00000, 0x0000000088e00000|100%| O|  |TAMS 0x0000000088d00000, 0x0000000088d00000| Untracked 
| 142|0x0000000088e00000, 0x0000000088f00000, 0x0000000088f00000|100%| O|  |TAMS 0x0000000088e00000, 0x0000000088e00000| Untracked 
| 143|0x0000000088f00000, 0x0000000089000000, 0x0000000089000000|100%| O|  |TAMS 0x0000000088f00000, 0x0000000088f00000| Untracked 
| 144|0x0000000089000000, 0x0000000089100000, 0x0000000089100000|100%| O|  |TAMS 0x0000000089100000, 0x0000000089000000| Untracked 
| 145|0x0000000089100000, 0x0000000089200000, 0x0000000089200000|100%| O|  |TAMS 0x0000000089200000, 0x0000000089100000| Untracked 
| 146|0x0000000089200000, 0x0000000089300000, 0x0000000089300000|100%| O|  |TAMS 0x0000000089200000, 0x0000000089200000| Untracked 
| 147|0x0000000089300000, 0x0000000089400000, 0x0000000089400000|100%| O|  |TAMS 0x0000000089300000, 0x0000000089300000| Untracked 
| 148|0x0000000089400000, 0x0000000089500000, 0x0000000089500000|100%| O|  |TAMS 0x0000000089400000, 0x0000000089400000| Untracked 
| 149|0x0000000089500000, 0x0000000089600000, 0x0000000089600000|100%| O|  |TAMS 0x0000000089500000, 0x0000000089500000| Untracked 
| 150|0x0000000089600000, 0x0000000089700000, 0x0000000089700000|100%| O|  |TAMS 0x0000000089600000, 0x0000000089600000| Untracked 
| 151|0x0000000089700000, 0x0000000089800000, 0x0000000089800000|100%| O|  |TAMS 0x0000000089700000, 0x0000000089700000| Untracked 
| 152|0x0000000089800000, 0x0000000089900000, 0x0000000089900000|100%| O|  |TAMS 0x0000000089800000, 0x0000000089800000| Untracked 
| 153|0x0000000089900000, 0x0000000089a00000, 0x0000000089a00000|100%| O|  |TAMS 0x0000000089900000, 0x0000000089900000| Untracked 
| 154|0x0000000089a00000, 0x0000000089b00000, 0x0000000089b00000|100%| O|  |TAMS 0x0000000089a00000, 0x0000000089a00000| Untracked 
| 155|0x0000000089b00000, 0x0000000089c00000, 0x0000000089c00000|100%| O|  |TAMS 0x0000000089b00000, 0x0000000089b00000| Untracked 
| 156|0x0000000089c00000, 0x0000000089d00000, 0x0000000089d00000|100%| O|  |TAMS 0x0000000089c00000, 0x0000000089c00000| Untracked 
| 157|0x0000000089d00000, 0x0000000089e00000, 0x0000000089e00000|100%| O|  |TAMS 0x0000000089d00000, 0x0000000089d00000| Untracked 
| 158|0x0000000089e00000, 0x0000000089f00000, 0x0000000089f00000|100%| O|  |TAMS 0x0000000089e00000, 0x0000000089e00000| Untracked 
| 159|0x0000000089f00000, 0x000000008a000000, 0x000000008a000000|100%| O|  |TAMS 0x0000000089f00000, 0x0000000089f00000| Untracked 
| 160|0x000000008a000000, 0x000000008a100000, 0x000000008a100000|100%| O|  |TAMS 0x000000008a000000, 0x000000008a000000| Untracked 
| 161|0x000000008a100000, 0x000000008a200000, 0x000000008a200000|100%| O|  |TAMS 0x000000008a100000, 0x000000008a100000| Untracked 
| 162|0x000000008a200000, 0x000000008a300000, 0x000000008a300000|100%| O|  |TAMS 0x000000008a200000, 0x000000008a200000| Untracked 
| 163|0x000000008a300000, 0x000000008a400000, 0x000000008a400000|100%| O|  |TAMS 0x000000008a300000, 0x000000008a300000| Untracked 
| 164|0x000000008a400000, 0x000000008a500000, 0x000000008a500000|100%| O|  |TAMS 0x000000008a400000, 0x000000008a400000| Untracked 
| 165|0x000000008a500000, 0x000000008a600000, 0x000000008a600000|100%| O|  |TAMS 0x000000008a500000, 0x000000008a500000| Untracked 
| 166|0x000000008a600000, 0x000000008a700000, 0x000000008a700000|100%| O|  |TAMS 0x000000008a600000, 0x000000008a600000| Untracked 
| 167|0x000000008a700000, 0x000000008a800000, 0x000000008a800000|100%| O|  |TAMS 0x000000008a700000, 0x000000008a700000| Untracked 
| 168|0x000000008a800000, 0x000000008a900000, 0x000000008a900000|100%| O|  |TAMS 0x000000008a800000, 0x000000008a800000| Untracked 
| 169|0x000000008a900000, 0x000000008aa00000, 0x000000008aa00000|100%| O|  |TAMS 0x000000008a900000, 0x000000008a900000| Untracked 
| 170|0x000000008aa00000, 0x000000008ab00000, 0x000000008ab00000|100%| O|  |TAMS 0x000000008aa00000, 0x000000008aa00000| Untracked 
| 171|0x000000008ab00000, 0x000000008ac00000, 0x000000008ac00000|100%| O|  |TAMS 0x000000008ab00000, 0x000000008ab00000| Untracked 
| 172|0x000000008ac00000, 0x000000008ad00000, 0x000000008ad00000|100%| O|  |TAMS 0x000000008ac00000, 0x000000008ac00000| Untracked 
| 173|0x000000008ad00000, 0x000000008adfca00, 0x000000008ae00000| 98%| O|  |TAMS 0x000000008ad00000, 0x000000008ad00000| Untracked 
| 174|0x000000008ae00000, 0x000000008ae00000, 0x000000008af00000|  0%| F|  |TAMS 0x000000008ae00000, 0x000000008ae00000| Untracked 
| 175|0x000000008af00000, 0x000000008af00000, 0x000000008b000000|  0%| F|  |TAMS 0x000000008af00000, 0x000000008af00000| Untracked 
| 176|0x000000008b000000, 0x000000008b000000, 0x000000008b100000|  0%| F|  |TAMS 0x000000008b000000, 0x000000008b000000| Untracked 
| 177|0x000000008b100000, 0x000000008b100000, 0x000000008b200000|  0%| F|  |TAMS 0x000000008b100000, 0x000000008b100000| Untracked 
| 178|0x000000008b200000, 0x000000008b200000, 0x000000008b300000|  0%| F|  |TAMS 0x000000008b200000, 0x000000008b200000| Untracked 
| 179|0x000000008b300000, 0x000000008b300000, 0x000000008b400000|  0%| F|  |TAMS 0x000000008b300000, 0x000000008b300000| Untracked 
| 180|0x000000008b400000, 0x000000008b400000, 0x000000008b500000|  0%| F|  |TAMS 0x000000008b400000, 0x000000008b400000| Untracked 
| 181|0x000000008b500000, 0x000000008b500000, 0x000000008b600000|  0%| F|  |TAMS 0x000000008b500000, 0x000000008b500000| Untracked 
| 182|0x000000008b600000, 0x000000008b600000, 0x000000008b700000|  0%| F|  |TAMS 0x000000008b600000, 0x000000008b600000| Untracked 
| 183|0x000000008b700000, 0x000000008b700000, 0x000000008b800000|  0%| F|  |TAMS 0x000000008b700000, 0x000000008b700000| Untracked 
| 184|0x000000008b800000, 0x000000008b800000, 0x000000008b900000|  0%| F|  |TAMS 0x000000008b800000, 0x000000008b800000| Untracked 
| 185|0x000000008b900000, 0x000000008b900000, 0x000000008ba00000|  0%| F|  |TAMS 0x000000008b900000, 0x000000008b900000| Untracked 
| 186|0x000000008ba00000, 0x000000008ba00000, 0x000000008bb00000|  0%| F|  |TAMS 0x000000008ba00000, 0x000000008ba00000| Untracked 
| 187|0x000000008bb00000, 0x000000008bb00000, 0x000000008bc00000|  0%| F|  |TAMS 0x000000008bb00000, 0x000000008bb00000| Untracked 
| 188|0x000000008bc00000, 0x000000008bc00000, 0x000000008bd00000|  0%| F|  |TAMS 0x000000008bc00000, 0x000000008bc00000| Untracked 
| 189|0x000000008bd00000, 0x000000008bd00000, 0x000000008be00000|  0%| F|  |TAMS 0x000000008bd00000, 0x000000008bd00000| Untracked 
| 190|0x000000008be00000, 0x000000008be00000, 0x000000008bf00000|  0%| F|  |TAMS 0x000000008be00000, 0x000000008be00000| Untracked 
| 191|0x000000008bf00000, 0x000000008bf00000, 0x000000008c000000|  0%| F|  |TAMS 0x000000008bf00000, 0x000000008bf00000| Untracked 
| 192|0x000000008c000000, 0x000000008c000000, 0x000000008c100000|  0%| F|  |TAMS 0x000000008c000000, 0x000000008c000000| Untracked 
| 193|0x000000008c100000, 0x000000008c100000, 0x000000008c200000|  0%| F|  |TAMS 0x000000008c100000, 0x000000008c100000| Untracked 
| 194|0x000000008c200000, 0x000000008c200000, 0x000000008c300000|  0%| F|  |TAMS 0x000000008c200000, 0x000000008c200000| Untracked 
| 195|0x000000008c300000, 0x000000008c300000, 0x000000008c400000|  0%| F|  |TAMS 0x000000008c300000, 0x000000008c300000| Untracked 
| 196|0x000000008c400000, 0x000000008c400000, 0x000000008c500000|  0%| F|  |TAMS 0x000000008c400000, 0x000000008c400000| Untracked 
| 197|0x000000008c500000, 0x000000008c500000, 0x000000008c600000|  0%| F|  |TAMS 0x000000008c500000, 0x000000008c500000| Untracked 
| 198|0x000000008c600000, 0x000000008c600000, 0x000000008c700000|  0%| F|  |TAMS 0x000000008c600000, 0x000000008c600000| Untracked 
| 199|0x000000008c700000, 0x000000008c700000, 0x000000008c800000|  0%| F|  |TAMS 0x000000008c700000, 0x000000008c700000| Untracked 
| 200|0x000000008c800000, 0x000000008c800000, 0x000000008c900000|  0%| F|  |TAMS 0x000000008c800000, 0x000000008c800000| Untracked 
| 201|0x000000008c900000, 0x000000008c900000, 0x000000008ca00000|  0%| F|  |TAMS 0x000000008c900000, 0x000000008c900000| Untracked 
| 202|0x000000008ca00000, 0x000000008ca00000, 0x000000008cb00000|  0%| F|  |TAMS 0x000000008ca00000, 0x000000008ca00000| Untracked 
| 203|0x000000008cb00000, 0x000000008cb00000, 0x000000008cc00000|  0%| F|  |TAMS 0x000000008cb00000, 0x000000008cb00000| Untracked 
| 204|0x000000008cc00000, 0x000000008cc00000, 0x000000008cd00000|  0%| F|  |TAMS 0x000000008cc00000, 0x000000008cc00000| Untracked 
| 205|0x000000008cd00000, 0x000000008cd00000, 0x000000008ce00000|  0%| F|  |TAMS 0x000000008cd00000, 0x000000008cd00000| Untracked 
| 206|0x000000008ce00000, 0x000000008ce00000, 0x000000008cf00000|  0%| F|  |TAMS 0x000000008ce00000, 0x000000008ce00000| Untracked 
| 207|0x000000008cf00000, 0x000000008cf00000, 0x000000008d000000|  0%| F|  |TAMS 0x000000008cf00000, 0x000000008cf00000| Untracked 
| 208|0x000000008d000000, 0x000000008d100000, 0x000000008d100000|100%| S|CS|TAMS 0x000000008d000000, 0x000000008d000000| Complete 
| 209|0x000000008d100000, 0x000000008d200000, 0x000000008d200000|100%| S|CS|TAMS 0x000000008d100000, 0x000000008d100000| Complete 
| 210|0x000000008d200000, 0x000000008d200000, 0x000000008d300000|  0%| F|  |TAMS 0x000000008d200000, 0x000000008d200000| Untracked 
| 211|0x000000008d300000, 0x000000008d300000, 0x000000008d400000|  0%| F|  |TAMS 0x000000008d300000, 0x000000008d300000| Untracked 
| 212|0x000000008d400000, 0x000000008d400000, 0x000000008d500000|  0%| F|  |TAMS 0x000000008d400000, 0x000000008d400000| Untracked 
| 213|0x000000008d500000, 0x000000008d600000, 0x000000008d600000|100%| S|CS|TAMS 0x000000008d500000, 0x000000008d500000| Complete 
| 214|0x000000008d600000, 0x000000008d700000, 0x000000008d700000|100%| S|CS|TAMS 0x000000008d600000, 0x000000008d600000| Complete 
| 215|0x000000008d700000, 0x000000008d800000, 0x000000008d800000|100%| S|CS|TAMS 0x000000008d700000, 0x000000008d700000| Complete 
| 216|0x000000008d800000, 0x000000008d800000, 0x000000008d900000|  0%| F|  |TAMS 0x000000008d800000, 0x000000008d800000| Untracked 
| 217|0x000000008d900000, 0x000000008d900000, 0x000000008da00000|  0%| F|  |TAMS 0x000000008d900000, 0x000000008d900000| Untracked 
| 218|0x000000008da00000, 0x000000008da00000, 0x000000008db00000|  0%| F|  |TAMS 0x000000008da00000, 0x000000008da00000| Untracked 
| 219|0x000000008db00000, 0x000000008db00000, 0x000000008dc00000|  0%| F|  |TAMS 0x000000008db00000, 0x000000008db00000| Untracked 
| 220|0x000000008dc00000, 0x000000008dc00000, 0x000000008dd00000|  0%| F|  |TAMS 0x000000008dc00000, 0x000000008dc00000| Untracked 
| 221|0x000000008dd00000, 0x000000008dd00000, 0x000000008de00000|  0%| F|  |TAMS 0x000000008dd00000, 0x000000008dd00000| Untracked 
| 222|0x000000008de00000, 0x000000008de00000, 0x000000008df00000|  0%| F|  |TAMS 0x000000008de00000, 0x000000008de00000| Untracked 
| 223|0x000000008df00000, 0x000000008df00000, 0x000000008e000000|  0%| F|  |TAMS 0x000000008df00000, 0x000000008df00000| Untracked 
| 224|0x000000008e000000, 0x000000008e000000, 0x000000008e100000|  0%| F|  |TAMS 0x000000008e000000, 0x000000008e000000| Untracked 
| 225|0x000000008e100000, 0x000000008e100000, 0x000000008e200000|  0%| F|  |TAMS 0x000000008e100000, 0x000000008e100000| Untracked 
| 226|0x000000008e200000, 0x000000008e200000, 0x000000008e300000|  0%| F|  |TAMS 0x000000008e200000, 0x000000008e200000| Untracked 
| 227|0x000000008e300000, 0x000000008e300000, 0x000000008e400000|  0%| F|  |TAMS 0x000000008e300000, 0x000000008e300000| Untracked 
| 228|0x000000008e400000, 0x000000008e400000, 0x000000008e500000|  0%| F|  |TAMS 0x000000008e400000, 0x000000008e400000| Untracked 
| 229|0x000000008e500000, 0x000000008e500000, 0x000000008e600000|  0%| F|  |TAMS 0x000000008e500000, 0x000000008e500000| Untracked 
| 230|0x000000008e600000, 0x000000008e600000, 0x000000008e700000|  0%| F|  |TAMS 0x000000008e600000, 0x000000008e600000| Untracked 
| 231|0x000000008e700000, 0x000000008e700000, 0x000000008e800000|  0%| F|  |TAMS 0x000000008e700000, 0x000000008e700000| Untracked 
| 232|0x000000008e800000, 0x000000008e800000, 0x000000008e900000|  0%| F|  |TAMS 0x000000008e800000, 0x000000008e800000| Untracked 
| 233|0x000000008e900000, 0x000000008e900000, 0x000000008ea00000|  0%| F|  |TAMS 0x000000008e900000, 0x000000008e900000| Untracked 
| 234|0x000000008ea00000, 0x000000008ea00000, 0x000000008eb00000|  0%| F|  |TAMS 0x000000008ea00000, 0x000000008ea00000| Untracked 
| 235|0x000000008eb00000, 0x000000008eb00000, 0x000000008ec00000|  0%| F|  |TAMS 0x000000008eb00000, 0x000000008eb00000| Untracked 
| 236|0x000000008ec00000, 0x000000008ec00000, 0x000000008ed00000|  0%| F|  |TAMS 0x000000008ec00000, 0x000000008ec00000| Untracked 
| 237|0x000000008ed00000, 0x000000008ed00000, 0x000000008ee00000|  0%| F|  |TAMS 0x000000008ed00000, 0x000000008ed00000| Untracked 
| 238|0x000000008ee00000, 0x000000008ee00000, 0x000000008ef00000|  0%| F|  |TAMS 0x000000008ee00000, 0x000000008ee00000| Untracked 
| 239|0x000000008ef00000, 0x000000008ef00000, 0x000000008f000000|  0%| F|  |TAMS 0x000000008ef00000, 0x000000008ef00000| Untracked 
| 240|0x000000008f000000, 0x000000008f000000, 0x000000008f100000|  0%| F|  |TAMS 0x000000008f000000, 0x000000008f000000| Untracked 
| 241|0x000000008f100000, 0x000000008f100000, 0x000000008f200000|  0%| F|  |TAMS 0x000000008f100000, 0x000000008f100000| Untracked 
| 242|0x000000008f200000, 0x000000008f200000, 0x000000008f300000|  0%| F|  |TAMS 0x000000008f200000, 0x000000008f200000| Untracked 
| 243|0x000000008f300000, 0x000000008f300000, 0x000000008f400000|  0%| F|  |TAMS 0x000000008f300000, 0x000000008f300000| Untracked 
| 244|0x000000008f400000, 0x000000008f400000, 0x000000008f500000|  0%| F|  |TAMS 0x000000008f400000, 0x000000008f400000| Untracked 
| 245|0x000000008f500000, 0x000000008f500000, 0x000000008f600000|  0%| F|  |TAMS 0x000000008f500000, 0x000000008f500000| Untracked 
| 246|0x000000008f600000, 0x000000008f600000, 0x000000008f700000|  0%| F|  |TAMS 0x000000008f600000, 0x000000008f600000| Untracked 
| 247|0x000000008f700000, 0x000000008f700000, 0x000000008f800000|  0%| F|  |TAMS 0x000000008f700000, 0x000000008f700000| Untracked 
| 248|0x000000008f800000, 0x000000008f800000, 0x000000008f900000|  0%| F|  |TAMS 0x000000008f800000, 0x000000008f800000| Untracked 
| 249|0x000000008f900000, 0x000000008f900000, 0x000000008fa00000|  0%| F|  |TAMS 0x000000008f900000, 0x000000008f900000| Untracked 

Card table byte_map: [0x0000017c759e0000,0x0000017c75de0000] _byte_map_base: 0x0000017c755e0000

Marking Bits (Prev, Next): (CMBitMap*) 0x0000017c60d0c208, (CMBitMap*) 0x0000017c60d0c240
 Prev Bits: [0x0000017c761e0000, 0x0000017c781e0000)
 Next Bits: [0x0000017c781e0000, 0x0000017c7a1e0000)

Polling page: 0x0000017c65f80000

Metaspace:

Usage:
  Non-class:    115.96 MB capacity,   113.48 MB ( 98%) used,     2.06 MB (  2%) free+waste,   425.88 KB ( <1%) overhead. 
      Class:     17.79 MB capacity,    16.45 MB ( 92%) used,     1.15 MB (  6%) free+waste,   193.75 KB (  1%) overhead. 
       Both:    133.75 MB capacity,   129.93 MB ( 97%) used,     3.21 MB (  2%) free+waste,   619.63 KB ( <1%) overhead. 

Virtual space:
  Non-class space:      118.00 MB reserved,     116.20 MB ( 98%) committed 
      Class space:        1.00 GB reserved,      17.88 MB (  2%) committed 
             Both:        1.12 GB reserved,     134.07 MB ( 12%) committed 

Chunk freelists:
   Non-Class:  58.00 KB
       Class:  0 bytes
        Both:  58.00 KB

MaxMetaspaceSize: 17179869184.00 GB
CompressedClassSpaceSize: 1.00 GB

CodeHeap 'non-profiled nmethods': size=120064Kb used=12151Kb max_used=12151Kb free=107912Kb
 bounds [0x0000017c6da60000, 0x0000017c6e650000, 0x0000017c74fa0000]
CodeHeap 'profiled nmethods': size=120000Kb used=41632Kb max_used=41632Kb free=78367Kb
 bounds [0x0000017c66530000, 0x0000017c68df0000, 0x0000017c6da60000]
CodeHeap 'non-nmethods': size=5696Kb used=2367Kb max_used=2419Kb free=3328Kb
 bounds [0x0000017c65fa0000, 0x0000017c66210000, 0x0000017c66530000]
 total_blobs=18901 nmethods=17907 adapters=905
 compilation: enabled
              stopped_count=0, restarted_count=0
 full_count=0

Compilation events (20 events):
Event: 1684.445 Thread 0x0000017c7c83a800 18857       2       com.android.tools.r8.internal.hB0::next (19 bytes)
Event: 1684.445 Thread 0x0000017c7c83a800 nmethod 18857 0x0000017c66fc4010 code [0x0000017c66fc41c0, 0x0000017c66fc4368]
Event: 1684.445 Thread 0x0000017c7c83a800 18858       1       com.android.tools.r8.internal.BU0::g2 (5 bytes)
Event: 1684.445 Thread 0x0000017c7c83a800 nmethod 18858 0x0000017c6dc66990 code [0x0000017c6dc66b40, 0x0000017c6dc66bf8]
Event: 1684.483 Thread 0x0000017c7c83a800 18859       2       com.android.tools.r8.internal.P0::entrySet (5 bytes)
Event: 1684.483 Thread 0x0000017c7c83a800 nmethod 18859 0x0000017c66fc3c90 code [0x0000017c66fc3e40, 0x0000017c66fc3f68]
Event: 1684.483 Thread 0x0000017c7c83a800 18860       2       com.android.tools.r8.internal.dc1::i (27 bytes)
Event: 1684.484 Thread 0x0000017c7c83a800 nmethod 18860 0x0000017c67007210 code [0x0000017c670073c0, 0x0000017c670075d8]
Event: 1684.484 Thread 0x0000017c7c83a800 18861       2       com.android.tools.r8.internal.ac1::iterator (12 bytes)
Event: 1684.484 Thread 0x0000017c7c83a800 nmethod 18861 0x0000017c67006c10 code [0x0000017c67006dc0, 0x0000017c67006fa8]
Event: 1684.487 Thread 0x0000017c7c83a800 18862       2       java.util.LinkedList$ListItr::previous (70 bytes)
Event: 1684.488 Thread 0x0000017c7c83a800 nmethod 18862 0x0000017c67012d90 code [0x0000017c67012f80, 0x0000017c670132f8]
Event: 1684.511 Thread 0x0000017c7c83a800 18863       2       com.android.tools.r8.graph.X0::k0 (21 bytes)
Event: 1684.511 Thread 0x0000017c7c83a800 nmethod 18863 0x0000017c67012990 code [0x0000017c67012b40, 0x0000017c67012c98]
Event: 1684.515 Thread 0x0000017c7c83a800 18864       2       com.android.tools.r8.graph.X0::g0 (21 bytes)
Event: 1684.515 Thread 0x0000017c7c83a800 nmethod 18864 0x0000017c67012590 code [0x0000017c67012740, 0x0000017c67012898]
Event: 1684.520 Thread 0x0000017c7c83a800 18865 %     3       com.android.tools.r8.internal.mH0::a @ 47 (98 bytes)
Event: 1684.521 Thread 0x0000017c7c83a800 nmethod 18865% 0x0000017c670abf10 code [0x0000017c670ac160, 0x0000017c670acad8]
Event: 1684.529 Thread 0x0000017c7c83a800 18866       3       com.android.tools.r8.internal.mH0::a (98 bytes)
Event: 1684.531 Thread 0x0000017c7c83a800 nmethod 18866 0x0000017c67011710 code [0x0000017c67011940, 0x0000017c67012138]

GC Heap History (20 events):
Event: 1679.014 GC heap after
{Heap after GC invocations=88 (full 0):
 garbage-first heap   total 212992K, used 129175K [0x0000000080000000, 0x0000000100000000)
  region size 1024K, 1 young (1024K), 1 survivors (1024K)
 Metaspace       used 125723K, capacity 129221K, committed 129356K, reserved 1161216K
  class space    used 15789K, capacity 17012K, committed 17024K, reserved 1048576K
}
Event: 1680.068 GC heap before
{Heap before GC invocations=88 (full 0):
 garbage-first heap   total 212992K, used 161943K [0x0000000080000000, 0x0000000100000000)
  region size 1024K, 34 young (34816K), 1 survivors (1024K)
 Metaspace       used 126776K, capacity 130304K, committed 130636K, reserved 1163264K
  class space    used 15919K, capacity 17180K, committed 17280K, reserved 1048576K
}
Event: 1680.076 GC heap after
{Heap after GC invocations=89 (full 0):
 garbage-first heap   total 212992K, used 130843K [0x0000000080000000, 0x0000000100000000)
  region size 1024K, 3 young (3072K), 3 survivors (3072K)
 Metaspace       used 126776K, capacity 130304K, committed 130636K, reserved 1163264K
  class space    used 15919K, capacity 17180K, committed 17280K, reserved 1048576K
}
Event: 1681.190 GC heap before
{Heap before GC invocations=89 (full 0):
 garbage-first heap   total 212992K, used 164635K [0x0000000080000000, 0x0000000100000000)
  region size 1024K, 37 young (37888K), 3 survivors (3072K)
 Metaspace       used 127102K, capacity 130660K, committed 130892K, reserved 1163264K
  class space    used 15968K, capacity 17233K, committed 17280K, reserved 1048576K
}
Event: 1681.201 GC heap after
{Heap after GC invocations=90 (full 0):
 garbage-first heap   total 212992K, used 133419K [0x0000000080000000, 0x0000000100000000)
  region size 1024K, 5 young (5120K), 5 survivors (5120K)
 Metaspace       used 127102K, capacity 130660K, committed 130892K, reserved 1163264K
  class space    used 15968K, capacity 17233K, committed 17280K, reserved 1048576K
}
Event: 1682.415 GC heap before
{Heap before GC invocations=90 (full 0):
 garbage-first heap   total 212992K, used 170283K [0x0000000080000000, 0x0000000100000000)
  region size 1024K, 40 young (40960K), 5 survivors (5120K)
 Metaspace       used 127421K, capacity 131078K, committed 131276K, reserved 1163264K
  class space    used 16003K, capacity 17293K, committed 17408K, reserved 1048576K
}
Event: 1682.429 GC heap after
{Heap after GC invocations=91 (full 0):
 garbage-first heap   total 212992K, used 131336K [0x0000000080000000, 0x0000000100000000)
  region size 1024K, 2 young (2048K), 2 survivors (2048K)
 Metaspace       used 127421K, capacity 131078K, committed 131276K, reserved 1163264K
  class space    used 16003K, capacity 17293K, committed 17408K, reserved 1048576K
}
Event: 1682.705 GC heap before
{Heap before GC invocations=91 (full 0):
 garbage-first heap   total 212992K, used 169224K [0x0000000080000000, 0x0000000100000000)
  region size 1024K, 40 young (40960K), 2 survivors (2048K)
 Metaspace       used 128044K, capacity 131727K, committed 131788K, reserved 1163264K
  class space    used 16089K, capacity 17380K, committed 17408K, reserved 1048576K
}
Event: 1682.714 GC heap after
{Heap after GC invocations=92 (full 0):
 garbage-first heap   total 212992K, used 141622K [0x0000000080000000, 0x0000000100000000)
  region size 1024K, 5 young (5120K), 5 survivors (5120K)
 Metaspace       used 128044K, capacity 131727K, committed 131788K, reserved 1163264K
  class space    used 16089K, capacity 17380K, committed 17408K, reserved 1048576K
}
Event: 1683.177 GC heap before
{Heap before GC invocations=92 (full 0):
 garbage-first heap   total 212992K, used 172342K [0x0000000080000000, 0x0000000100000000)
  region size 1024K, 36 young (36864K), 5 survivors (5120K)
 Metaspace       used 129417K, capacity 133113K, committed 133324K, reserved 1165312K
  class space    used 16266K, capacity 17586K, committed 17664K, reserved 1048576K
}
Event: 1683.193 GC heap after
{Heap after GC invocations=93 (full 0):
 garbage-first heap   total 212992K, used 148480K [0x0000000080000000, 0x0000000100000000)
  region size 1024K, 5 young (5120K), 5 survivors (5120K)
 Metaspace       used 129417K, capacity 133113K, committed 133324K, reserved 1165312K
  class space    used 16266K, capacity 17586K, committed 17664K, reserved 1048576K
}
Event: 1683.485 GC heap before
{Heap before GC invocations=93 (full 0):
 garbage-first heap   total 212992K, used 175104K [0x0000000080000000, 0x0000000100000000)
  region size 1024K, 32 young (32768K), 5 survivors (5120K)
 Metaspace       used 129971K, capacity 133700K, committed 133836K, reserved 1165312K
  class space    used 16329K, capacity 17651K, committed 17664K, reserved 1048576K
}
Event: 1683.509 GC heap after
{Heap after GC invocations=94 (full 0):
 garbage-first heap   total 256000K, used 153600K [0x0000000080000000, 0x0000000100000000)
  region size 1024K, 4 young (4096K), 4 survivors (4096K)
 Metaspace       used 129971K, capacity 133700K, committed 133836K, reserved 1165312K
  class space    used 16329K, capacity 17651K, committed 17664K, reserved 1048576K
}
Event: 1683.859 GC heap before
{Heap before GC invocations=94 (full 0):
 garbage-first heap   total 256000K, used 197632K [0x0000000080000000, 0x0000000100000000)
  region size 1024K, 47 young (48128K), 4 survivors (4096K)
 Metaspace       used 130958K, capacity 134718K, committed 134860K, reserved 1167360K
  class space    used 16466K, capacity 17803K, committed 17920K, reserved 1048576K
}
Event: 1683.890 GC heap after
{Heap after GC invocations=95 (full 0):
 garbage-first heap   total 256000K, used 162340K [0x0000000080000000, 0x0000000100000000)
  region size 1024K, 6 young (6144K), 6 survivors (6144K)
 Metaspace       used 130958K, capacity 134718K, committed 134860K, reserved 1167360K
  class space    used 16466K, capacity 17803K, committed 17920K, reserved 1048576K
}
Event: 1684.069 GC heap before
{Heap before GC invocations=95 (full 0):
 garbage-first heap   total 256000K, used 203300K [0x0000000080000000, 0x0000000100000000)
  region size 1024K, 46 young (47104K), 6 survivors (6144K)
 Metaspace       used 131232K, capacity 134990K, committed 135116K, reserved 1167360K
  class space    used 16511K, capacity 17849K, committed 17920K, reserved 1048576K
}
Event: 1684.098 GC heap after
{Heap after GC invocations=96 (full 0):
 garbage-first heap   total 256000K, used 169984K [0x0000000080000000, 0x0000000100000000)
  region size 1024K, 6 young (6144K), 6 survivors (6144K)
 Metaspace       used 131232K, capacity 134990K, committed 135116K, reserved 1167360K
  class space    used 16511K, capacity 17849K, committed 17920K, reserved 1048576K
}
Event: 1684.247 GC heap before
{Heap before GC invocations=96 (full 0):
 garbage-first heap   total 256000K, used 207872K [0x0000000080000000, 0x0000000100000000)
  region size 1024K, 43 young (44032K), 6 survivors (6144K)
 Metaspace       used 131570K, capacity 135362K, committed 135500K, reserved 1167360K
  class space    used 16597K, capacity 17952K, committed 18048K, reserved 1048576K
}
Event: 1684.275 GC heap after
{Heap after GC invocations=97 (full 0):
 garbage-first heap   total 256000K, used 177142K [0x0000000080000000, 0x0000000100000000)
  region size 1024K, 6 young (6144K), 6 survivors (6144K)
 Metaspace       used 131570K, capacity 135362K, committed 135500K, reserved 1167360K
  class space    used 16597K, capacity 17952K, committed 18048K, reserved 1048576K
}
Event: 1684.560 GC heap before
{Heap before GC invocations=97 (full 0):
 garbage-first heap   total 256000K, used 211958K [0x0000000080000000, 0x0000000100000000)
  region size 1024K, 40 young (40960K), 6 survivors (6144K)
 Metaspace       used 133049K, capacity 136956K, committed 137292K, reserved 1169408K
  class space    used 16846K, capacity 18218K, committed 18304K, reserved 1048576K
}

Deoptimization events (20 events):
Event: 1684.193 Thread 0x0000017c7facf800 DEOPT PACKING pc=0x0000017c6dd68204 sp=0x00000055318f6210
Event: 1684.193 Thread 0x0000017c7facf800 DEOPT UNPACKING pc=0x0000017c65fc662f sp=0x00000055318f61c8 mode 2
Event: 1684.291 Thread 0x0000017c7facf800 DEOPT PACKING pc=0x0000017c66b795a8 sp=0x00000055318f6290
Event: 1684.291 Thread 0x0000017c7facf800 DEOPT UNPACKING pc=0x0000017c65fc6dde sp=0x00000055318f5748 mode 0
Event: 1684.320 Thread 0x0000017c7facf800 DEOPT PACKING pc=0x0000017c66ef3b03 sp=0x00000055318f6190
Event: 1684.320 Thread 0x0000017c7facf800 DEOPT UNPACKING pc=0x0000017c65fc6dde sp=0x00000055318f5730 mode 0
Event: 1684.456 Thread 0x0000017c02dc0000 Uncommon trap: trap_request=0xffffffde fr.pc=0x0000017c6dc21f0c relative=0x00000000000006ec
Event: 1684.456 Thread 0x0000017c02dc0000 Uncommon trap: reason=class_check action=maybe_recompile pc=0x0000017c6dc21f0c method=java.util.Map.computeIfAbsent(Ljava/lang/Object;Ljava/util/function/Function;)Ljava/lang/Object; @ 7 c2
Event: 1684.456 Thread 0x0000017c02dc0000 DEOPT PACKING pc=0x0000017c6dc21f0c sp=0x00000055315f9840
Event: 1684.456 Thread 0x0000017c02dc0000 DEOPT UNPACKING pc=0x0000017c65fc662f sp=0x00000055315f9818 mode 2
Event: 1684.511 Thread 0x0000017c02dc0000 Uncommon trap: trap_request=0xffffff4d fr.pc=0x0000017c6dbebcac relative=0x000000000000008c
Event: 1684.511 Thread 0x0000017c02dc0000 Uncommon trap: reason=unstable_if action=reinterpret pc=0x0000017c6dbebcac method=com.android.tools.r8.internal.Lk1.a(Ljava/lang/Object;[Lcom/android/tools/r8/internal/SS0;I)Ljava/lang/Object; @ 5 c2
Event: 1684.511 Thread 0x0000017c02dc0000 DEOPT PACKING pc=0x0000017c6dbebcac sp=0x00000055315f97e0
Event: 1684.511 Thread 0x0000017c02dc0000 DEOPT UNPACKING pc=0x0000017c65fc662f sp=0x00000055315f96b8 mode 2
Event: 1684.511 Thread 0x0000017c02dc0000 Uncommon trap: trap_request=0xffffff4d fr.pc=0x0000017c6dbc0b88 relative=0x0000000000000068
Event: 1684.511 Thread 0x0000017c02dc0000 Uncommon trap: reason=unstable_if action=reinterpret pc=0x0000017c6dbc0b88 method=com.android.tools.r8.internal.Lk1.a(Ljava/lang/Object;[Lcom/android/tools/r8/internal/SS0;I)Ljava/lang/Object; @ 5 c2
Event: 1684.511 Thread 0x0000017c02dc0000 DEOPT PACKING pc=0x0000017c6dbc0b88 sp=0x00000055315f9780
Event: 1684.511 Thread 0x0000017c02dc0000 DEOPT UNPACKING pc=0x0000017c65fc662f sp=0x00000055315f96b0 mode 2
Event: 1684.531 Thread 0x0000017c7facf800 DEOPT PACKING pc=0x0000017c668c7db8 sp=0x00000055318f6300
Event: 1684.531 Thread 0x0000017c7facf800 DEOPT UNPACKING pc=0x0000017c65fc6dde sp=0x00000055318f5800 mode 0

Classes redefined (0 events):
No events

Internal exceptions (20 events):
Event: 1681.815 Thread 0x0000017c02dc0000 Exception <a 'sun/nio/fs/WindowsException'{0x000000008bdcc498}> (0x000000008bdcc498) thrown at [./src/hotspot/share/prims/jni.cpp, line 615]
Event: 1681.863 Thread 0x0000017c02dc0000 Exception <a 'sun/nio/fs/WindowsException'{0x000000008bc96228}> (0x000000008bc96228) thrown at [./src/hotspot/share/prims/jni.cpp, line 615]
Event: 1682.583 Thread 0x0000017c02dc5800 Exception <a 'sun/nio/fs/WindowsException'{0x000000008c232b88}> (0x000000008c232b88) thrown at [./src/hotspot/share/prims/jni.cpp, line 615]
Event: 1682.655 Thread 0x0000017c03bee800 Exception <a 'sun/nio/fs/WindowsException'{0x000000008b2cc8e8}> (0x000000008b2cc8e8) thrown at [./src/hotspot/share/prims/jni.cpp, line 615]
Event: 1682.676 Thread 0x0000017c02dc0000 Exception <a 'sun/nio/fs/WindowsException'{0x000000008ae51f60}> (0x000000008ae51f60) thrown at [./src/hotspot/share/prims/jni.cpp, line 615]
Event: 1682.722 Thread 0x0000017c02dc5800 Exception <a 'java/lang/IncompatibleClassChangeError'{0x000000008ce04dd8}: Found class java.lang.Object, but interface was expected> (0x000000008ce04dd8) thrown at [./src/hotspot/share/interpreter/linkResolver.cpp, line 839]
Event: 1682.722 Thread 0x0000017c03bee800 Exception <a 'java/lang/IncompatibleClassChangeError'{0x000000008ce0c640}: Found class java.lang.Object, but interface was expected> (0x000000008ce0c640) thrown at [./src/hotspot/share/interpreter/linkResolver.cpp, line 839]
Event: 1682.722 Thread 0x0000017c02dc0000 Exception <a 'java/lang/IncompatibleClassChangeError'{0x000000008ce12200}: Found class java.lang.Object, but interface was expected> (0x000000008ce12200) thrown at [./src/hotspot/share/interpreter/linkResolver.cpp, line 839]
Event: 1682.801 Thread 0x0000017c02dc5800 Exception <a 'java/lang/NoSuchMethodError'{0x000000008c806c80}: 'long java.lang.invoke.DirectMethodHandle$Holder.invokeStatic(java.lang.Object, long, java.lang.Object)'> (0x000000008c806c80) thrown at [./src/hotspot/share/interpreter/linkResolver.cpp, line 773]
Event: 1682.803 Thread 0x0000017c02dc5800 Exception <a 'java/lang/NoSuchMethodError'{0x000000008c8cc288}: 'java.lang.Object java.lang.invoke.DirectMethodHandle$Holder.invokeStatic(java.lang.Object, long)'> (0x000000008c8cc288) thrown at [./src/hotspot/share/interpreter/linkResolver.cpp, line 773]
Event: 1682.828 Thread 0x0000017c7facf800 Exception <a 'sun/nio/fs/WindowsException'{0x000000008c483f50}> (0x000000008c483f50) thrown at [./src/hotspot/share/prims/jni.cpp, line 615]
Event: 1683.064 Thread 0x0000017c02dc5800 Exception <a 'java/lang/IncompatibleClassChangeError'{0x000000008bbca840}: Found class java.lang.Object, but interface was expected> (0x000000008bbca840) thrown at [./src/hotspot/share/interpreter/linkResolver.cpp, line 839]
Event: 1684.329 Thread 0x0000017c02dc0000 Exception <a 'java/lang/NoSuchMethodError'{0x000000008f048338}: 'java.lang.Object java.lang.invoke.DirectMethodHandle$Holder.invokeVirtual(java.lang.Object, java.lang.Object, int, java.lang.Object)'> (0x000000008f048338) thrown at [./src/hotspot/share/interpreter/linkResolver.cpp, line 773]
Event: 1684.330 Thread 0x0000017c02dc5800 Exception <a 'java/lang/NoSuchMethodError'{0x000000008f0ab2e8}: 'java.lang.Object java.lang.invoke.DirectMethodHandle$Holder.invokeVirtual(java.lang.Object, java.lang.Object, int, java.lang.Object)'> (0x000000008f0ab2e8) thrown at [./src/hotspot/share/interpreter/linkResolver.cpp, line 773]
Event: 1684.361 Thread 0x0000017c03bee800 Exception <a 'java/lang/IncompatibleClassChangeError'{0x000000008eb295c0}: Found class java.lang.Object, but interface was expected> (0x000000008eb295c0) thrown at [./src/hotspot/share/interpreter/linkResolver.cpp, line 839]
Event: 1684.361 Thread 0x0000017c02dc0000 Exception <a 'java/lang/IncompatibleClassChangeError'{0x000000008f059438}: Found class java.lang.Object, but interface was expected> (0x000000008f059438) thrown at [./src/hotspot/share/interpreter/linkResolver.cpp, line 839]
Event: 1684.362 Thread 0x0000017c02dc0000 Exception <a 'java/lang/IncompatibleClassChangeError'{0x000000008f05a978}: Found class java.lang.Object, but interface was expected> (0x000000008f05a978) thrown at [./src/hotspot/share/interpreter/linkResolver.cpp, line 839]
Event: 1684.362 Thread 0x0000017c03bee800 Exception <a 'java/lang/IncompatibleClassChangeError'{0x000000008ebefcd0}: Found class java.lang.Object, but interface was expected> (0x000000008ebefcd0) thrown at [./src/hotspot/share/interpreter/linkResolver.cpp, line 839]
Event: 1684.390 Thread 0x0000017c02dc5800 Exception <a 'java/lang/NoSuchMethodError'{0x000000008e8df008}: 'void java.lang.invoke.DirectMethodHandle$Holder.invokeVirtual(java.lang.Object, java.lang.Object, int, java.lang.Object)'> (0x000000008e8df008) thrown at [./src/hotspot/share/interpreter/linkResolver.cpp, line 773]
Event: 1684.390 Thread 0x0000017c03bee800 Exception <a 'java/lang/NoSuchMethodError'{0x000000008e87aa90}: 'void java.lang.invoke.DirectMethodHandle$Holder.invokeVirtual(java.lang.Object, java.lang.Object, int, java.lang.Object)'> (0x000000008e87aa90) thrown at [./src/hotspot/share/interpreter/linkResolver.cpp, line 773]

Events (20 events):
Event: 1684.550 loading class com/android/tools/r8/internal/yL0 done
Event: 1684.550 loading class com/android/tools/r8/code/v0
Event: 1684.550 loading class com/android/tools/r8/code/v0 done
Event: 1684.551 loading class com/android/tools/r8/code/T0
Event: 1684.551 loading class com/android/tools/r8/code/T0 done
Event: 1684.552 loading class com/android/tools/r8/internal/wL0
Event: 1684.552 loading class com/android/tools/r8/internal/wL0 done
Event: 1684.552 loading class com/android/tools/r8/code/u1
Event: 1684.552 loading class com/android/tools/r8/code/u1 done
Event: 1684.553 loading class com/android/tools/r8/internal/vL0
Event: 1684.553 loading class com/android/tools/r8/internal/vL0 done
Event: 1684.554 loading class com/android/tools/r8/code/Z0
Event: 1684.554 loading class com/android/tools/r8/code/Z0 done
Event: 1684.554 loading class com/android/tools/r8/code/w0
Event: 1684.554 loading class com/android/tools/r8/code/w0 done
Event: 1684.556 loading class com/android/tools/r8/internal/VO0
Event: 1684.556 loading class com/android/tools/r8/internal/VO0 done
Event: 1684.558 loading class com/android/tools/r8/graph/Y
Event: 1684.558 loading class com/android/tools/r8/graph/Y done
Event: 1684.560 Executing VM operation: G1CollectForAllocation


Dynamic libraries:
0x00007ff70bdb0000 - 0x00007ff70bdba000 	D:\Android Studio\jre\bin\java.exe
0x00007fff38170000 - 0x00007fff38365000 	C:\Windows\SYSTEM32\ntdll.dll
0x00007fff367f0000 - 0x00007fff368ae000 	C:\Windows\System32\KERNEL32.DLL
0x00007fff35c30000 - 0x00007fff35ef8000 	C:\Windows\System32\KERNELBASE.dll
0x00007fff359a0000 - 0x00007fff35aa0000 	C:\Windows\System32\ucrtbase.dll
0x00007fff18850000 - 0x00007fff18869000 	D:\Android Studio\jre\bin\jli.dll
0x00007fff14590000 - 0x00007fff145a7000 	D:\Android Studio\jre\bin\VCRUNTIME140.dll
0x00007fff37f60000 - 0x00007fff38100000 	C:\Windows\System32\USER32.dll
0x00007fff35b10000 - 0x00007fff35b32000 	C:\Windows\System32\win32u.dll
0x00007fff17830000 - 0x00007fff17aca000 	C:\Windows\WinSxS\amd64_microsoft.windows.common-controls_6595b64144ccf1df_6.0.19041.1110_none_60b5254171f9507e\COMCTL32.dll
0x00007fff37740000 - 0x00007fff3776a000 	C:\Windows\System32\GDI32.dll
0x00007fff36e70000 - 0x00007fff36f0e000 	C:\Windows\System32\msvcrt.dll
0x00007fff36090000 - 0x00007fff3619b000 	C:\Windows\System32\gdi32full.dll
0x00007fff35b40000 - 0x00007fff35bdd000 	C:\Windows\System32\msvcp_win.dll
0x00007fff367c0000 - 0x00007fff367f0000 	C:\Windows\System32\IMM32.DLL
0x00007fff11380000 - 0x00007fff1141d000 	D:\Android Studio\jre\bin\msvcp140.dll
0x00007ffed6af0000 - 0x00007ffed75c5000 	D:\Android Studio\jre\bin\server\jvm.dll
0x00007fff36f10000 - 0x00007fff36fbe000 	C:\Windows\System32\ADVAPI32.dll
0x00007fff37770000 - 0x00007fff3780c000 	C:\Windows\System32\sechost.dll
0x00007fff36a70000 - 0x00007fff36b95000 	C:\Windows\System32\RPCRT4.dll
0x00007fff367b0000 - 0x00007fff367b8000 	C:\Windows\System32\PSAPI.DLL
0x00007fff1d2c0000 - 0x00007fff1d2c9000 	C:\Windows\SYSTEM32\WSOCK32.dll
0x00007fff36cc0000 - 0x00007fff36d2b000 	C:\Windows\System32\WS2_32.dll
0x00007fff2a6d0000 - 0x00007fff2a6da000 	C:\Windows\SYSTEM32\VERSION.dll
0x00007fff1db00000 - 0x00007fff1db27000 	C:\Windows\SYSTEM32\WINMM.dll
0x00007fff33780000 - 0x00007fff33792000 	C:\Windows\SYSTEM32\kernel.appcore.dll
0x00007fff2d360000 - 0x00007fff2d371000 	D:\Android Studio\jre\bin\verify.dll
0x00007fff2fb80000 - 0x00007fff2fd64000 	C:\Windows\SYSTEM32\DBGHELP.DLL
0x00007fff1dac0000 - 0x00007fff1daec000 	C:\Windows\SYSTEM32\dbgcore.DLL
0x00007fff35910000 - 0x00007fff35992000 	C:\Windows\System32\bcryptPrimitives.dll
0x00007fff28f80000 - 0x00007fff28fa9000 	D:\Android Studio\jre\bin\java.dll
0x00007fff2d2e0000 - 0x00007fff2d2eb000 	D:\Android Studio\jre\bin\jimage.dll
0x00007fff20f90000 - 0x00007fff20fa8000 	D:\Android Studio\jre\bin\zip.dll
0x00007fff37810000 - 0x00007fff37f54000 	C:\Windows\System32\SHELL32.dll
0x00007fff33980000 - 0x00007fff34114000 	C:\Windows\SYSTEM32\windows.storage.dll
0x00007fff37220000 - 0x00007fff37574000 	C:\Windows\System32\combase.dll
0x00007fff352d0000 - 0x00007fff352fc000 	C:\Windows\SYSTEM32\Wldp.dll
0x00007fff36fc0000 - 0x00007fff3706d000 	C:\Windows\System32\SHCORE.dll
0x00007fff36c50000 - 0x00007fff36ca5000 	C:\Windows\System32\shlwapi.dll
0x00007fff357a0000 - 0x00007fff357bf000 	C:\Windows\SYSTEM32\profapi.dll
0x00007fff20f70000 - 0x00007fff20f8a000 	D:\Android Studio\jre\bin\net.dll
0x00007fff330a0000 - 0x00007fff331aa000 	C:\Windows\SYSTEM32\WINHTTP.dll
0x00007fff35030000 - 0x00007fff3509a000 	C:\Windows\system32\mswsock.dll
0x00007fff20f50000 - 0x00007fff20f64000 	D:\Android Studio\jre\bin\nio.dll
0x00007fff145b0000 - 0x00007fff145d7000 	C:\Users\mahdj\.gradle\native\e1d6ef7f7dcc3fd88c89a11ec53ec762bb8ba0a96d01ffa2cd45eb1d1d8dd5c5\windows-amd64\native-platform.dll
0x00007fff09270000 - 0x00007fff093b4000 	C:\Users\mahdj\.gradle\native\5664cfc778a61ccfe75a443a1ab52a65af34e5dc3c78e0209fed803814484fcb\windows-amd64\native-platform-file-events.dll
0x00007fff2bd30000 - 0x00007fff2bd3a000 	D:\Android Studio\jre\bin\management.dll
0x00007fff2bcc0000 - 0x00007fff2bccd000 	D:\Android Studio\jre\bin\management_ext.dll
0x00007fff35220000 - 0x00007fff35238000 	C:\Windows\SYSTEM32\CRYPTSP.dll
0x00007fff34940000 - 0x00007fff34974000 	C:\Windows\system32\rsaenh.dll
0x00007fff35f00000 - 0x00007fff35f27000 	C:\Windows\System32\bcrypt.dll
0x00007fff35760000 - 0x00007fff3578e000 	C:\Windows\SYSTEM32\USERENV.dll
0x00007fff35240000 - 0x00007fff3524c000 	C:\Windows\SYSTEM32\CRYPTBASE.dll
0x00007fff34cd0000 - 0x00007fff34d0b000 	C:\Windows\SYSTEM32\IPHLPAPI.DLL
0x00007fff36cb0000 - 0x00007fff36cb8000 	C:\Windows\System32\NSI.dll
0x00007fff2a800000 - 0x00007fff2a817000 	C:\Windows\SYSTEM32\dhcpcsvc6.DLL
0x00007fff2a7e0000 - 0x00007fff2a7fd000 	C:\Windows\SYSTEM32\dhcpcsvc.DLL
0x00007fff34d20000 - 0x00007fff34deb000 	C:\Windows\SYSTEM32\DNSAPI.dll
0x00007fff18910000 - 0x00007fff18937000 	D:\Android Studio\jre\bin\sunec.dll
0x00007fff21760000 - 0x00007fff2176a000 	C:\Windows\System32\rasadhlp.dll
0x00007fff21640000 - 0x00007fff216bf000 	C:\Windows\System32\fwpuclnt.dll

dbghelp: loaded successfully - version: 4.0.5 - missing functions: none
symbol engine: initialized successfully - sym options: 0x614 - pdb path: .;D:\Android Studio\jre\bin;C:\Windows\SYSTEM32;C:\Windows\WinSxS\amd64_microsoft.windows.common-controls_6595b64144ccf1df_6.0.19041.1110_none_60b5254171f9507e;D:\Android Studio\jre\bin\server;C:\Users\mahdj\.gradle\native\e1d6ef7f7dcc3fd88c89a11ec53ec762bb8ba0a96d01ffa2cd45eb1d1d8dd5c5\windows-amd64;C:\Users\mahdj\.gradle\native\5664cfc778a61ccfe75a443a1ab52a65af34e5dc3c78e0209fed803814484fcb\windows-amd64

VM Arguments:
jvm_args: --add-opens=java.base/java.util=ALL-UNNAMED --add-opens=java.base/java.lang=ALL-UNNAMED --add-opens=java.base/java.lang.invoke=ALL-UNNAMED --add-opens=java.base/java.util=ALL-UNNAMED --add-opens=java.prefs/java.util.prefs=ALL-UNNAMED --add-opens=java.prefs/java.util.prefs=ALL-UNNAMED --add-opens=java.base/java.nio.charset=ALL-UNNAMED --add-opens=java.base/java.net=ALL-UNNAMED --add-opens=java.base/java.util.concurrent.atomic=ALL-UNNAMED -Xmx2048m -Dfile.encoding=UTF-8 -Duser.country=US -Duser.language=en -Duser.variant 
java_command: org.gradle.launcher.daemon.bootstrap.GradleDaemon 7.2
java_class_path (initial): C:\Users\mahdj\.gradle\wrapper\dists\gradle-7.2-bin\2dnblmf4td7x66yl1d74lt32g\gradle-7.2\lib\gradle-launcher-7.2.jar
Launcher Type: SUN_STANDARD

[Global flags]
     intx CICompilerCount                          = 3                                         {product} {ergonomic}
     uint ConcGCThreads                            = 1                                         {product} {ergonomic}
     uint G1ConcRefinementThreads                  = 4                                         {product} {ergonomic}
   size_t G1HeapRegionSize                         = 1048576                                   {product} {ergonomic}
    uintx GCDrainStackTargetSize                   = 64                                        {product} {ergonomic}
   size_t InitialHeapSize                          = 125829120                                 {product} {ergonomic}
   size_t MarkStackSize                            = 4194304                                   {product} {ergonomic}
   size_t MaxHeapSize                              = 2147483648                                {product} {command line}
   size_t MaxNewSize                               = 1287651328                                {product} {ergonomic}
   size_t MinHeapDeltaBytes                        = 1048576                                   {product} {ergonomic}
    uintx NonNMethodCodeHeapSize                   = 5830732                                {pd product} {ergonomic}
    uintx NonProfiledCodeHeapSize                  = 122913754                              {pd product} {ergonomic}
    uintx ProfiledCodeHeapSize                     = 122913754                              {pd product} {ergonomic}
    uintx ReservedCodeCacheSize                    = 251658240                              {pd product} {ergonomic}
     bool SegmentedCodeCache                       = true                                      {product} {ergonomic}
     bool UseCompressedClassPointers               = true                                 {lp64_product} {ergonomic}
     bool UseCompressedOops                        = true                                 {lp64_product} {ergonomic}
     bool UseG1GC                                  = true                                      {product} {ergonomic}
     bool UseLargePagesIndividualAllocation        = false                                  {pd product} {ergonomic}

Logging:
Log output configuration:
 #0: stdout all=warning uptime,level,tags
 #1: stderr all=off uptime,level,tags

Environment Variables:
PATH=C:\Python310\Scripts\;C:\Python310\;D:\oracle\app\oracle\product\11.2.0\server\bin;C:\ProgramData\Oracle\Java\javapath;C:\Program Files\Common Files\Oracle\Java\javapath;C:\Program Files (x86)\Common Files\Oracle\Java\javapath;C:\Windows\system32;C:\Windows;C:\Windows\System32\Wbem;C:\Windows\System32\WindowsPowerShell\v1.0\;C:\Windows\System32\OpenSSH\;C:\Program Files (x86)\Intel\Intel(R) Management Engine Components\DAL;C:\Program Files\Intel\Intel(R) Management Engine Components\DAL;C:\Program Files\dotnet\;C:\Program Files\nodejs\;C:\ProgramData\chocolatey\bin;C:\Program Files\Git\cmd;C:\Program Files\MySQL\MySQL Shell 8.0\bin\;C:\Users\mahdj\AppData\Local\Programs\Python\Python39\Scripts\;C:\Users\mahdj\AppData\Local\Programs\Python\Python39\;C:\Users\mahdj\AppData\Local\Microsoft\WindowsApps;C:\Users\mahdj\AppData\Local\Programs\Microsoft VS Code\bin;C:\Users\mahdj\AppData\Local\GitHubDesktop\bin;C:\Users\mahdj\.dotnet\tools;C:\HyperTerminal\resources\bin;C:\Users\mahdj\AppData\Roaming\npm
USERNAME=mahdj
OS=Windows_NT
PROCESSOR_IDENTIFIER=Intel64 Family 6 Model 78 Stepping 3, GenuineIntel



---------------  S Y S T E M  ---------------

OS: Windows 10 , 64 bit Build 19041 (10.0.19041.1645)
OS uptime: 0 days 1:56 hours

CPU:total 4 (initial active 4) (2 cores per cpu, 2 threads per core) family 6 model 78 stepping 3 microcode 0xec, cmov, cx8, fxsr, mmx, sse, sse2, sse3, ssse3, sse4.1, sse4.2, popcnt, avx, avx2, aes, clmul, erms, rtm, 3dnowpref, lzcnt, ht, tsc, tscinvbit, bmi1, bmi2, adx, fma

Memory: 4k page, system-wide physical 7558M (489M free)
TotalPageFile size 12500M (AvailPageFile size 24M)
current process WorkingSet (physical memory assigned to process): 528M, peak: 534M
current process commit charge ("private bytes"): 671M, peak: 730M

vm_info: OpenJDK 64-Bit Server VM (11.0.11+9-b60-7590822) for windows-amd64 JRE (11.0.11+9-b60-7590822), built on Jul 29 2021 21:43:44 by "builder" with MS VC++ 14.0 (VS2015)

END.
